2025-05-04 21:41:45,135 - root - INFO - Logging initialized. Log file: C:\Users\DELL\Documents\augment-projects\Atlassian Confluence Data Pipeline\logs\confluence_pipeline_20250504_214145.log
2025-05-04 21:41:45,135 - api_client.confluence_client - DEBUG - Using base URL: https://metricstream.atlassian.net/wiki
2025-05-04 21:41:45,135 - api_client.confluence_client - DEBUG - Using API URL: https://metricstream.atlassian.net/wiki/rest/api
2025-05-04 21:41:45,135 - utils.state_manager - INFO - State file not found at C:\Users\DELL\Documents\augment-projects\Atlassian Confluence Data Pipeline\state.json. Creating new state.
2025-05-04 21:41:45,139 - api_client.confluence_client - DEBUG - Using base URL: https://metricstream.atlassian.net/wiki
2025-05-04 21:41:45,139 - api_client.confluence_client - DEBUG - Using API URL: https://metricstream.atlassian.net/wiki/rest/api
2025-05-04 21:41:45,139 - output_generator.html_to_pdf_converter - INFO - Using wkhtmltopdf at: C:\Program Files\wkhtmltopdf\bin\wkhtmltopdf.exe
2025-05-04 21:41:45,139 - root - INFO - Fetching all pages in space 'AgenticAI'
2025-05-04 21:41:45,139 - api_client.confluence_client - INFO - Fetching pages in space 'AgenticAI'
2025-05-04 21:41:45,139 - api_client.confluence_client - DEBUG - Making GET request to https://metricstream.atlassian.net/wiki/rest/api/content with params: {'spaceKey': 'AgenticAI', 'type': 'page', 'status': 'current', 'start': 0, 'limit': 100, 'expand': 'body.storage,version,space,ancestors,children.page'}
2025-05-04 21:41:45,145 - urllib3.connectionpool - DEBUG - Starting new HTTPS connection (1): metricstream.atlassian.net:443
2025-05-04 21:41:46,441 - urllib3.connectionpool - DEBUG - https://metricstream.atlassian.net:443 "GET /wiki/rest/api/content?spaceKey=AgenticAI&type=page&status=current&start=0&limit=100&expand=body.storage%2Cversion%2Cspace%2Cancestors%2Cchildren.page HTTP/11" 200 None
2025-05-04 21:41:46,666 - api_client.confluence_client - DEBUG - Full URL requested: https://metricstream.atlassian.net/wiki/rest/api/content?spaceKey=AgenticAI&type=page&status=current&start=0&limit=100&expand=body.storage%2Cversion%2Cspace%2Cancestors%2Cchildren.page
2025-05-04 21:41:46,688 - api_client.confluence_client - INFO - Found 27 pages in space 'AgenticAI'
2025-05-04 21:41:46,688 - root - INFO - Found 27 pages in space 'AgenticAI'
2025-05-04 21:41:46,690 - utils.state_manager - INFO - State file not found at C:\Users\DELL\Documents\augment-projects\Atlassian Confluence Data Pipeline\state.json. Creating new state.
2025-05-04 21:41:46,690 - root - INFO - First time processing space 'AgenticAI' - optimizing state checks
2025-05-04 21:41:46,690 - root - INFO - Processing page 'AgenticAI' (ID: 473268916)
2025-05-04 21:41:46,697 - output_generator.html_generator - INFO - Generating HTML for page 'AgenticAI' (ID: 473268916)
2025-05-04 21:41:46,717 - output_generator.html_generator - INFO - HTML saved to C:\Users\DELL\Documents\augment-projects\Atlassian Confluence Data Pipeline\output\html\AgenticAI\AgenticAI_473268916.html
2025-05-04 21:41:46,722 - root - INFO - Converting HTML to PDF: C:\Users\DELL\Documents\augment-projects\Atlassian Confluence Data Pipeline\output\html\AgenticAI\AgenticAI_473268916.html -> C:\Users\DELL\Documents\augment-projects\Atlassian Confluence Data Pipeline\output\pdf\AgenticAI\AgenticAI_473268916.pdf
2025-05-04 21:41:46,724 - output_generator.html_to_pdf_converter - INFO - Converting HTML file C:\Users\DELL\Documents\augment-projects\Atlassian Confluence Data Pipeline\output\html\AgenticAI\AgenticAI_473268916.html to PDF C:\Users\DELL\Documents\augment-projects\Atlassian Confluence Data Pipeline\output\pdf\AgenticAI\AgenticAI_473268916.pdf
2025-05-04 21:41:49,829 - output_generator.html_to_pdf_converter - INFO - Successfully converted HTML to PDF: C:\Users\DELL\Documents\augment-projects\Atlassian Confluence Data Pipeline\output\pdf\AgenticAI\AgenticAI_473268916.pdf
2025-05-04 21:41:49,829 - root - INFO - Successfully converted HTML to PDF for page 'AgenticAI' (ID: 473268916)
2025-05-04 21:41:49,831 - utils.state_manager - INFO - Saved state for 1 pages
2025-05-04 21:41:49,833 - root - INFO - Processing page 'Template - How-to guide' (ID: 473268937)
2025-05-04 21:41:49,835 - output_generator.html_generator - INFO - Generating HTML for page 'Template - How-to guide' (ID: 473268937)
2025-05-04 21:41:49,837 - output_generator.html_generator - INFO - HTML saved to C:\Users\DELL\Documents\augment-projects\Atlassian Confluence Data Pipeline\output\html\AgenticAI\Template - How-to guide_473268937.html
2025-05-04 21:41:49,843 - root - INFO - Converting HTML to PDF: C:\Users\DELL\Documents\augment-projects\Atlassian Confluence Data Pipeline\output\html\AgenticAI\Template - How-to guide_473268937.html -> C:\Users\DELL\Documents\augment-projects\Atlassian Confluence Data Pipeline\output\pdf\AgenticAI\Template - How-to guide_473268937.pdf
2025-05-04 21:41:49,845 - output_generator.html_to_pdf_converter - INFO - Converting HTML file C:\Users\DELL\Documents\augment-projects\Atlassian Confluence Data Pipeline\output\html\AgenticAI\Template - How-to guide_473268937.html to PDF C:\Users\DELL\Documents\augment-projects\Atlassian Confluence Data Pipeline\output\pdf\AgenticAI\Template - How-to guide_473268937.pdf
2025-05-04 21:41:52,834 - output_generator.html_to_pdf_converter - INFO - Successfully converted HTML to PDF: C:\Users\DELL\Documents\augment-projects\Atlassian Confluence Data Pipeline\output\pdf\AgenticAI\Template - How-to guide_473268937.pdf
2025-05-04 21:41:52,834 - root - INFO - Successfully converted HTML to PDF for page 'Template - How-to guide' (ID: 473268937)
2025-05-04 21:41:52,834 - utils.state_manager - INFO - Saved state for 2 pages
2025-05-04 21:41:52,834 - root - INFO - Processing page 'Template - Troubleshooting article' (ID: 473268952)
2025-05-04 21:41:52,838 - output_generator.html_generator - INFO - Generating HTML for page 'Template - Troubleshooting article' (ID: 473268952)
2025-05-04 21:41:52,845 - output_generator.html_generator - INFO - HTML saved to C:\Users\DELL\Documents\augment-projects\Atlassian Confluence Data Pipeline\output\html\AgenticAI\Template - Troubleshooting article_473268952.html
2025-05-04 21:41:52,847 - root - INFO - Converting HTML to PDF: C:\Users\DELL\Documents\augment-projects\Atlassian Confluence Data Pipeline\output\html\AgenticAI\Template - Troubleshooting article_473268952.html -> C:\Users\DELL\Documents\augment-projects\Atlassian Confluence Data Pipeline\output\pdf\AgenticAI\Template - Troubleshooting article_473268952.pdf
2025-05-04 21:41:52,848 - output_generator.html_to_pdf_converter - INFO - Converting HTML file C:\Users\DELL\Documents\augment-projects\Atlassian Confluence Data Pipeline\output\html\AgenticAI\Template - Troubleshooting article_473268952.html to PDF C:\Users\DELL\Documents\augment-projects\Atlassian Confluence Data Pipeline\output\pdf\AgenticAI\Template - Troubleshooting article_473268952.pdf
2025-05-04 21:41:56,179 - output_generator.html_to_pdf_converter - INFO - Successfully converted HTML to PDF: C:\Users\DELL\Documents\augment-projects\Atlassian Confluence Data Pipeline\output\pdf\AgenticAI\Template - Troubleshooting article_473268952.pdf
2025-05-04 21:41:56,179 - root - INFO - Successfully converted HTML to PDF for page 'Template - Troubleshooting article' (ID: 473268952)
2025-05-04 21:41:56,179 - utils.state_manager - INFO - Saved state for 3 pages
2025-05-04 21:41:56,179 - root - INFO - Processing page 'Documentation & Support Agent' (ID: 473269082)
2025-05-04 21:41:56,179 - output_generator.html_generator - INFO - Generating HTML for page 'Documentation & Support Agent' (ID: 473269082)
2025-05-04 21:41:56,210 - output_generator.html_generator - INFO - HTML saved to C:\Users\DELL\Documents\augment-projects\Atlassian Confluence Data Pipeline\output\html\AgenticAI\Documentation & Support Agent_473269082.html
2025-05-04 21:41:56,216 - root - INFO - Converting HTML to PDF: C:\Users\DELL\Documents\augment-projects\Atlassian Confluence Data Pipeline\output\html\AgenticAI\Documentation & Support Agent_473269082.html -> C:\Users\DELL\Documents\augment-projects\Atlassian Confluence Data Pipeline\output\pdf\AgenticAI\Documentation & Support Agent_473269082.pdf
2025-05-04 21:41:56,216 - output_generator.html_to_pdf_converter - INFO - Converting HTML file C:\Users\DELL\Documents\augment-projects\Atlassian Confluence Data Pipeline\output\html\AgenticAI\Documentation & Support Agent_473269082.html to PDF C:\Users\DELL\Documents\augment-projects\Atlassian Confluence Data Pipeline\output\pdf\AgenticAI\Documentation & Support Agent_473269082.pdf
2025-05-04 21:41:59,958 - output_generator.html_to_pdf_converter - INFO - Successfully converted HTML to PDF: C:\Users\DELL\Documents\augment-projects\Atlassian Confluence Data Pipeline\output\pdf\AgenticAI\Documentation & Support Agent_473269082.pdf
2025-05-04 21:41:59,962 - root - INFO - Successfully converted HTML to PDF for page 'Documentation & Support Agent' (ID: 473269082)
2025-05-04 21:41:59,966 - utils.state_manager - INFO - Saved state for 4 pages
2025-05-04 21:41:59,966 - root - INFO - Processing page 'API Listing and Details' (ID: 473530691)
2025-05-04 21:41:59,972 - output_generator.html_generator - INFO - Generating HTML for page 'API Listing and Details' (ID: 473530691)
2025-05-04 21:42:00,084 - utils.html_cleaner - DEBUG - Replaced ac:image tag with img tag for image-20250426-014926.png
2025-05-04 21:42:00,112 - api_client.confluence_client - DEBUG - Downloading attachment from URL: https://metricstream.atlassian.net/wiki/download/attachments/473530691/image-20250426-014926.png
2025-05-04 21:42:00,116 - urllib3.connectionpool - DEBUG - Starting new HTTPS connection (1): metricstream.atlassian.net:443
2025-05-04 21:42:00,981 - urllib3.connectionpool - DEBUG - https://metricstream.atlassian.net:443 "GET /wiki/download/attachments/473530691/image-20250426-014926.png HTTP/11" 302 0
2025-05-04 21:42:00,996 - urllib3.connectionpool - DEBUG - Starting new HTTPS connection (1): api.media.atlassian.com:443
2025-05-04 21:42:01,548 - urllib3.connectionpool - DEBUG - https://api.media.atlassian.com:443 "GET /file/434db8c9-d213-4ca8-b6de-a659fdef462a/binary?token=eyJhbGciOiJIUzI1NiJ9.eyJpc3MiOiI3OWJlZGVkZC1iMGZmLTQyZDAtOGI1NC1mODQwYjliM2U1MWYiLCJhY2Nlc3MiOnsidXJuOmZpbGVzdG9yZTpmaWxlOjQzNGRiOGM5LWQyMTMtNGNhOC1iNmRlLWE2NTlmZGVmNDYyYSI6WyJyZWFkIl19LCJleHAiOjE3NDY0NTgwNDEsIm5iZiI6MTc0NjM3NTEyMSwiYWFJZCI6IjcxMjAyMDo0ZTUyYzIwYS0zYzFmLTQ4MjUtODJhYS1kOGNiMWZkOGZmOWIifQ.tRkotNMwlIEktPy72KbsHO9siM0udfiqfbV3lZRPiPA&client=79bededd-b0ff-42d0-8b54-f840b9b3e51f&name=image-20250426-014926.png HTTP/11" 200 523373
2025-05-04 21:42:01,765 - output_generator.html_generator - DEBUG - Embedded image image-20250426-014926.png in HTML content
2025-05-04 21:42:01,777 - output_generator.html_generator - INFO - HTML saved to C:\Users\DELL\Documents\augment-projects\Atlassian Confluence Data Pipeline\output\html\AgenticAI\API Listing and Details_473530691.html
2025-05-04 21:42:01,784 - root - INFO - Converting HTML to PDF: C:\Users\DELL\Documents\augment-projects\Atlassian Confluence Data Pipeline\output\html\AgenticAI\API Listing and Details_473530691.html -> C:\Users\DELL\Documents\augment-projects\Atlassian Confluence Data Pipeline\output\pdf\AgenticAI\API Listing and Details_473530691.pdf
2025-05-04 21:42:01,784 - output_generator.html_to_pdf_converter - INFO - Converting HTML file C:\Users\DELL\Documents\augment-projects\Atlassian Confluence Data Pipeline\output\html\AgenticAI\API Listing and Details_473530691.html to PDF C:\Users\DELL\Documents\augment-projects\Atlassian Confluence Data Pipeline\output\pdf\AgenticAI\API Listing and Details_473530691.pdf
2025-05-04 21:42:05,502 - output_generator.html_to_pdf_converter - INFO - Successfully converted HTML to PDF: C:\Users\DELL\Documents\augment-projects\Atlassian Confluence Data Pipeline\output\pdf\AgenticAI\API Listing and Details_473530691.pdf
2025-05-04 21:42:05,505 - root - INFO - Successfully converted HTML to PDF for page 'API Listing and Details' (ID: 473530691)
2025-05-04 21:42:05,508 - utils.state_manager - INFO - Saved state for 5 pages
2025-05-04 21:42:05,510 - root - INFO - Processing page 'Tasks for Doc or Support Agent' (ID: 473595975)
2025-05-04 21:42:05,514 - output_generator.html_generator - INFO - Generating HTML for page 'Tasks for Doc or Support Agent' (ID: 473595975)
2025-05-04 21:42:05,579 - output_generator.html_generator - INFO - HTML saved to C:\Users\DELL\Documents\augment-projects\Atlassian Confluence Data Pipeline\output\html\AgenticAI\Tasks for Doc or Support Agent_473595975.html
2025-05-04 21:42:05,581 - root - INFO - Converting HTML to PDF: C:\Users\DELL\Documents\augment-projects\Atlassian Confluence Data Pipeline\output\html\AgenticAI\Tasks for Doc or Support Agent_473595975.html -> C:\Users\DELL\Documents\augment-projects\Atlassian Confluence Data Pipeline\output\pdf\AgenticAI\Tasks for Doc or Support Agent_473595975.pdf
2025-05-04 21:42:05,583 - output_generator.html_to_pdf_converter - INFO - Converting HTML file C:\Users\DELL\Documents\augment-projects\Atlassian Confluence Data Pipeline\output\html\AgenticAI\Tasks for Doc or Support Agent_473595975.html to PDF C:\Users\DELL\Documents\augment-projects\Atlassian Confluence Data Pipeline\output\pdf\AgenticAI\Tasks for Doc or Support Agent_473595975.pdf
2025-05-04 21:42:09,532 - output_generator.html_to_pdf_converter - INFO - Successfully converted HTML to PDF: C:\Users\DELL\Documents\augment-projects\Atlassian Confluence Data Pipeline\output\pdf\AgenticAI\Tasks for Doc or Support Agent_473595975.pdf
2025-05-04 21:42:09,537 - root - INFO - Successfully converted HTML to PDF for page 'Tasks for Doc or Support Agent' (ID: 473595975)
2025-05-04 21:42:09,544 - utils.state_manager - INFO - Saved state for 6 pages
2025-05-04 21:42:09,547 - root - INFO - Processing page 'Agentic Solution - Architecture' (ID: 473595989)
2025-05-04 21:42:09,552 - output_generator.html_generator - INFO - Generating HTML for page 'Agentic Solution - Architecture' (ID: 473595989)
2025-05-04 21:42:09,662 - utils.html_cleaner - DEBUG - Replaced ac:image tag with img tag for AgenticSolution-Architecture Diagram (1).png
2025-05-04 21:42:09,662 - utils.html_cleaner - DEBUG - Replaced ac:image tag with img tag for metric-stream-kubernetes.png
2025-05-04 21:42:09,666 - utils.html_cleaner - DEBUG - Replaced ac:image tag with img tag for image1.png
2025-05-04 21:42:09,712 - api_client.confluence_client - DEBUG - Downloading attachment from URL: https://metricstream.atlassian.net/wiki/download/attachments/473595989/AgenticSolution-Architecture Diagram (1).png
2025-05-04 21:42:10,449 - urllib3.connectionpool - DEBUG - https://metricstream.atlassian.net:443 "GET /wiki/download/attachments/473595989/AgenticSolution-Architecture%20Diagram%20(1).png HTTP/11" 302 0
2025-05-04 21:42:10,800 - urllib3.connectionpool - DEBUG - https://api.media.atlassian.com:443 "GET /file/dd4c381d-3a04-4776-ba12-9336430d94f8/binary?token=eyJhbGciOiJIUzI1NiJ9.eyJpc3MiOiI3OWJlZGVkZC1iMGZmLTQyZDAtOGI1NC1mODQwYjliM2U1MWYiLCJhY2Nlc3MiOnsidXJuOmZpbGVzdG9yZTpmaWxlOmRkNGMzODFkLTNhMDQtNDc3Ni1iYTEyLTkzMzY0MzBkOTRmOCI6WyJyZWFkIl19LCJleHAiOjE3NDY0NTgwNTEsIm5iZiI6MTc0NjM3NTEzMSwiYWFJZCI6IjcxMjAyMDo0ZTUyYzIwYS0zYzFmLTQ4MjUtODJhYS1kOGNiMWZkOGZmOWIifQ.uU6hzqConibJzAughwgjTE-R8jQ044xU-JzzwLC9YNY&client=79bededd-b0ff-42d0-8b54-f840b9b3e51f&name=AgenticSolution-Architecture%20Diagram%20%281%29.png HTTP/11" 200 67281
2025-05-04 21:42:10,831 - output_generator.html_generator - DEBUG - Embedded image AgenticSolution-Architecture Diagram (1).png in HTML content
2025-05-04 21:42:10,831 - api_client.confluence_client - DEBUG - Downloading attachment from URL: https://metricstream.atlassian.net/wiki/download/attachments/473595989/metric-stream-kubernetes.png
2025-05-04 21:42:11,133 - urllib3.connectionpool - DEBUG - https://metricstream.atlassian.net:443 "GET /wiki/download/attachments/473595989/metric-stream-kubernetes.png HTTP/11" 302 0
2025-05-04 21:42:11,485 - urllib3.connectionpool - DEBUG - https://api.media.atlassian.com:443 "GET /file/8e835ae9-11b6-48da-8a6f-73c9941365f0/binary?token=eyJhbGciOiJIUzI1NiJ9.eyJpc3MiOiI3OWJlZGVkZC1iMGZmLTQyZDAtOGI1NC1mODQwYjliM2U1MWYiLCJhY2Nlc3MiOnsidXJuOmZpbGVzdG9yZTpmaWxlOjhlODM1YWU5LTExYjYtNDhkYS04YTZmLTczYzk5NDEzNjVmMCI6WyJyZWFkIl19LCJleHAiOjE3NDY0NTgwNTEsIm5iZiI6MTc0NjM3NTEzMSwiYWFJZCI6IjcxMjAyMDo0ZTUyYzIwYS0zYzFmLTQ4MjUtODJhYS1kOGNiMWZkOGZmOWIifQ.ECoLDNAMviwjsPrI4oCvqrGZP721IDQYDrzI0eHRwo0&client=79bededd-b0ff-42d0-8b54-f840b9b3e51f&name=metric-stream-kubernetes.png HTTP/11" 200 266648
2025-05-04 21:42:11,641 - output_generator.html_generator - DEBUG - Embedded image metric-stream-kubernetes.png in HTML content
2025-05-04 21:42:11,641 - api_client.confluence_client - DEBUG - Downloading attachment from URL: https://metricstream.atlassian.net/wiki/download/attachments/473595989/image1.png
2025-05-04 21:42:11,907 - urllib3.connectionpool - DEBUG - https://metricstream.atlassian.net:443 "GET /wiki/download/attachments/473595989/image1.png HTTP/11" 302 0
2025-05-04 21:42:12,272 - urllib3.connectionpool - DEBUG - https://api.media.atlassian.com:443 "GET /file/7a433123-1d2d-43d4-8493-5d9fb6498694/binary?token=eyJhbGciOiJIUzI1NiJ9.eyJpc3MiOiI3OWJlZGVkZC1iMGZmLTQyZDAtOGI1NC1mODQwYjliM2U1MWYiLCJhY2Nlc3MiOnsidXJuOmZpbGVzdG9yZTpmaWxlOjdhNDMzMTIzLTFkMmQtNDNkNC04NDkzLTVkOWZiNjQ5ODY5NCI6WyJyZWFkIl19LCJleHAiOjE3NDY0NTgwNTIsIm5iZiI6MTc0NjM3NTEzMiwiYWFJZCI6IjcxMjAyMDo0ZTUyYzIwYS0zYzFmLTQ4MjUtODJhYS1kOGNiMWZkOGZmOWIifQ.sUON9wGDqV3ncJuDfZhKfXA-i8di8MCq0qJ6fJjpKE0&client=79bededd-b0ff-42d0-8b54-f840b9b3e51f&name=image1.png HTTP/11" 200 154782
2025-05-04 21:42:12,405 - output_generator.html_generator - DEBUG - Embedded image image1.png in HTML content
2025-05-04 21:42:12,411 - output_generator.html_generator - INFO - HTML saved to C:\Users\DELL\Documents\augment-projects\Atlassian Confluence Data Pipeline\output\html\AgenticAI\Agentic Solution - Architecture_473595989.html
2025-05-04 21:42:12,421 - root - INFO - Converting HTML to PDF: C:\Users\DELL\Documents\augment-projects\Atlassian Confluence Data Pipeline\output\html\AgenticAI\Agentic Solution - Architecture_473595989.html -> C:\Users\DELL\Documents\augment-projects\Atlassian Confluence Data Pipeline\output\pdf\AgenticAI\Agentic Solution - Architecture_473595989.pdf
2025-05-04 21:42:12,423 - output_generator.html_to_pdf_converter - INFO - Converting HTML file C:\Users\DELL\Documents\augment-projects\Atlassian Confluence Data Pipeline\output\html\AgenticAI\Agentic Solution - Architecture_473595989.html to PDF C:\Users\DELL\Documents\augment-projects\Atlassian Confluence Data Pipeline\output\pdf\AgenticAI\Agentic Solution - Architecture_473595989.pdf
2025-05-04 21:42:17,307 - output_generator.html_to_pdf_converter - INFO - Successfully converted HTML to PDF: C:\Users\DELL\Documents\augment-projects\Atlassian Confluence Data Pipeline\output\pdf\AgenticAI\Agentic Solution - Architecture_473595989.pdf
2025-05-04 21:42:17,307 - root - INFO - Successfully converted HTML to PDF for page 'Agentic Solution - Architecture' (ID: 473595989)
2025-05-04 21:42:17,307 - utils.state_manager - INFO - Saved state for 7 pages
2025-05-04 21:42:17,307 - root - INFO - Processing page 'Upgrade Documentation' (ID: 473596002)
2025-05-04 21:42:17,307 - output_generator.html_generator - INFO - Generating HTML for page 'Upgrade Documentation' (ID: 473596002)
2025-05-04 21:42:17,314 - output_generator.html_generator - INFO - HTML saved to C:\Users\DELL\Documents\augment-projects\Atlassian Confluence Data Pipeline\output\html\AgenticAI\Upgrade Documentation_473596002.html
2025-05-04 21:42:17,316 - root - INFO - Converting HTML to PDF: C:\Users\DELL\Documents\augment-projects\Atlassian Confluence Data Pipeline\output\html\AgenticAI\Upgrade Documentation_473596002.html -> C:\Users\DELL\Documents\augment-projects\Atlassian Confluence Data Pipeline\output\pdf\AgenticAI\Upgrade Documentation_473596002.pdf
2025-05-04 21:42:17,316 - output_generator.html_to_pdf_converter - INFO - Converting HTML file C:\Users\DELL\Documents\augment-projects\Atlassian Confluence Data Pipeline\output\html\AgenticAI\Upgrade Documentation_473596002.html to PDF C:\Users\DELL\Documents\augment-projects\Atlassian Confluence Data Pipeline\output\pdf\AgenticAI\Upgrade Documentation_473596002.pdf
2025-05-04 21:42:20,656 - output_generator.html_to_pdf_converter - INFO - Successfully converted HTML to PDF: C:\Users\DELL\Documents\augment-projects\Atlassian Confluence Data Pipeline\output\pdf\AgenticAI\Upgrade Documentation_473596002.pdf
2025-05-04 21:42:20,656 - root - INFO - Successfully converted HTML to PDF for page 'Upgrade Documentation' (ID: 473596002)
2025-05-04 21:42:20,656 - utils.state_manager - INFO - Saved state for 8 pages
2025-05-04 21:42:20,663 - root - INFO - Processing page 'Code Conversion' (ID: 473596020)
2025-05-04 21:42:20,664 - output_generator.html_generator - INFO - Generating HTML for page 'Code Conversion' (ID: 473596020)
2025-05-04 21:42:20,668 - output_generator.html_generator - INFO - HTML saved to C:\Users\DELL\Documents\augment-projects\Atlassian Confluence Data Pipeline\output\html\AgenticAI\Code Conversion_473596020.html
2025-05-04 21:42:20,668 - root - INFO - Converting HTML to PDF: C:\Users\DELL\Documents\augment-projects\Atlassian Confluence Data Pipeline\output\html\AgenticAI\Code Conversion_473596020.html -> C:\Users\DELL\Documents\augment-projects\Atlassian Confluence Data Pipeline\output\pdf\AgenticAI\Code Conversion_473596020.pdf
2025-05-04 21:42:20,671 - output_generator.html_to_pdf_converter - INFO - Converting HTML file C:\Users\DELL\Documents\augment-projects\Atlassian Confluence Data Pipeline\output\html\AgenticAI\Code Conversion_473596020.html to PDF C:\Users\DELL\Documents\augment-projects\Atlassian Confluence Data Pipeline\output\pdf\AgenticAI\Code Conversion_473596020.pdf
2025-05-04 21:42:23,595 - output_generator.html_to_pdf_converter - INFO - Successfully converted HTML to PDF: C:\Users\DELL\Documents\augment-projects\Atlassian Confluence Data Pipeline\output\pdf\AgenticAI\Code Conversion_473596020.pdf
2025-05-04 21:42:23,595 - root - INFO - Successfully converted HTML to PDF for page 'Code Conversion' (ID: 473596020)
2025-05-04 21:42:23,601 - utils.state_manager - INFO - Saved state for 9 pages
2025-05-04 21:42:23,604 - root - INFO - Processing page 'Editor usecase for Developer community- JS' (ID: 473596031)
2025-05-04 21:42:23,604 - output_generator.html_generator - INFO - Generating HTML for page 'Editor usecase for Developer community- JS' (ID: 473596031)
2025-05-04 21:42:23,612 - output_generator.html_generator - INFO - HTML saved to C:\Users\DELL\Documents\augment-projects\Atlassian Confluence Data Pipeline\output\html\AgenticAI\Editor usecase for Developer community- JS_473596031.html
2025-05-04 21:42:23,612 - root - INFO - Converting HTML to PDF: C:\Users\DELL\Documents\augment-projects\Atlassian Confluence Data Pipeline\output\html\AgenticAI\Editor usecase for Developer community- JS_473596031.html -> C:\Users\DELL\Documents\augment-projects\Atlassian Confluence Data Pipeline\output\pdf\AgenticAI\Editor usecase for Developer community- JS_473596031.pdf
2025-05-04 21:42:23,612 - output_generator.html_to_pdf_converter - INFO - Converting HTML file C:\Users\DELL\Documents\augment-projects\Atlassian Confluence Data Pipeline\output\html\AgenticAI\Editor usecase for Developer community- JS_473596031.html to PDF C:\Users\DELL\Documents\augment-projects\Atlassian Confluence Data Pipeline\output\pdf\AgenticAI\Editor usecase for Developer community- JS_473596031.pdf
2025-05-04 21:42:26,520 - output_generator.html_to_pdf_converter - INFO - Successfully converted HTML to PDF: C:\Users\DELL\Documents\augment-projects\Atlassian Confluence Data Pipeline\output\pdf\AgenticAI\Editor usecase for Developer community- JS_473596031.pdf
2025-05-04 21:42:26,520 - root - INFO - Successfully converted HTML to PDF for page 'Editor usecase for Developer community- JS' (ID: 473596031)
2025-05-04 21:42:26,520 - utils.state_manager - INFO - Saved state for 10 pages
2025-05-04 21:42:26,526 - root - INFO - Processing page 'Agentic Solution – Phase-wise Delivery Plan' (ID: 473628714)
2025-05-04 21:42:26,526 - output_generator.html_generator - INFO - Generating HTML for page 'Agentic Solution – Phase-wise Delivery Plan' (ID: 473628714)
2025-05-04 21:42:26,567 - output_generator.html_generator - INFO - HTML saved to C:\Users\DELL\Documents\augment-projects\Atlassian Confluence Data Pipeline\output\html\AgenticAI\Agentic Solution – Phase-wise Delivery Plan_473628714.html
2025-05-04 21:42:26,607 - root - INFO - Converting HTML to PDF: C:\Users\DELL\Documents\augment-projects\Atlassian Confluence Data Pipeline\output\html\AgenticAI\Agentic Solution – Phase-wise Delivery Plan_473628714.html -> C:\Users\DELL\Documents\augment-projects\Atlassian Confluence Data Pipeline\output\pdf\AgenticAI\Agentic Solution – Phase-wise Delivery Plan_473628714.pdf
2025-05-04 21:42:26,614 - output_generator.html_to_pdf_converter - INFO - Converting HTML file C:\Users\DELL\Documents\augment-projects\Atlassian Confluence Data Pipeline\output\html\AgenticAI\Agentic Solution – Phase-wise Delivery Plan_473628714.html to PDF C:\Users\DELL\Documents\augment-projects\Atlassian Confluence Data Pipeline\output\pdf\AgenticAI\Agentic Solution – Phase-wise Delivery Plan_473628714.pdf
2025-05-04 21:42:30,126 - output_generator.html_to_pdf_converter - INFO - Successfully converted HTML to PDF: C:\Users\DELL\Documents\augment-projects\Atlassian Confluence Data Pipeline\output\pdf\AgenticAI\Agentic Solution – Phase-wise Delivery Plan_473628714.pdf
2025-05-04 21:42:30,126 - root - INFO - Successfully converted HTML to PDF for page 'Agentic Solution – Phase-wise Delivery Plan' (ID: 473628714)
2025-05-04 21:42:30,126 - utils.state_manager - INFO - Saved state for 11 pages
2025-05-04 21:42:30,126 - root - INFO - Processing page 'Doc Agent - Code Flow - Current - as of 25-Apr-2025' (ID: 473628775)
2025-05-04 21:42:30,133 - output_generator.html_generator - INFO - Generating HTML for page 'Doc Agent - Code Flow - Current - as of 25-Apr-2025' (ID: 473628775)
2025-05-04 21:42:30,143 - utils.html_cleaner - DEBUG - Replaced ac:image tag with img tag for GRCChatbot-SeqDiagram-2025-01-24-163300.png
2025-05-04 21:42:30,143 - api_client.confluence_client - DEBUG - Downloading attachment from URL: https://metricstream.atlassian.net/wiki/download/attachments/473628775/GRCChatbot-SeqDiagram-2025-01-24-163300.png
2025-05-04 21:42:30,425 - urllib3.connectionpool - DEBUG - https://metricstream.atlassian.net:443 "GET /wiki/download/attachments/473628775/GRCChatbot-SeqDiagram-2025-01-24-163300.png HTTP/11" 302 0
2025-05-04 21:42:30,801 - urllib3.connectionpool - DEBUG - https://api.media.atlassian.com:443 "GET /file/26d35181-722a-4963-be50-3fc0e64e0f1b/binary?token=eyJhbGciOiJIUzI1NiJ9.eyJpc3MiOiI3OWJlZGVkZC1iMGZmLTQyZDAtOGI1NC1mODQwYjliM2U1MWYiLCJhY2Nlc3MiOnsidXJuOmZpbGVzdG9yZTpmaWxlOjI2ZDM1MTgxLTcyMmEtNDk2My1iZTUwLTNmYzBlNjRlMGYxYiI6WyJyZWFkIl19LCJleHAiOjE3NDY0NTgwNzEsIm5iZiI6MTc0NjM3NTE1MSwiYWFJZCI6IjcxMjAyMDo0ZTUyYzIwYS0zYzFmLTQ4MjUtODJhYS1kOGNiMWZkOGZmOWIifQ.rUzycmjtvip77IxRtxclMUVEB3C9ADd59lloUEyF3zM&client=79bededd-b0ff-42d0-8b54-f840b9b3e51f&name=GRCChatbot-SeqDiagram-2025-01-24-163300.png HTTP/11" 200 341214
2025-05-04 21:42:30,928 - output_generator.html_generator - DEBUG - Embedded image GRCChatbot-SeqDiagram-2025-01-24-163300.png in HTML content
2025-05-04 21:42:30,935 - output_generator.html_generator - INFO - HTML saved to C:\Users\DELL\Documents\augment-projects\Atlassian Confluence Data Pipeline\output\html\AgenticAI\Doc Agent - Code Flow - Current - as of 25-Apr-2025_473628775.html
2025-05-04 21:42:30,935 - root - INFO - Converting HTML to PDF: C:\Users\DELL\Documents\augment-projects\Atlassian Confluence Data Pipeline\output\html\AgenticAI\Doc Agent - Code Flow - Current - as of 25-Apr-2025_473628775.html -> C:\Users\DELL\Documents\augment-projects\Atlassian Confluence Data Pipeline\output\pdf\AgenticAI\Doc Agent - Code Flow - Current - as of 25-Apr-2025_473628775.pdf
2025-05-04 21:42:30,935 - output_generator.html_to_pdf_converter - INFO - Converting HTML file C:\Users\DELL\Documents\augment-projects\Atlassian Confluence Data Pipeline\output\html\AgenticAI\Doc Agent - Code Flow - Current - as of 25-Apr-2025_473628775.html to PDF C:\Users\DELL\Documents\augment-projects\Atlassian Confluence Data Pipeline\output\pdf\AgenticAI\Doc Agent - Code Flow - Current - as of 25-Apr-2025_473628775.pdf
2025-05-04 21:42:35,399 - output_generator.html_to_pdf_converter - INFO - Successfully converted HTML to PDF: C:\Users\DELL\Documents\augment-projects\Atlassian Confluence Data Pipeline\output\pdf\AgenticAI\Doc Agent - Code Flow - Current - as of 25-Apr-2025_473628775.pdf
2025-05-04 21:42:35,399 - root - INFO - Successfully converted HTML to PDF for page 'Doc Agent - Code Flow - Current - as of 25-Apr-2025' (ID: 473628775)
2025-05-04 21:42:35,403 - utils.state_manager - INFO - Saved state for 12 pages
2025-05-04 21:42:35,403 - root - INFO - Processing page 'Upgrade Concerns' (ID: 473628787)
2025-05-04 21:42:35,403 - output_generator.html_generator - INFO - Generating HTML for page 'Upgrade Concerns' (ID: 473628787)
2025-05-04 21:42:35,417 - output_generator.html_generator - INFO - HTML saved to C:\Users\DELL\Documents\augment-projects\Atlassian Confluence Data Pipeline\output\html\AgenticAI\Upgrade Concerns_473628787.html
2025-05-04 21:42:35,419 - root - INFO - Converting HTML to PDF: C:\Users\DELL\Documents\augment-projects\Atlassian Confluence Data Pipeline\output\html\AgenticAI\Upgrade Concerns_473628787.html -> C:\Users\DELL\Documents\augment-projects\Atlassian Confluence Data Pipeline\output\pdf\AgenticAI\Upgrade Concerns_473628787.pdf
2025-05-04 21:42:35,419 - output_generator.html_to_pdf_converter - INFO - Converting HTML file C:\Users\DELL\Documents\augment-projects\Atlassian Confluence Data Pipeline\output\html\AgenticAI\Upgrade Concerns_473628787.html to PDF C:\Users\DELL\Documents\augment-projects\Atlassian Confluence Data Pipeline\output\pdf\AgenticAI\Upgrade Concerns_473628787.pdf
2025-05-04 21:42:38,645 - output_generator.html_to_pdf_converter - INFO - Successfully converted HTML to PDF: C:\Users\DELL\Documents\augment-projects\Atlassian Confluence Data Pipeline\output\pdf\AgenticAI\Upgrade Concerns_473628787.pdf
2025-05-04 21:42:38,646 - root - INFO - Successfully converted HTML to PDF for page 'Upgrade Concerns' (ID: 473628787)
2025-05-04 21:42:38,648 - utils.state_manager - INFO - Saved state for 13 pages
2025-05-04 21:42:38,648 - root - INFO - Processing page 'QA Agent' (ID: 473694220)
2025-05-04 21:42:38,648 - output_generator.html_generator - INFO - Generating HTML for page 'QA Agent' (ID: 473694220)
2025-05-04 21:42:38,651 - output_generator.html_generator - INFO - HTML saved to C:\Users\DELL\Documents\augment-projects\Atlassian Confluence Data Pipeline\output\html\AgenticAI\QA Agent_473694220.html
2025-05-04 21:42:38,651 - root - INFO - Converting HTML to PDF: C:\Users\DELL\Documents\augment-projects\Atlassian Confluence Data Pipeline\output\html\AgenticAI\QA Agent_473694220.html -> C:\Users\DELL\Documents\augment-projects\Atlassian Confluence Data Pipeline\output\pdf\AgenticAI\QA Agent_473694220.pdf
2025-05-04 21:42:38,651 - output_generator.html_to_pdf_converter - INFO - Converting HTML file C:\Users\DELL\Documents\augment-projects\Atlassian Confluence Data Pipeline\output\html\AgenticAI\QA Agent_473694220.html to PDF C:\Users\DELL\Documents\augment-projects\Atlassian Confluence Data Pipeline\output\pdf\AgenticAI\QA Agent_473694220.pdf
2025-05-04 21:42:41,351 - output_generator.html_to_pdf_converter - INFO - Successfully converted HTML to PDF: C:\Users\DELL\Documents\augment-projects\Atlassian Confluence Data Pipeline\output\pdf\AgenticAI\QA Agent_473694220.pdf
2025-05-04 21:42:41,351 - root - INFO - Successfully converted HTML to PDF for page 'QA Agent' (ID: 473694220)
2025-05-04 21:42:41,354 - utils.state_manager - INFO - Saved state for 14 pages
2025-05-04 21:42:41,354 - root - INFO - Processing page 'High-Level Design (HLD) for Doc and Support Agent V1' (ID: 474021958)
2025-05-04 21:42:41,356 - output_generator.html_generator - INFO - Generating HTML for page 'High-Level Design (HLD) for Doc and Support Agent V1' (ID: 474021958)
2025-05-04 21:42:41,400 - utils.html_cleaner - DEBUG - Replaced ac:image tag with img tag for GRCSupportAgent.png
2025-05-04 21:42:41,416 - api_client.confluence_client - DEBUG - Downloading attachment from URL: https://metricstream.atlassian.net/wiki/download/attachments/474021958/GRCSupportAgent.png
2025-05-04 21:42:41,705 - urllib3.connectionpool - DEBUG - https://metricstream.atlassian.net:443 "GET /wiki/download/attachments/474021958/GRCSupportAgent.png HTTP/11" 302 0
2025-05-04 21:42:42,072 - urllib3.connectionpool - DEBUG - https://api.media.atlassian.com:443 "GET /file/e434921d-f683-4a47-837b-ffee56996937/binary?token=eyJhbGciOiJIUzI1NiJ9.eyJpc3MiOiI3OWJlZGVkZC1iMGZmLTQyZDAtOGI1NC1mODQwYjliM2U1MWYiLCJhY2Nlc3MiOnsidXJuOmZpbGVzdG9yZTpmaWxlOmU0MzQ5MjFkLWY2ODMtNGE0Ny04MzdiLWZmZWU1Njk5NjkzNyI6WyJyZWFkIl19LCJleHAiOjE3NDY0NTgwODIsIm5iZiI6MTc0NjM3NTE2MiwiYWFJZCI6IjcxMjAyMDo0ZTUyYzIwYS0zYzFmLTQ4MjUtODJhYS1kOGNiMWZkOGZmOWIifQ.sgwutLpbmWFMN8TQus7UITG_rn_wrwH2OIe18ws1Mvs&client=79bededd-b0ff-42d0-8b54-f840b9b3e51f&name=GRCSupportAgent.png HTTP/11" 200 1427748
2025-05-04 21:42:42,831 - output_generator.html_generator - DEBUG - Embedded image GRCSupportAgent.png in HTML content
2025-05-04 21:42:42,854 - output_generator.html_generator - INFO - HTML saved to C:\Users\DELL\Documents\augment-projects\Atlassian Confluence Data Pipeline\output\html\AgenticAI\High-Level Design (HLD) for Doc and Support Agent V1_474021958.html
2025-05-04 21:42:42,860 - root - INFO - Converting HTML to PDF: C:\Users\DELL\Documents\augment-projects\Atlassian Confluence Data Pipeline\output\html\AgenticAI\High-Level Design (HLD) for Doc and Support Agent V1_474021958.html -> C:\Users\DELL\Documents\augment-projects\Atlassian Confluence Data Pipeline\output\pdf\AgenticAI\High-Level Design (HLD) for Doc and Support Agent V1_474021958.pdf
2025-05-04 21:42:42,860 - output_generator.html_to_pdf_converter - INFO - Converting HTML file C:\Users\DELL\Documents\augment-projects\Atlassian Confluence Data Pipeline\output\html\AgenticAI\High-Level Design (HLD) for Doc and Support Agent V1_474021958.html to PDF C:\Users\DELL\Documents\augment-projects\Atlassian Confluence Data Pipeline\output\pdf\AgenticAI\High-Level Design (HLD) for Doc and Support Agent V1_474021958.pdf
2025-05-04 21:42:49,356 - output_generator.html_to_pdf_converter - INFO - Successfully converted HTML to PDF: C:\Users\DELL\Documents\augment-projects\Atlassian Confluence Data Pipeline\output\pdf\AgenticAI\High-Level Design (HLD) for Doc and Support Agent V1_474021958.pdf
2025-05-04 21:42:49,356 - root - INFO - Successfully converted HTML to PDF for page 'High-Level Design (HLD) for Doc and Support Agent V1' (ID: 474021958)
2025-05-04 21:42:49,364 - utils.state_manager - INFO - Saved state for 15 pages
2025-05-04 21:42:49,364 - root - INFO - Processing page 'Agentic AI Project Information' (ID: 474054705)
2025-05-04 21:42:49,364 - output_generator.html_generator - INFO - Generating HTML for page 'Agentic AI Project Information' (ID: 474054705)
2025-05-04 21:42:49,369 - output_generator.html_generator - INFO - HTML saved to C:\Users\DELL\Documents\augment-projects\Atlassian Confluence Data Pipeline\output\html\AgenticAI\Agentic AI Project Information_474054705.html
2025-05-04 21:42:49,375 - root - INFO - Converting HTML to PDF: C:\Users\DELL\Documents\augment-projects\Atlassian Confluence Data Pipeline\output\html\AgenticAI\Agentic AI Project Information_474054705.html -> C:\Users\DELL\Documents\augment-projects\Atlassian Confluence Data Pipeline\output\pdf\AgenticAI\Agentic AI Project Information_474054705.pdf
2025-05-04 21:42:49,375 - output_generator.html_to_pdf_converter - INFO - Converting HTML file C:\Users\DELL\Documents\augment-projects\Atlassian Confluence Data Pipeline\output\html\AgenticAI\Agentic AI Project Information_474054705.html to PDF C:\Users\DELL\Documents\augment-projects\Atlassian Confluence Data Pipeline\output\pdf\AgenticAI\Agentic AI Project Information_474054705.pdf
2025-05-04 21:42:52,484 - output_generator.html_to_pdf_converter - INFO - Successfully converted HTML to PDF: C:\Users\DELL\Documents\augment-projects\Atlassian Confluence Data Pipeline\output\pdf\AgenticAI\Agentic AI Project Information_474054705.pdf
2025-05-04 21:42:52,484 - root - INFO - Successfully converted HTML to PDF for page 'Agentic AI Project Information' (ID: 474054705)
2025-05-04 21:42:52,497 - utils.state_manager - INFO - Saved state for 16 pages
2025-05-04 21:42:52,498 - root - INFO - Processing page 'IUP Route for Metadata Changes - Overall Design' (ID: 474054739)
2025-05-04 21:42:52,502 - output_generator.html_generator - INFO - Generating HTML for page 'IUP Route for Metadata Changes - Overall Design' (ID: 474054739)
2025-05-04 21:42:52,531 - utils.html_cleaner - DEBUG - Replaced ac:image tag with img tag for AgenticSolutionFlow-UsingIUP.png
2025-05-04 21:42:52,556 - api_client.confluence_client - DEBUG - Downloading attachment from URL: https://metricstream.atlassian.net/wiki/download/attachments/474054739/AgenticSolutionFlow-UsingIUP.png
2025-05-04 21:42:52,856 - urllib3.connectionpool - DEBUG - https://metricstream.atlassian.net:443 "GET /wiki/download/attachments/474054739/AgenticSolutionFlow-UsingIUP.png HTTP/11" 302 0
2025-05-04 21:42:53,223 - urllib3.connectionpool - DEBUG - https://api.media.atlassian.com:443 "GET /file/4ef5e024-d439-41e9-95b0-624e860cc930/binary?token=eyJhbGciOiJIUzI1NiJ9.eyJpc3MiOiI3OWJlZGVkZC1iMGZmLTQyZDAtOGI1NC1mODQwYjliM2U1MWYiLCJhY2Nlc3MiOnsidXJuOmZpbGVzdG9yZTpmaWxlOjRlZjVlMDI0LWQ0MzktNDFlOS05NWIwLTYyNGU4NjBjYzkzMCI6WyJyZWFkIl19LCJleHAiOjE3NDY0NTgwOTMsIm5iZiI6MTc0NjM3NTE3MywiYWFJZCI6IjcxMjAyMDo0ZTUyYzIwYS0zYzFmLTQ4MjUtODJhYS1kOGNiMWZkOGZmOWIifQ.6PAOA4PbpsXjKVXFiTH-wF9qpRJ6AakNRAzeabDz91I&client=79bededd-b0ff-42d0-8b54-f840b9b3e51f&name=AgenticSolutionFlow-UsingIUP.png HTTP/11" 200 533094
2025-05-04 21:42:53,744 - output_generator.html_generator - DEBUG - Embedded image AgenticSolutionFlow-UsingIUP.png in HTML content
2025-05-04 21:42:53,764 - output_generator.html_generator - INFO - HTML saved to C:\Users\DELL\Documents\augment-projects\Atlassian Confluence Data Pipeline\output\html\AgenticAI\IUP Route for Metadata Changes - Overall Design_474054739.html
2025-05-04 21:42:53,779 - root - INFO - Converting HTML to PDF: C:\Users\DELL\Documents\augment-projects\Atlassian Confluence Data Pipeline\output\html\AgenticAI\IUP Route for Metadata Changes - Overall Design_474054739.html -> C:\Users\DELL\Documents\augment-projects\Atlassian Confluence Data Pipeline\output\pdf\AgenticAI\IUP Route for Metadata Changes - Overall Design_474054739.pdf
2025-05-04 21:42:53,781 - output_generator.html_to_pdf_converter - INFO - Converting HTML file C:\Users\DELL\Documents\augment-projects\Atlassian Confluence Data Pipeline\output\html\AgenticAI\IUP Route for Metadata Changes - Overall Design_474054739.html to PDF C:\Users\DELL\Documents\augment-projects\Atlassian Confluence Data Pipeline\output\pdf\AgenticAI\IUP Route for Metadata Changes - Overall Design_474054739.pdf
2025-05-04 21:42:58,098 - output_generator.html_to_pdf_converter - INFO - Successfully converted HTML to PDF: C:\Users\DELL\Documents\augment-projects\Atlassian Confluence Data Pipeline\output\pdf\AgenticAI\IUP Route for Metadata Changes - Overall Design_474054739.pdf
2025-05-04 21:42:58,098 - root - INFO - Successfully converted HTML to PDF for page 'IUP Route for Metadata Changes - Overall Design' (ID: 474054739)
2025-05-04 21:42:58,100 - utils.state_manager - INFO - Saved state for 17 pages
2025-05-04 21:42:58,102 - root - INFO - Processing page 'Agentic AI Solution – Repository Structure, Branching, Deployment, and Versioning Strategy' (ID: 474054761)
2025-05-04 21:42:58,102 - output_generator.html_generator - INFO - Generating HTML for page 'Agentic AI Solution – Repository Structure, Branching, Deployment, and Versioning Strategy' (ID: 474054761)
2025-05-04 21:42:58,120 - output_generator.html_generator - INFO - HTML saved to C:\Users\DELL\Documents\augment-projects\Atlassian Confluence Data Pipeline\output\html\AgenticAI\Agentic AI Solution – Repository Structure, Branching, Deployment, and Versioning Strategy_474054761.html
2025-05-04 21:42:58,127 - root - INFO - Converting HTML to PDF: C:\Users\DELL\Documents\augment-projects\Atlassian Confluence Data Pipeline\output\html\AgenticAI\Agentic AI Solution – Repository Structure, Branching, Deployment, and Versioning Strategy_474054761.html -> C:\Users\DELL\Documents\augment-projects\Atlassian Confluence Data Pipeline\output\pdf\AgenticAI\Agentic AI Solution – Repository Structure, Branching, Deployment, and Versioning Strategy_474054761.pdf
2025-05-04 21:42:58,129 - output_generator.html_to_pdf_converter - INFO - Converting HTML file C:\Users\DELL\Documents\augment-projects\Atlassian Confluence Data Pipeline\output\html\AgenticAI\Agentic AI Solution – Repository Structure, Branching, Deployment, and Versioning Strategy_474054761.html to PDF C:\Users\DELL\Documents\augment-projects\Atlassian Confluence Data Pipeline\output\pdf\AgenticAI\Agentic AI Solution – Repository Structure, Branching, Deployment, and Versioning Strategy_474054761.pdf
2025-05-04 21:43:01,331 - output_generator.html_to_pdf_converter - INFO - Successfully converted HTML to PDF: C:\Users\DELL\Documents\augment-projects\Atlassian Confluence Data Pipeline\output\pdf\AgenticAI\Agentic AI Solution – Repository Structure, Branching, Deployment, and Versioning Strategy_474054761.pdf
2025-05-04 21:43:01,331 - root - INFO - Successfully converted HTML to PDF for page 'Agentic AI Solution – Repository Structure, Branching, Deployment, and Versioning Strategy' (ID: 474054761)
2025-05-04 21:43:01,341 - utils.state_manager - INFO - Saved state for 18 pages
2025-05-04 21:43:01,341 - root - INFO - Processing page 'QA Multi-Agent Architecture' (ID: 474185759)
2025-05-04 21:43:01,341 - output_generator.html_generator - INFO - Generating HTML for page 'QA Multi-Agent Architecture' (ID: 474185759)
2025-05-04 21:43:01,344 - utils.html_cleaner - DEBUG - Replaced ac:image tag with img tag for QA-Multi-Agent.png
2025-05-04 21:43:01,346 - api_client.confluence_client - DEBUG - Downloading attachment from URL: https://metricstream.atlassian.net/wiki/download/attachments/474185759/QA-Multi-Agent.png
2025-05-04 21:43:01,628 - urllib3.connectionpool - DEBUG - https://metricstream.atlassian.net:443 "GET /wiki/download/attachments/474185759/QA-Multi-Agent.png HTTP/11" 302 0
2025-05-04 21:43:02,029 - urllib3.connectionpool - DEBUG - https://api.media.atlassian.com:443 "GET /file/7c365187-7f72-4e16-b6d0-29458b6ad1e6/binary?token=eyJhbGciOiJIUzI1NiJ9.eyJpc3MiOiI3OWJlZGVkZC1iMGZmLTQyZDAtOGI1NC1mODQwYjliM2U1MWYiLCJhY2Nlc3MiOnsidXJuOmZpbGVzdG9yZTpmaWxlOjdjMzY1MTg3LTdmNzItNGUxNi1iNmQwLTI5NDU4YjZhZDFlNiI6WyJyZWFkIl19LCJleHAiOjE3NDY0NTgxMDIsIm5iZiI6MTc0NjM3NTE4MiwiYWFJZCI6IjcxMjAyMDo0ZTUyYzIwYS0zYzFmLTQ4MjUtODJhYS1kOGNiMWZkOGZmOWIifQ.tVXvdtEaDtuPo_71opI81qSF6rVTBC1dCdIzj_dMf-U&client=79bededd-b0ff-42d0-8b54-f840b9b3e51f&name=QA-Multi-Agent.png HTTP/11" 200 324096
2025-05-04 21:43:02,413 - output_generator.html_generator - DEBUG - Embedded image QA-Multi-Agent.png in HTML content
2025-05-04 21:43:02,422 - output_generator.html_generator - INFO - HTML saved to C:\Users\DELL\Documents\augment-projects\Atlassian Confluence Data Pipeline\output\html\AgenticAI\QA Multi-Agent Architecture_474185759.html
2025-05-04 21:43:02,422 - root - INFO - Converting HTML to PDF: C:\Users\DELL\Documents\augment-projects\Atlassian Confluence Data Pipeline\output\html\AgenticAI\QA Multi-Agent Architecture_474185759.html -> C:\Users\DELL\Documents\augment-projects\Atlassian Confluence Data Pipeline\output\pdf\AgenticAI\QA Multi-Agent Architecture_474185759.pdf
2025-05-04 21:43:02,427 - output_generator.html_to_pdf_converter - INFO - Converting HTML file C:\Users\DELL\Documents\augment-projects\Atlassian Confluence Data Pipeline\output\html\AgenticAI\QA Multi-Agent Architecture_474185759.html to PDF C:\Users\DELL\Documents\augment-projects\Atlassian Confluence Data Pipeline\output\pdf\AgenticAI\QA Multi-Agent Architecture_474185759.pdf
2025-05-04 21:43:06,778 - output_generator.html_to_pdf_converter - INFO - Successfully converted HTML to PDF: C:\Users\DELL\Documents\augment-projects\Atlassian Confluence Data Pipeline\output\pdf\AgenticAI\QA Multi-Agent Architecture_474185759.pdf
2025-05-04 21:43:06,778 - root - INFO - Successfully converted HTML to PDF for page 'QA Multi-Agent Architecture' (ID: 474185759)
2025-05-04 21:43:06,787 - utils.state_manager - INFO - Saved state for 19 pages
2025-05-04 21:43:06,789 - root - INFO - Processing page 'Requirement Doc - Backbone to React (ES6 Compatible) using Report API' (ID: 477626611)
2025-05-04 21:43:06,789 - output_generator.html_generator - INFO - Generating HTML for page 'Requirement Doc - Backbone to React (ES6 Compatible) using Report API' (ID: 477626611)
2025-05-04 21:43:06,795 - output_generator.html_generator - INFO - HTML saved to C:\Users\DELL\Documents\augment-projects\Atlassian Confluence Data Pipeline\output\html\AgenticAI\Requirement Doc - Backbone to React (ES6 Compatible) using Report API_477626611.html
2025-05-04 21:43:06,797 - root - INFO - Converting HTML to PDF: C:\Users\DELL\Documents\augment-projects\Atlassian Confluence Data Pipeline\output\html\AgenticAI\Requirement Doc - Backbone to React (ES6 Compatible) using Report API_477626611.html -> C:\Users\DELL\Documents\augment-projects\Atlassian Confluence Data Pipeline\output\pdf\AgenticAI\Requirement Doc - Backbone to React (ES6 Compatible) using Report API_477626611.pdf
2025-05-04 21:43:06,797 - output_generator.html_to_pdf_converter - INFO - Converting HTML file C:\Users\DELL\Documents\augment-projects\Atlassian Confluence Data Pipeline\output\html\AgenticAI\Requirement Doc - Backbone to React (ES6 Compatible) using Report API_477626611.html to PDF C:\Users\DELL\Documents\augment-projects\Atlassian Confluence Data Pipeline\output\pdf\AgenticAI\Requirement Doc - Backbone to React (ES6 Compatible) using Report API_477626611.pdf
2025-05-04 21:43:10,168 - output_generator.html_to_pdf_converter - INFO - Successfully converted HTML to PDF: C:\Users\DELL\Documents\augment-projects\Atlassian Confluence Data Pipeline\output\pdf\AgenticAI\Requirement Doc - Backbone to React (ES6 Compatible) using Report API_477626611.pdf
2025-05-04 21:43:10,168 - root - INFO - Successfully converted HTML to PDF for page 'Requirement Doc - Backbone to React (ES6 Compatible) using Report API' (ID: 477626611)
2025-05-04 21:43:10,174 - utils.state_manager - INFO - Saved state for 20 pages
2025-05-04 21:43:10,175 - root - INFO - Processing page 'Requirement Doc - JS to BR' (ID: 477659502)
2025-05-04 21:43:10,175 - output_generator.html_generator - INFO - Generating HTML for page 'Requirement Doc - JS to BR' (ID: 477659502)
2025-05-04 21:43:10,207 - output_generator.html_generator - INFO - HTML saved to C:\Users\DELL\Documents\augment-projects\Atlassian Confluence Data Pipeline\output\html\AgenticAI\Requirement Doc - JS to BR_477659502.html
2025-05-04 21:43:10,210 - root - INFO - Converting HTML to PDF: C:\Users\DELL\Documents\augment-projects\Atlassian Confluence Data Pipeline\output\html\AgenticAI\Requirement Doc - JS to BR_477659502.html -> C:\Users\DELL\Documents\augment-projects\Atlassian Confluence Data Pipeline\output\pdf\AgenticAI\Requirement Doc - JS to BR_477659502.pdf
2025-05-04 21:43:10,210 - output_generator.html_to_pdf_converter - INFO - Converting HTML file C:\Users\DELL\Documents\augment-projects\Atlassian Confluence Data Pipeline\output\html\AgenticAI\Requirement Doc - JS to BR_477659502.html to PDF C:\Users\DELL\Documents\augment-projects\Atlassian Confluence Data Pipeline\output\pdf\AgenticAI\Requirement Doc - JS to BR_477659502.pdf
2025-05-04 21:43:13,771 - output_generator.html_to_pdf_converter - INFO - Successfully converted HTML to PDF: C:\Users\DELL\Documents\augment-projects\Atlassian Confluence Data Pipeline\output\pdf\AgenticAI\Requirement Doc - JS to BR_477659502.pdf
2025-05-04 21:43:13,771 - root - INFO - Successfully converted HTML to PDF for page 'Requirement Doc - JS to BR' (ID: 477659502)
2025-05-04 21:43:13,773 - utils.state_manager - INFO - Saved state for 21 pages
2025-05-04 21:43:13,773 - root - INFO - Processing page 'PL/SQL to Emery Hooks Conversion – Requirements Document' (ID: 477659535)
2025-05-04 21:43:13,773 - output_generator.html_generator - INFO - Generating HTML for page 'PL/SQL to Emery Hooks Conversion – Requirements Document' (ID: 477659535)
2025-05-04 21:43:13,795 - output_generator.html_generator - INFO - HTML saved to C:\Users\DELL\Documents\augment-projects\Atlassian Confluence Data Pipeline\output\html\AgenticAI\PL_SQL to Emery Hooks Conversion – Requirements Document_477659535.html
2025-05-04 21:43:13,795 - root - INFO - Converting HTML to PDF: C:\Users\DELL\Documents\augment-projects\Atlassian Confluence Data Pipeline\output\html\AgenticAI\PL_SQL to Emery Hooks Conversion – Requirements Document_477659535.html -> C:\Users\DELL\Documents\augment-projects\Atlassian Confluence Data Pipeline\output\pdf\AgenticAI\PL_SQL to Emery Hooks Conversion – Requirements Document_477659535.pdf
2025-05-04 21:43:13,797 - output_generator.html_to_pdf_converter - INFO - Converting HTML file C:\Users\DELL\Documents\augment-projects\Atlassian Confluence Data Pipeline\output\html\AgenticAI\PL_SQL to Emery Hooks Conversion – Requirements Document_477659535.html to PDF C:\Users\DELL\Documents\augment-projects\Atlassian Confluence Data Pipeline\output\pdf\AgenticAI\PL_SQL to Emery Hooks Conversion – Requirements Document_477659535.pdf
2025-05-04 21:43:16,778 - output_generator.html_to_pdf_converter - INFO - Successfully converted HTML to PDF: C:\Users\DELL\Documents\augment-projects\Atlassian Confluence Data Pipeline\output\pdf\AgenticAI\PL_SQL to Emery Hooks Conversion – Requirements Document_477659535.pdf
2025-05-04 21:43:16,778 - root - INFO - Successfully converted HTML to PDF for page 'PL/SQL to Emery Hooks Conversion – Requirements Document' (ID: 477659535)
2025-05-04 21:43:16,787 - utils.state_manager - INFO - Saved state for 22 pages
2025-05-04 21:43:16,789 - root - INFO - Processing page 'Requirement Doc - Backbone to React (ES6 Compatible) using mPower API' (ID: 477888517)
2025-05-04 21:43:16,789 - output_generator.html_generator - INFO - Generating HTML for page 'Requirement Doc - Backbone to React (ES6 Compatible) using mPower API' (ID: 477888517)
2025-05-04 21:43:16,794 - output_generator.html_generator - INFO - HTML saved to C:\Users\DELL\Documents\augment-projects\Atlassian Confluence Data Pipeline\output\html\AgenticAI\Requirement Doc - Backbone to React (ES6 Compatible) using mPower API_477888517.html
2025-05-04 21:43:16,794 - root - INFO - Converting HTML to PDF: C:\Users\DELL\Documents\augment-projects\Atlassian Confluence Data Pipeline\output\html\AgenticAI\Requirement Doc - Backbone to React (ES6 Compatible) using mPower API_477888517.html -> C:\Users\DELL\Documents\augment-projects\Atlassian Confluence Data Pipeline\output\pdf\AgenticAI\Requirement Doc - Backbone to React (ES6 Compatible) using mPower API_477888517.pdf
2025-05-04 21:43:16,797 - output_generator.html_to_pdf_converter - INFO - Converting HTML file C:\Users\DELL\Documents\augment-projects\Atlassian Confluence Data Pipeline\output\html\AgenticAI\Requirement Doc - Backbone to React (ES6 Compatible) using mPower API_477888517.html to PDF C:\Users\DELL\Documents\augment-projects\Atlassian Confluence Data Pipeline\output\pdf\AgenticAI\Requirement Doc - Backbone to React (ES6 Compatible) using mPower API_477888517.pdf
2025-05-04 21:43:20,031 - output_generator.html_to_pdf_converter - INFO - Successfully converted HTML to PDF: C:\Users\DELL\Documents\augment-projects\Atlassian Confluence Data Pipeline\output\pdf\AgenticAI\Requirement Doc - Backbone to React (ES6 Compatible) using mPower API_477888517.pdf
2025-05-04 21:43:20,031 - root - INFO - Successfully converted HTML to PDF for page 'Requirement Doc - Backbone to React (ES6 Compatible) using mPower API' (ID: 477888517)
2025-05-04 21:43:20,039 - utils.state_manager - INFO - Saved state for 23 pages
2025-05-04 21:43:20,039 - root - INFO - Processing page 'Agentic AI Technology Stack' (ID: 478282569)
2025-05-04 21:43:20,039 - output_generator.html_generator - INFO - Generating HTML for page 'Agentic AI Technology Stack' (ID: 478282569)
2025-05-04 21:43:20,090 - output_generator.html_generator - INFO - HTML saved to C:\Users\DELL\Documents\augment-projects\Atlassian Confluence Data Pipeline\output\html\AgenticAI\Agentic AI Technology Stack_478282569.html
2025-05-04 21:43:20,090 - root - INFO - Converting HTML to PDF: C:\Users\DELL\Documents\augment-projects\Atlassian Confluence Data Pipeline\output\html\AgenticAI\Agentic AI Technology Stack_478282569.html -> C:\Users\DELL\Documents\augment-projects\Atlassian Confluence Data Pipeline\output\pdf\AgenticAI\Agentic AI Technology Stack_478282569.pdf
2025-05-04 21:43:20,096 - output_generator.html_to_pdf_converter - INFO - Converting HTML file C:\Users\DELL\Documents\augment-projects\Atlassian Confluence Data Pipeline\output\html\AgenticAI\Agentic AI Technology Stack_478282569.html to PDF C:\Users\DELL\Documents\augment-projects\Atlassian Confluence Data Pipeline\output\pdf\AgenticAI\Agentic AI Technology Stack_478282569.pdf
2025-05-04 21:43:23,578 - output_generator.html_to_pdf_converter - INFO - Successfully converted HTML to PDF: C:\Users\DELL\Documents\augment-projects\Atlassian Confluence Data Pipeline\output\pdf\AgenticAI\Agentic AI Technology Stack_478282569.pdf
2025-05-04 21:43:23,578 - root - INFO - Successfully converted HTML to PDF for page 'Agentic AI Technology Stack' (ID: 478282569)
2025-05-04 21:43:23,582 - utils.state_manager - INFO - Saved state for 24 pages
2025-05-04 21:43:23,582 - root - INFO - Processing page 'Upgrade AI - JS to BR (Requirement Document)' (ID: 478314851)
2025-05-04 21:43:23,582 - output_generator.html_generator - INFO - Generating HTML for page 'Upgrade AI - JS to BR (Requirement Document)' (ID: 478314851)
2025-05-04 21:43:23,612 - utils.html_cleaner - DEBUG - Replaced ac:image tag with img tag for JStoBR.png
2025-05-04 21:43:23,627 - api_client.confluence_client - DEBUG - Downloading attachment from URL: https://metricstream.atlassian.net/wiki/download/attachments/478314851/JStoBR.png
2025-05-04 21:43:23,921 - urllib3.connectionpool - DEBUG - https://metricstream.atlassian.net:443 "GET /wiki/download/attachments/478314851/JStoBR.png HTTP/11" 302 0
2025-05-04 21:43:24,275 - urllib3.connectionpool - DEBUG - https://api.media.atlassian.com:443 "GET /file/23640968-4d24-4bf3-aa69-b8330c9b743e/binary?token=eyJhbGciOiJIUzI1NiJ9.eyJpc3MiOiI3OWJlZGVkZC1iMGZmLTQyZDAtOGI1NC1mODQwYjliM2U1MWYiLCJhY2Nlc3MiOnsidXJuOmZpbGVzdG9yZTpmaWxlOjIzNjQwOTY4LTRkMjQtNGJmMy1hYTY5LWI4MzMwYzliNzQzZSI6WyJyZWFkIl19LCJleHAiOjE3NDY0NTgxMjQsIm5iZiI6MTc0NjM3NTIwNCwiYWFJZCI6IjcxMjAyMDo0ZTUyYzIwYS0zYzFmLTQ4MjUtODJhYS1kOGNiMWZkOGZmOWIifQ.YdFGdxHisi9SbIUhAhmzfgYt0vi5at3RBKQ9Oq5W7wo&client=79bededd-b0ff-42d0-8b54-f840b9b3e51f&name=JStoBR.png HTTP/11" 200 1883889
2025-05-04 21:43:25,176 - output_generator.html_generator - DEBUG - Embedded image JStoBR.png in HTML content
2025-05-04 21:43:25,194 - output_generator.html_generator - INFO - HTML saved to C:\Users\DELL\Documents\augment-projects\Atlassian Confluence Data Pipeline\output\html\AgenticAI\Upgrade AI - JS to BR (Requirement Document)_478314851.html
2025-05-04 21:43:25,194 - root - INFO - Converting HTML to PDF: C:\Users\DELL\Documents\augment-projects\Atlassian Confluence Data Pipeline\output\html\AgenticAI\Upgrade AI - JS to BR (Requirement Document)_478314851.html -> C:\Users\DELL\Documents\augment-projects\Atlassian Confluence Data Pipeline\output\pdf\AgenticAI\Upgrade AI - JS to BR (Requirement Document)_478314851.pdf
2025-05-04 21:43:25,194 - output_generator.html_to_pdf_converter - INFO - Converting HTML file C:\Users\DELL\Documents\augment-projects\Atlassian Confluence Data Pipeline\output\html\AgenticAI\Upgrade AI - JS to BR (Requirement Document)_478314851.html to PDF C:\Users\DELL\Documents\augment-projects\Atlassian Confluence Data Pipeline\output\pdf\AgenticAI\Upgrade AI - JS to BR (Requirement Document)_478314851.pdf
2025-05-04 21:43:30,748 - output_generator.html_to_pdf_converter - INFO - Successfully converted HTML to PDF: C:\Users\DELL\Documents\augment-projects\Atlassian Confluence Data Pipeline\output\pdf\AgenticAI\Upgrade AI - JS to BR (Requirement Document)_478314851.pdf
2025-05-04 21:43:30,748 - root - INFO - Successfully converted HTML to PDF for page 'Upgrade AI - JS to BR (Requirement Document)' (ID: 478314851)
2025-05-04 21:43:30,753 - utils.state_manager - INFO - Saved state for 25 pages
2025-05-04 21:43:30,753 - root - INFO - Processing page 'Upgrade and Designer Activities' (ID: 479035486)
2025-05-04 21:43:30,753 - output_generator.html_generator - INFO - Generating HTML for page 'Upgrade and Designer Activities' (ID: 479035486)
2025-05-04 21:43:30,796 - output_generator.html_generator - INFO - HTML saved to C:\Users\DELL\Documents\augment-projects\Atlassian Confluence Data Pipeline\output\html\AgenticAI\Upgrade and Designer Activities_479035486.html
2025-05-04 21:43:30,799 - root - INFO - Converting HTML to PDF: C:\Users\DELL\Documents\augment-projects\Atlassian Confluence Data Pipeline\output\html\AgenticAI\Upgrade and Designer Activities_479035486.html -> C:\Users\DELL\Documents\augment-projects\Atlassian Confluence Data Pipeline\output\pdf\AgenticAI\Upgrade and Designer Activities_479035486.pdf
2025-05-04 21:43:30,799 - output_generator.html_to_pdf_converter - INFO - Converting HTML file C:\Users\DELL\Documents\augment-projects\Atlassian Confluence Data Pipeline\output\html\AgenticAI\Upgrade and Designer Activities_479035486.html to PDF C:\Users\DELL\Documents\augment-projects\Atlassian Confluence Data Pipeline\output\pdf\AgenticAI\Upgrade and Designer Activities_479035486.pdf
2025-05-04 21:43:34,070 - output_generator.html_to_pdf_converter - INFO - Successfully converted HTML to PDF: C:\Users\DELL\Documents\augment-projects\Atlassian Confluence Data Pipeline\output\pdf\AgenticAI\Upgrade and Designer Activities_479035486.pdf
2025-05-04 21:43:34,070 - root - INFO - Successfully converted HTML to PDF for page 'Upgrade and Designer Activities' (ID: 479035486)
2025-05-04 21:43:34,072 - utils.state_manager - INFO - Saved state for 26 pages
2025-05-04 21:43:34,072 - root - INFO - Processing page 'Admin UX API & Wrapper API Service' (ID: 481034946)
2025-05-04 21:43:34,072 - output_generator.html_generator - INFO - Generating HTML for page 'Admin UX API & Wrapper API Service' (ID: 481034946)
2025-05-04 21:43:34,078 - utils.html_cleaner - DEBUG - Replaced ac:image tag with img tag for AgenticSolution-Architecture Diagram (1).png
2025-05-04 21:43:34,078 - api_client.confluence_client - DEBUG - Downloading attachment from URL: https://metricstream.atlassian.net/wiki/download/attachments/481034946/AgenticSolution-Architecture Diagram (1).png
2025-05-04 21:43:34,359 - urllib3.connectionpool - DEBUG - https://metricstream.atlassian.net:443 "GET /wiki/download/attachments/481034946/AgenticSolution-Architecture%20Diagram%20(1).png HTTP/11" 302 0
2025-05-04 21:43:34,659 - urllib3.connectionpool - DEBUG - https://api.media.atlassian.com:443 "GET /file/4c77f83f-6b25-4999-b7f4-75791803386c/binary?token=eyJhbGciOiJIUzI1NiJ9.eyJpc3MiOiI3OWJlZGVkZC1iMGZmLTQyZDAtOGI1NC1mODQwYjliM2U1MWYiLCJhY2Nlc3MiOnsidXJuOmZpbGVzdG9yZTpmaWxlOjRjNzdmODNmLTZiMjUtNDk5OS1iN2Y0LTc1NzkxODAzMzg2YyI6WyJyZWFkIl19LCJleHAiOjE3NDY0NTgxMzUsIm5iZiI6MTc0NjM3NTIxNSwiYWFJZCI6IjcxMjAyMDo0ZTUyYzIwYS0zYzFmLTQ4MjUtODJhYS1kOGNiMWZkOGZmOWIifQ.jb3YFB5To-ff70zXoqjABZGsp3hSHJqIFRqjqWEzjt0&client=79bededd-b0ff-42d0-8b54-f840b9b3e51f&name=AgenticSolution-Architecture%20Diagram%20%281%29.png HTTP/11" 200 67281
2025-05-04 21:43:34,667 - output_generator.html_generator - DEBUG - Embedded image AgenticSolution-Architecture Diagram (1).png in HTML content
2025-05-04 21:43:34,672 - output_generator.html_generator - INFO - HTML saved to C:\Users\DELL\Documents\augment-projects\Atlassian Confluence Data Pipeline\output\html\AgenticAI\Admin UX API & Wrapper API Service_481034946.html
2025-05-04 21:43:34,677 - root - INFO - Converting HTML to PDF: C:\Users\DELL\Documents\augment-projects\Atlassian Confluence Data Pipeline\output\html\AgenticAI\Admin UX API & Wrapper API Service_481034946.html -> C:\Users\DELL\Documents\augment-projects\Atlassian Confluence Data Pipeline\output\pdf\AgenticAI\Admin UX API & Wrapper API Service_481034946.pdf
2025-05-04 21:43:34,677 - output_generator.html_to_pdf_converter - INFO - Converting HTML file C:\Users\DELL\Documents\augment-projects\Atlassian Confluence Data Pipeline\output\html\AgenticAI\Admin UX API & Wrapper API Service_481034946.html to PDF C:\Users\DELL\Documents\augment-projects\Atlassian Confluence Data Pipeline\output\pdf\AgenticAI\Admin UX API & Wrapper API Service_481034946.pdf
2025-05-04 21:43:38,049 - output_generator.html_to_pdf_converter - INFO - Successfully converted HTML to PDF: C:\Users\DELL\Documents\augment-projects\Atlassian Confluence Data Pipeline\output\pdf\AgenticAI\Admin UX API & Wrapper API Service_481034946.pdf
2025-05-04 21:43:38,049 - root - INFO - Successfully converted HTML to PDF for page 'Admin UX API & Wrapper API Service' (ID: 481034946)
2025-05-04 21:43:38,052 - utils.state_manager - INFO - Saved state for 27 pages
2025-05-04 21:43:38,052 - root - INFO - ==================================================
2025-05-04 21:43:38,052 - root - INFO - API Response Summary:
2025-05-04 21:43:38,052 - root - INFO -   Total Pages from API: 27
2025-05-04 21:43:38,052 - root - INFO - --------------------------------------------------
2025-05-04 21:43:38,052 - root - INFO - Content Fetching Summary:
2025-05-04 21:43:38,052 - root - INFO -   Processed: 27
2025-05-04 21:43:38,052 - root - INFO -   Skipped: 0
2025-05-04 21:43:38,058 - root - INFO -   Failed: 0
2025-05-04 21:43:38,058 - root - INFO - --------------------------------------------------
2025-05-04 21:43:38,058 - root - INFO - HTML Processing:
2025-05-04 21:43:38,059 - root - INFO -   Processed HTML: 27
2025-05-04 21:43:38,059 - root - INFO -   Skipped HTML: 0
2025-05-04 21:43:38,059 - root - INFO -   Failed HTML: 0
2025-05-04 21:43:38,060 - root - INFO - --------------------------------------------------
2025-05-04 21:43:38,060 - root - INFO - PDF Processing:
2025-05-04 21:43:38,061 - root - INFO -   Processed PDF: 27
2025-05-04 21:43:38,062 - root - INFO -   Skipped PDF: 0
2025-05-04 21:43:38,062 - root - INFO -   Failed PDF: 0
2025-05-04 21:43:38,062 - root - INFO - ==================================================
