2025-05-07 15:57:16,965 - root - INFO - Logging initialized. Log file: C:\Users\DELL\Documents\augment-projects\Atlassian Confluence Data Pipeline\logs\confluence_pipeline_20250507_155716.log
2025-05-07 15:57:16,965 - api_client.confluence_client - DEBUG - Using base URL: https://metricstream.atlassian.net/wiki
2025-05-07 15:57:16,965 - api_client.confluence_client - DEBUG - Using API URL: https://metricstream.atlassian.net/wiki/rest/api
2025-05-07 15:57:16,965 - utils.state_manager - INFO - Loaded state for 27 pages
2025-05-07 15:57:16,965 - api_client.confluence_client - DEBUG - Using base URL: https://metricstream.atlassian.net/wiki
2025-05-07 15:57:16,965 - api_client.confluence_client - DEBUG - Using API URL: https://metricstream.atlassian.net/wiki/rest/api
2025-05-07 15:57:16,965 - output_generator.html_to_pdf_converter - INFO - Using wkhtmltopdf at: C:\Program Files\wkhtmltopdf\bin\wkhtmltopdf.exe
2025-05-07 15:57:16,965 - root - INFO - Fetching all pages in space 'AgenticAI'
2025-05-07 15:57:16,965 - api_client.confluence_client - INFO - Fetching pages in space 'AgenticAI'
2025-05-07 15:57:16,965 - api_client.confluence_client - DEBUG - Making GET request to https://metricstream.atlassian.net/wiki/rest/api/content with params: {'spaceKey': 'AgenticAI', 'type': 'page', 'status': 'current', 'start': 0, 'limit': 100, 'expand': 'body.storage,version,space,ancestors,children.page'}
2025-05-07 15:57:16,973 - urllib3.connectionpool - DEBUG - Starting new HTTPS connection (1): metricstream.atlassian.net:443
2025-05-07 15:57:17,139 - urllib3.connectionpool - DEBUG - https://metricstream.atlassian.net:443 "GET /wiki/rest/api/content?spaceKey=AgenticAI&type=page&status=current&start=0&limit=100&expand=body.storage%2Cversion%2Cspace%2Cancestors%2Cchildren.page HTTP/11" 405 2256
2025-05-07 15:57:17,139 - api_client.confluence_client - DEBUG - Full URL requested: https://metricstream.atlassian.net/wiki/rest/api/content?spaceKey=AgenticAI&type=page&status=current&start=0&limit=100&expand=body.storage%2Cversion%2Cspace%2Cancestors%2Cchildren.page
2025-05-07 15:57:17,139 - api_client.confluence_client - ERROR - Detected CAPTCHA or human verification challenge
2025-05-07 15:57:17,139 - api_client.confluence_client - ERROR - The Atlassian server is detecting automated requests
2025-05-07 15:57:27,141 - api_client.confluence_client - INFO - Retry attempt 1/3. Waiting 2.21 seconds...
2025-05-07 15:57:29,354 - api_client.confluence_client - DEBUG - Making GET request to https://metricstream.atlassian.net/wiki/rest/api/content with params: {'spaceKey': 'AgenticAI', 'type': 'page', 'status': 'current', 'start': 0, 'limit': 100, 'expand': 'body.storage,version,space,ancestors,children.page'}
2025-05-07 15:57:29,378 - urllib3.connectionpool - DEBUG - https://metricstream.atlassian.net:443 "GET /wiki/rest/api/content?spaceKey=AgenticAI&type=page&status=current&start=0&limit=100&expand=body.storage%2Cversion%2Cspace%2Cancestors%2Cchildren.page HTTP/11" 405 2256
2025-05-07 15:57:29,379 - api_client.confluence_client - DEBUG - Full URL requested: https://metricstream.atlassian.net/wiki/rest/api/content?spaceKey=AgenticAI&type=page&status=current&start=0&limit=100&expand=body.storage%2Cversion%2Cspace%2Cancestors%2Cchildren.page
2025-05-07 15:57:29,379 - api_client.confluence_client - ERROR - Detected CAPTCHA or human verification challenge
2025-05-07 15:57:29,380 - api_client.confluence_client - ERROR - The Atlassian server is detecting automated requests
2025-05-07 15:57:39,381 - api_client.confluence_client - INFO - Retry attempt 2/3. Waiting 4.13 seconds...
2025-05-07 15:57:43,511 - api_client.confluence_client - DEBUG - Making GET request to https://metricstream.atlassian.net/wiki/rest/api/content with params: {'spaceKey': 'AgenticAI', 'type': 'page', 'status': 'current', 'start': 0, 'limit': 100, 'expand': 'body.storage,version,space,ancestors,children.page'}
2025-05-07 15:57:43,530 - urllib3.connectionpool - DEBUG - https://metricstream.atlassian.net:443 "GET /wiki/rest/api/content?spaceKey=AgenticAI&type=page&status=current&start=0&limit=100&expand=body.storage%2Cversion%2Cspace%2Cancestors%2Cchildren.page HTTP/11" 405 2256
2025-05-07 15:57:43,531 - api_client.confluence_client - DEBUG - Full URL requested: https://metricstream.atlassian.net/wiki/rest/api/content?spaceKey=AgenticAI&type=page&status=current&start=0&limit=100&expand=body.storage%2Cversion%2Cspace%2Cancestors%2Cchildren.page
2025-05-07 15:57:43,532 - api_client.confluence_client - ERROR - Detected CAPTCHA or human verification challenge
2025-05-07 15:57:43,532 - api_client.confluence_client - ERROR - The Atlassian server is detecting automated requests
2025-05-07 15:57:53,534 - api_client.confluence_client - INFO - Retry attempt 3/3. Waiting 8.22 seconds...
2025-05-07 15:58:01,758 - api_client.confluence_client - DEBUG - Making GET request to https://metricstream.atlassian.net/wiki/rest/api/content with params: {'spaceKey': 'AgenticAI', 'type': 'page', 'status': 'current', 'start': 0, 'limit': 100, 'expand': 'body.storage,version,space,ancestors,children.page'}
2025-05-07 15:58:01,783 - urllib3.connectionpool - DEBUG - https://metricstream.atlassian.net:443 "GET /wiki/rest/api/content?spaceKey=AgenticAI&type=page&status=current&start=0&limit=100&expand=body.storage%2Cversion%2Cspace%2Cancestors%2Cchildren.page HTTP/11" 405 2256
2025-05-07 15:58:01,784 - api_client.confluence_client - DEBUG - Full URL requested: https://metricstream.atlassian.net/wiki/rest/api/content?spaceKey=AgenticAI&type=page&status=current&start=0&limit=100&expand=body.storage%2Cversion%2Cspace%2Cancestors%2Cchildren.page
2025-05-07 15:58:01,785 - api_client.confluence_client - ERROR - Detected CAPTCHA or human verification challenge
2025-05-07 15:58:01,786 - api_client.confluence_client - ERROR - The Atlassian server is detecting automated requests
2025-05-07 15:58:01,788 - api_client.confluence_client - ERROR - Maximum retries reached for CAPTCHA challenge
2025-05-07 15:58:01,791 - api_client.confluence_client - ERROR - Unexpected error: CAPTCHA challenge detected. Manual verification required.
2025-05-07 15:58:01,792 - root - ERROR - An error occurred: CAPTCHA challenge detected. Manual verification required.
