2025-05-07 15:58:48,417 - root - INFO - Logging initialized. Log file: C:\Users\DELL\Documents\augment-projects\Atlassian Confluence Data Pipeline\logs\confluence_pipeline_20250507_155848.log
2025-05-07 15:58:48,433 - api_client.confluence_client - DEBUG - Using base URL: https://metricstream.atlassian.net/wiki
2025-05-07 15:58:48,433 - api_client.confluence_client - DEBUG - Using API URL: https://metricstream.atlassian.net/wiki/rest/api
2025-05-07 15:58:48,433 - utils.state_manager - INFO - Loaded state for 27 pages
2025-05-07 15:58:48,433 - api_client.confluence_client - DEBUG - Using base URL: https://metricstream.atlassian.net/wiki
2025-05-07 15:58:48,433 - api_client.confluence_client - DEBUG - Using API URL: https://metricstream.atlassian.net/wiki/rest/api
2025-05-07 15:58:48,433 - output_generator.html_to_pdf_converter - INFO - Using wkhtmltopdf at: C:\Program Files\wkhtmltopdf\bin\wkhtmltopdf.exe
2025-05-07 15:58:48,433 - root - INFO - Fetching all pages in space 'AgenticAI'
2025-05-07 15:58:48,433 - api_client.confluence_client - INFO - Fetching pages in space 'AgenticAI'
2025-05-07 15:58:48,433 - api_client.confluence_client - DEBUG - Making GET request to https://metricstream.atlassian.net/wiki/rest/api/content with params: {'spaceKey': 'AgenticAI', 'type': 'page', 'status': 'current', 'start': 0, 'limit': 100, 'expand': 'body.storage,version,space,ancestors,children.page'}
2025-05-07 15:58:48,438 - urllib3.connectionpool - DEBUG - Starting new HTTPS connection (1): metricstream.atlassian.net:443
2025-05-07 15:58:48,648 - urllib3.connectionpool - DEBUG - https://metricstream.atlassian.net:443 "GET /wiki/rest/api/content?spaceKey=AgenticAI&type=page&status=current&start=0&limit=100&expand=body.storage%2Cversion%2Cspace%2Cancestors%2Cchildren.page HTTP/11" 405 2256
2025-05-07 15:58:48,648 - api_client.confluence_client - DEBUG - Full URL requested: https://metricstream.atlassian.net/wiki/rest/api/content?spaceKey=AgenticAI&type=page&status=current&start=0&limit=100&expand=body.storage%2Cversion%2Cspace%2Cancestors%2Cchildren.page
2025-05-07 15:58:48,648 - api_client.confluence_client - ERROR - Detected CAPTCHA or human verification challenge
2025-05-07 15:58:48,664 - api_client.confluence_client - ERROR - The Atlassian server is detecting automated requests
2025-05-07 15:58:58,667 - api_client.confluence_client - INFO - Retry attempt 1/3. Waiting 2.11 seconds...
2025-05-07 15:59:00,776 - api_client.confluence_client - DEBUG - Making GET request to https://metricstream.atlassian.net/wiki/rest/api/content with params: {'spaceKey': 'AgenticAI', 'type': 'page', 'status': 'current', 'start': 0, 'limit': 100, 'expand': 'body.storage,version,space,ancestors,children.page'}
2025-05-07 15:59:00,801 - urllib3.connectionpool - DEBUG - https://metricstream.atlassian.net:443 "GET /wiki/rest/api/content?spaceKey=AgenticAI&type=page&status=current&start=0&limit=100&expand=body.storage%2Cversion%2Cspace%2Cancestors%2Cchildren.page HTTP/11" 405 2256
2025-05-07 15:59:00,801 - api_client.confluence_client - DEBUG - Full URL requested: https://metricstream.atlassian.net/wiki/rest/api/content?spaceKey=AgenticAI&type=page&status=current&start=0&limit=100&expand=body.storage%2Cversion%2Cspace%2Cancestors%2Cchildren.page
2025-05-07 15:59:00,801 - api_client.confluence_client - ERROR - Detected CAPTCHA or human verification challenge
2025-05-07 15:59:00,801 - api_client.confluence_client - ERROR - The Atlassian server is detecting automated requests
2025-05-07 15:59:10,806 - api_client.confluence_client - INFO - Retry attempt 2/3. Waiting 4.25 seconds...
2025-05-07 15:59:15,057 - api_client.confluence_client - DEBUG - Making GET request to https://metricstream.atlassian.net/wiki/rest/api/content with params: {'spaceKey': 'AgenticAI', 'type': 'page', 'status': 'current', 'start': 0, 'limit': 100, 'expand': 'body.storage,version,space,ancestors,children.page'}
2025-05-07 15:59:15,084 - urllib3.connectionpool - DEBUG - https://metricstream.atlassian.net:443 "GET /wiki/rest/api/content?spaceKey=AgenticAI&type=page&status=current&start=0&limit=100&expand=body.storage%2Cversion%2Cspace%2Cancestors%2Cchildren.page HTTP/11" 405 2256
2025-05-07 15:59:15,086 - api_client.confluence_client - DEBUG - Full URL requested: https://metricstream.atlassian.net/wiki/rest/api/content?spaceKey=AgenticAI&type=page&status=current&start=0&limit=100&expand=body.storage%2Cversion%2Cspace%2Cancestors%2Cchildren.page
2025-05-07 15:59:15,088 - api_client.confluence_client - ERROR - Detected CAPTCHA or human verification challenge
2025-05-07 15:59:15,089 - api_client.confluence_client - ERROR - The Atlassian server is detecting automated requests
2025-05-07 15:59:25,091 - api_client.confluence_client - INFO - Retry attempt 3/3. Waiting 8.21 seconds...
2025-05-07 15:59:33,307 - api_client.confluence_client - DEBUG - Making GET request to https://metricstream.atlassian.net/wiki/rest/api/content with params: {'spaceKey': 'AgenticAI', 'type': 'page', 'status': 'current', 'start': 0, 'limit': 100, 'expand': 'body.storage,version,space,ancestors,children.page'}
2025-05-07 15:59:33,327 - urllib3.connectionpool - DEBUG - https://metricstream.atlassian.net:443 "GET /wiki/rest/api/content?spaceKey=AgenticAI&type=page&status=current&start=0&limit=100&expand=body.storage%2Cversion%2Cspace%2Cancestors%2Cchildren.page HTTP/11" 405 2256
2025-05-07 15:59:33,327 - api_client.confluence_client - DEBUG - Full URL requested: https://metricstream.atlassian.net/wiki/rest/api/content?spaceKey=AgenticAI&type=page&status=current&start=0&limit=100&expand=body.storage%2Cversion%2Cspace%2Cancestors%2Cchildren.page
2025-05-07 15:59:33,328 - api_client.confluence_client - ERROR - Detected CAPTCHA or human verification challenge
2025-05-07 15:59:33,328 - api_client.confluence_client - ERROR - The Atlassian server is detecting automated requests
2025-05-07 15:59:33,328 - api_client.confluence_client - ERROR - Maximum retries reached for CAPTCHA challenge
2025-05-07 15:59:33,329 - api_client.confluence_client - ERROR - Unexpected error: CAPTCHA challenge detected. Manual verification required.
2025-05-07 15:59:33,329 - root - ERROR - An error occurred: CAPTCHA challenge detected. Manual verification required.
