2025-05-07 15:35:31,005 - root - INFO - Logging initialized. Log file: C:\Users\DELL\Documents\augment-projects\Atlassian Confluence Data Pipeline\logs\confluence_pipeline_20250507_153531.log
2025-05-07 15:35:31,005 - api_client.confluence_client - DEBUG - Using base URL: https://metricstream.atlassian.net/wiki
2025-05-07 15:35:31,005 - api_client.confluence_client - DEBUG - Using API URL: https://metricstream.atlassian.net/wiki/rest/api
2025-05-07 15:35:31,006 - utils.state_manager - INFO - Loaded state for 27 pages
2025-05-07 15:35:31,006 - api_client.confluence_client - DEBUG - Using base URL: https://metricstream.atlassian.net/wiki
2025-05-07 15:35:31,007 - api_client.confluence_client - DEBUG - Using API URL: https://metricstream.atlassian.net/wiki/rest/api
2025-05-07 15:35:31,007 - output_generator.html_to_pdf_converter - INFO - Using wkhtmltopdf at: C:\Program Files\wkhtmltopdf\bin\wkhtmltopdf.exe
2025-05-07 15:35:31,007 - root - INFO - Fetching all pages in space 'AgenticAI'
2025-05-07 15:35:31,008 - api_client.confluence_client - INFO - Fetching pages in space 'AgenticAI'
2025-05-07 15:35:31,008 - api_client.confluence_client - DEBUG - Making GET request to https://metricstream.atlassian.net/wiki/rest/api/content with params: {'spaceKey': 'AgenticAI', 'type': 'page', 'status': 'current', 'start': 0, 'limit': 100, 'expand': 'body.storage,version,space,ancestors,children.page'}
2025-05-07 15:35:31,009 - urllib3.connectionpool - DEBUG - Starting new HTTPS connection (1): metricstream.atlassian.net:443
2025-05-07 15:35:31,121 - urllib3.connectionpool - DEBUG - https://metricstream.atlassian.net:443 "GET /wiki/rest/api/content?spaceKey=AgenticAI&type=page&status=current&start=0&limit=100&expand=body.storage%2Cversion%2Cspace%2Cancestors%2Cchildren.page HTTP/11" 405 2256
2025-05-07 15:35:31,122 - api_client.confluence_client - DEBUG - Full URL requested: https://metricstream.atlassian.net/wiki/rest/api/content?spaceKey=AgenticAI&type=page&status=current&start=0&limit=100&expand=body.storage%2Cversion%2Cspace%2Cancestors%2Cchildren.page
2025-05-07 15:35:31,122 - api_client.confluence_client - ERROR - API request failed with status code 405: 405 Client Error: Not Allowed for url: https://metricstream.atlassian.net/wiki/rest/api/content?spaceKey=AgenticAI&type=page&status=current&start=0&limit=100&expand=body.storage%2Cversion%2Cspace%2Cancestors%2Cchildren.page
2025-05-07 15:35:31,122 - api_client.confluence_client - ERROR - Response body: <!DOCTYPE html>
<html lang="en">
<head>
    <meta charset="utf-8">
    <meta name="viewport" content="width=device-width, initial-scale=1">
    <title>Human Verification</title>
    <style>
        body {
            font-family: "Arial";
        }
    </style>
    <script type="text/javascript">
    window.awsWafCookieDomainList = ['atl-paas.net','atlassian.com','atlassian.net','jira-dev.com','jira.com','opsgeni.us','statuspage.io','trellis.coffee','trello.com'];
    window.gokuProps = {
"key":"AQIDAHjcYu/GjX+QlghicBgQ/7bFaQZ+m5FKCMDnO+vTbNg96AGAnEAWAWziar0weWZUnGqJAAAAfjB8BgkqhkiG9w0BBwagbzBtAgEAMGgGCSqGSIb3DQEHATAeBglghkgBZQMEAS4wEQQMeqd9nRRkaWoElBPsAgEQgDvUp5CXxxBdXHonaLLxKUECCvFVGhkT0sMEY4s66EZ31+HMfHbkVySbABD4D3tC7NGud7ikiNCrwblGhQ==",
          "iv":"grC8qAHb4QAAAVJD",
          "context":"Al0DP/iCsHNBalB/itP9aMeTaP5NiQRvIdRgsJcNZ0J+TEJhsaVVGp29lJGqApvFszCX8RfeYT6BUDfKSoPed6qN4U4pB5n9Gex9kPWuNWKmyqa3tOXuZExCrXj47cMiWkWzLMys2vOLgY0RvhqMc8fxXG9sCfg/YRRdpi1Y9Uc899Cf8grjVKsl+D6Y6qzoDr4XfYPdQhuiz9UNFwBpZvJH0Q0HRBo4PvtXvKV1WnJbtWkAHshhtyQm7ZqetPeyqXuJWIxJjhqmscwVn5SLhuNpRf8kPaE7F+gzJ9csDa3DTlkglBgn5Wfe6UNv91wN/d1JTzML+x0P2drLbtxGbPuCvgic/ZqN5rpRd7pP2CYF7W8fVrJh2rkTSVEZ7qGmou9eciayaw=="
};
    </script>
    <script src="https://99a173f17960.335a866d.ap-south-1.token.awswaf.com/99a173f17960/52be4ea59000/39cb15f4a9e2/challenge.js"></script>
    <script src="https://99a173f17960.335a866d.ap-south-1.captcha.awswaf.com/99a173f17960/52be4ea59000/39cb15f4a9e2/captcha.js"></script>
</head>
<body>
    <div id="captcha-container"></div>
    <script type="text/javascript">
        AwsWafIntegration.saveReferrer();
        window.addEventListener("load", function() {
          const container = document.querySelector("#captcha-container");
          CaptchaScript.renderCaptcha(container, async (voucher) => {
              await ChallengeScript.submitCaptcha(voucher);
              window.location.reload(true);
          }
      );
    });
    </script>
    <noscript>
        <h1>JavaScript is disabled</h1>
        In order to continue, you need to verify that you're not a robot by solving a CAPTCHA puzzle.
         The CAPTCHA puzzle requires JavaScript. Enable JavaScript and then reload the page.
    </noscript>
</body>
</html>
2025-05-07 15:35:31,124 - root - ERROR - An error occurred: 405 Client Error: Not Allowed for url: https://metricstream.atlassian.net/wiki/rest/api/content?spaceKey=AgenticAI&type=page&status=current&start=0&limit=100&expand=body.storage%2Cversion%2Cspace%2Cancestors%2Cchildren.page
