2025-05-07 16:01:28,378 - root - INFO - Logging initialized. Log file: C:\Users\DELL\Documents\augment-projects\Atlassian Confluence Data Pipeline\logs\confluence_pipeline_20250507_160128.log
2025-05-07 16:01:28,378 - api_client.confluence_client - DEBUG - Using base URL: https://metricstream.atlassian.net/wiki
2025-05-07 16:01:28,378 - api_client.confluence_client - DEBUG - Using API URL: https://metricstream.atlassian.net/wiki/rest/api
2025-05-07 16:01:28,378 - utils.state_manager - INFO - Loaded state for 27 pages
2025-05-07 16:01:28,389 - api_client.confluence_client - DEBUG - Using base URL: https://metricstream.atlassian.net/wiki
2025-05-07 16:01:28,392 - api_client.confluence_client - DEBUG - Using API URL: https://metricstream.atlassian.net/wiki/rest/api
2025-05-07 16:01:28,392 - output_generator.html_to_pdf_converter - INFO - Using wkhtmltopdf at: C:\Program Files\wkhtmltopdf\bin\wkhtmltopdf.exe
2025-05-07 16:01:28,392 - root - INFO - Fetching all pages in space 'AgenticAI'
2025-05-07 16:01:28,392 - api_client.confluence_client - INFO - Fetching pages in space 'AgenticAI'
2025-05-07 16:01:28,396 - api_client.confluence_client - DEBUG - Making GET request to https://metricstream.atlassian.net/wiki/rest/api/content with params: {'spaceKey': 'AgenticAI', 'type': 'page', 'status': 'current', 'start': 0, 'limit': 100, 'expand': 'body.storage,version,space,ancestors,children.page'}
2025-05-07 16:01:28,403 - urllib3.connectionpool - DEBUG - Starting new HTTPS connection (1): metricstream.atlassian.net:443
2025-05-07 16:01:28,619 - urllib3.connectionpool - DEBUG - https://metricstream.atlassian.net:443 "GET /wiki/rest/api/content?spaceKey=AgenticAI&type=page&status=current&start=0&limit=100&expand=body.storage%2Cversion%2Cspace%2Cancestors%2Cchildren.page HTTP/11" 405 2256
2025-05-07 16:01:28,619 - api_client.confluence_client - DEBUG - Full URL requested: https://metricstream.atlassian.net/wiki/rest/api/content?spaceKey=AgenticAI&type=page&status=current&start=0&limit=100&expand=body.storage%2Cversion%2Cspace%2Cancestors%2Cchildren.page
2025-05-07 16:01:28,623 - api_client.confluence_client - ERROR - Detected CAPTCHA or human verification challenge
2025-05-07 16:01:28,623 - api_client.confluence_client - ERROR - The Atlassian server is detecting automated requests
2025-05-07 16:01:28,757 - api_client.confluence_client - INFO - ================================================================================
2025-05-07 16:01:28,757 - api_client.confluence_client - INFO - CAPTCHA VERIFICATION REQUIRED
2025-05-07 16:01:28,757 - api_client.confluence_client - INFO - ================================================================================
2025-05-07 16:01:28,757 - api_client.confluence_client - INFO - A browser window will open for you to manually solve the CAPTCHA challenge.
2025-05-07 16:01:28,757 - api_client.confluence_client - INFO - Please follow these steps:
2025-05-07 16:01:28,757 - api_client.confluence_client - INFO - 1. Complete the CAPTCHA verification in the browser
2025-05-07 16:01:28,757 - api_client.confluence_client - INFO - 2. After successful verification, close the browser tab
2025-05-07 16:01:28,766 - api_client.confluence_client - INFO - 3. Return to this terminal and press Enter to continue
2025-05-07 16:01:28,767 - api_client.confluence_client - INFO - ================================================================================
2025-05-07 16:01:40,793 - api_client.confluence_client - INFO - Manual verification completed. Refreshing session and resuming API requests...
2025-05-07 16:01:40,793 - api_client.confluence_client - INFO - Refreshing API session...
2025-05-07 16:01:42,805 - api_client.confluence_client - INFO - Manual verification completed. Retrying request...
2025-05-07 16:01:42,805 - api_client.confluence_client - DEBUG - Making GET request to https://metricstream.atlassian.net/wiki/rest/api/content with params: {'spaceKey': 'AgenticAI', 'type': 'page', 'status': 'current', 'start': 0, 'limit': 100, 'expand': 'body.storage,version,space,ancestors,children.page'}
2025-05-07 16:01:42,820 - urllib3.connectionpool - DEBUG - Starting new HTTPS connection (1): metricstream.atlassian.net:443
2025-05-07 16:01:42,982 - urllib3.connectionpool - DEBUG - https://metricstream.atlassian.net:443 "GET /wiki/rest/api/content?spaceKey=AgenticAI&type=page&status=current&start=0&limit=100&expand=body.storage%2Cversion%2Cspace%2Cancestors%2Cchildren.page HTTP/11" 405 2256
2025-05-07 16:01:42,983 - api_client.confluence_client - DEBUG - Full URL requested: https://metricstream.atlassian.net/wiki/rest/api/content?spaceKey=AgenticAI&type=page&status=current&start=0&limit=100&expand=body.storage%2Cversion%2Cspace%2Cancestors%2Cchildren.page
2025-05-07 16:01:42,983 - api_client.confluence_client - ERROR - Detected CAPTCHA or human verification challenge
2025-05-07 16:01:42,983 - api_client.confluence_client - ERROR - The Atlassian server is detecting automated requests
2025-05-07 16:01:42,985 - api_client.confluence_client - WARNING - Already attempted verification recently. Waiting before trying again...
2025-05-07 16:01:52,986 - api_client.confluence_client - INFO - Manual verification completed. Retrying request...
2025-05-07 16:01:52,987 - api_client.confluence_client - DEBUG - Making GET request to https://metricstream.atlassian.net/wiki/rest/api/content with params: {'spaceKey': 'AgenticAI', 'type': 'page', 'status': 'current', 'start': 0, 'limit': 100, 'expand': 'body.storage,version,space,ancestors,children.page'}
2025-05-07 16:01:53,016 - urllib3.connectionpool - DEBUG - https://metricstream.atlassian.net:443 "GET /wiki/rest/api/content?spaceKey=AgenticAI&type=page&status=current&start=0&limit=100&expand=body.storage%2Cversion%2Cspace%2Cancestors%2Cchildren.page HTTP/11" 405 2256
2025-05-07 16:01:53,019 - api_client.confluence_client - DEBUG - Full URL requested: https://metricstream.atlassian.net/wiki/rest/api/content?spaceKey=AgenticAI&type=page&status=current&start=0&limit=100&expand=body.storage%2Cversion%2Cspace%2Cancestors%2Cchildren.page
2025-05-07 16:01:53,019 - api_client.confluence_client - ERROR - Detected CAPTCHA or human verification challenge
2025-05-07 16:01:53,019 - api_client.confluence_client - ERROR - The Atlassian server is detecting automated requests
2025-05-07 16:01:53,019 - api_client.confluence_client - WARNING - Already attempted verification recently. Waiting before trying again...
2025-05-07 16:02:03,023 - api_client.confluence_client - INFO - Manual verification completed. Retrying request...
2025-05-07 16:02:03,025 - api_client.confluence_client - DEBUG - Making GET request to https://metricstream.atlassian.net/wiki/rest/api/content with params: {'spaceKey': 'AgenticAI', 'type': 'page', 'status': 'current', 'start': 0, 'limit': 100, 'expand': 'body.storage,version,space,ancestors,children.page'}
2025-05-07 16:02:03,048 - urllib3.connectionpool - DEBUG - https://metricstream.atlassian.net:443 "GET /wiki/rest/api/content?spaceKey=AgenticAI&type=page&status=current&start=0&limit=100&expand=body.storage%2Cversion%2Cspace%2Cancestors%2Cchildren.page HTTP/11" 405 2256
2025-05-07 16:02:03,048 - api_client.confluence_client - DEBUG - Full URL requested: https://metricstream.atlassian.net/wiki/rest/api/content?spaceKey=AgenticAI&type=page&status=current&start=0&limit=100&expand=body.storage%2Cversion%2Cspace%2Cancestors%2Cchildren.page
2025-05-07 16:02:03,048 - api_client.confluence_client - ERROR - Detected CAPTCHA or human verification challenge
2025-05-07 16:02:03,048 - api_client.confluence_client - ERROR - The Atlassian server is detecting automated requests
2025-05-07 16:02:03,048 - api_client.confluence_client - WARNING - Already attempted verification recently. Waiting before trying again...
2025-05-07 16:02:13,055 - api_client.confluence_client - INFO - Manual verification completed. Retrying request...
2025-05-07 16:02:13,055 - api_client.confluence_client - DEBUG - Making GET request to https://metricstream.atlassian.net/wiki/rest/api/content with params: {'spaceKey': 'AgenticAI', 'type': 'page', 'status': 'current', 'start': 0, 'limit': 100, 'expand': 'body.storage,version,space,ancestors,children.page'}
2025-05-07 16:02:13,076 - urllib3.connectionpool - DEBUG - https://metricstream.atlassian.net:443 "GET /wiki/rest/api/content?spaceKey=AgenticAI&type=page&status=current&start=0&limit=100&expand=body.storage%2Cversion%2Cspace%2Cancestors%2Cchildren.page HTTP/11" 405 2256
2025-05-07 16:02:13,076 - api_client.confluence_client - DEBUG - Full URL requested: https://metricstream.atlassian.net/wiki/rest/api/content?spaceKey=AgenticAI&type=page&status=current&start=0&limit=100&expand=body.storage%2Cversion%2Cspace%2Cancestors%2Cchildren.page
2025-05-07 16:02:13,076 - api_client.confluence_client - ERROR - Detected CAPTCHA or human verification challenge
2025-05-07 16:02:13,079 - api_client.confluence_client - ERROR - The Atlassian server is detecting automated requests
2025-05-07 16:02:13,079 - api_client.confluence_client - WARNING - Already attempted verification recently. Waiting before trying again...
2025-05-07 16:02:23,081 - api_client.confluence_client - INFO - Manual verification completed. Retrying request...
2025-05-07 16:02:23,081 - api_client.confluence_client - DEBUG - Making GET request to https://metricstream.atlassian.net/wiki/rest/api/content with params: {'spaceKey': 'AgenticAI', 'type': 'page', 'status': 'current', 'start': 0, 'limit': 100, 'expand': 'body.storage,version,space,ancestors,children.page'}
2025-05-07 16:02:23,105 - urllib3.connectionpool - DEBUG - https://metricstream.atlassian.net:443 "GET /wiki/rest/api/content?spaceKey=AgenticAI&type=page&status=current&start=0&limit=100&expand=body.storage%2Cversion%2Cspace%2Cancestors%2Cchildren.page HTTP/11" 405 2256
2025-05-07 16:02:23,109 - api_client.confluence_client - DEBUG - Full URL requested: https://metricstream.atlassian.net/wiki/rest/api/content?spaceKey=AgenticAI&type=page&status=current&start=0&limit=100&expand=body.storage%2Cversion%2Cspace%2Cancestors%2Cchildren.page
2025-05-07 16:02:23,109 - api_client.confluence_client - ERROR - Detected CAPTCHA or human verification challenge
2025-05-07 16:02:23,109 - api_client.confluence_client - ERROR - The Atlassian server is detecting automated requests
2025-05-07 16:02:23,109 - api_client.confluence_client - WARNING - Already attempted verification recently. Waiting before trying again...
2025-05-07 16:02:33,115 - api_client.confluence_client - INFO - Manual verification completed. Retrying request...
2025-05-07 16:02:33,115 - api_client.confluence_client - DEBUG - Making GET request to https://metricstream.atlassian.net/wiki/rest/api/content with params: {'spaceKey': 'AgenticAI', 'type': 'page', 'status': 'current', 'start': 0, 'limit': 100, 'expand': 'body.storage,version,space,ancestors,children.page'}
2025-05-07 16:02:33,139 - urllib3.connectionpool - DEBUG - https://metricstream.atlassian.net:443 "GET /wiki/rest/api/content?spaceKey=AgenticAI&type=page&status=current&start=0&limit=100&expand=body.storage%2Cversion%2Cspace%2Cancestors%2Cchildren.page HTTP/11" 405 2256
2025-05-07 16:02:33,141 - api_client.confluence_client - DEBUG - Full URL requested: https://metricstream.atlassian.net/wiki/rest/api/content?spaceKey=AgenticAI&type=page&status=current&start=0&limit=100&expand=body.storage%2Cversion%2Cspace%2Cancestors%2Cchildren.page
2025-05-07 16:02:33,141 - api_client.confluence_client - ERROR - Detected CAPTCHA or human verification challenge
2025-05-07 16:02:33,141 - api_client.confluence_client - ERROR - The Atlassian server is detecting automated requests
2025-05-07 16:02:33,141 - api_client.confluence_client - WARNING - Already attempted verification recently. Waiting before trying again...
