2025-05-07 16:10:33,836 - root - INFO - Logging initialized. Log file: C:\Users\DELL\Documents\augment-projects\Atlassian Confluence Data Pipeline\logs\confluence_pipeline_20250507_161033.log
2025-05-07 16:10:33,847 - utils.cookie_manager - INFO - No saved cookies found
2025-05-07 16:10:33,847 - root - INFO - Starting cookie refresh process...
2025-05-07 16:10:33,858 - root - INFO - Logging initialized. Log file: C:\Users\DELL\Documents\augment-projects\Atlassian Confluence Data Pipeline\logs\confluence_pipeline_20250507_161033.log
2025-05-07 16:10:33,858 - root - INFO - Logging initialized. Log file: C:\Users\DELL\Documents\augment-projects\Atlassian Confluence Data Pipeline\logs\confluence_pipeline_20250507_161033.log
2025-05-07 16:11:39,383 - utils.cookie_manager - INFO - Imported 12 cookies from browser
2025-05-07 16:11:39,383 - utils.cookie_manager - INFO - Imported 12 cookies from browser
2025-05-07 16:11:39,387 - utils.cookie_manager - INFO - Saved cookies to C:\Users\DELL\Documents\augment-projects\Atlassian Confluence Data Pipeline\cookies\confluence_cookies.pkl
2025-05-07 16:11:39,387 - utils.cookie_manager - INFO - Saved cookies to C:\Users\DELL\Documents\augment-projects\Atlassian Confluence Data Pipeline\cookies\confluence_cookies.pkl
2025-05-07 16:11:39,387 - root - INFO - Cookie refresh process completed. Continuing with main script...
2025-05-07 16:11:39,387 - root - INFO - Cookie refresh process completed. Continuing with main script...
2025-05-07 16:11:39,387 - utils.state_manager - INFO - Loaded state for 27 pages
2025-05-07 16:11:39,387 - utils.state_manager - INFO - Loaded state for 27 pages
2025-05-07 16:11:39,450 - utils.cookie_manager - INFO - Loaded cookies from C:\Users\DELL\Documents\augment-projects\Atlassian Confluence Data Pipeline\cookies\confluence_cookies.pkl
2025-05-07 16:11:39,450 - utils.cookie_manager - INFO - Loaded cookies from C:\Users\DELL\Documents\augment-projects\Atlassian Confluence Data Pipeline\cookies\confluence_cookies.pkl
2025-05-07 16:11:39,450 - output_generator.html_to_pdf_converter - INFO - Using wkhtmltopdf at: C:\Program Files\wkhtmltopdf\bin\wkhtmltopdf.exe
2025-05-07 16:11:39,450 - output_generator.html_to_pdf_converter - INFO - Using wkhtmltopdf at: C:\Program Files\wkhtmltopdf\bin\wkhtmltopdf.exe
2025-05-07 16:11:39,450 - root - INFO - Fetching pages updated in the last 1 days
2025-05-07 16:11:39,450 - root - INFO - Fetching pages updated in the last 1 days
2025-05-07 16:11:39,450 - api_client.confluence_client - INFO - Fetching pages updated in the last 1 days
2025-05-07 16:11:39,450 - api_client.confluence_client - INFO - Fetching pages updated in the last 1 days
2025-05-07 16:11:39,723 - api_client.confluence_client - ERROR - Detected CAPTCHA or human verification challenge
2025-05-07 16:11:39,723 - api_client.confluence_client - ERROR - Detected CAPTCHA or human verification challenge
2025-05-07 16:11:39,723 - api_client.confluence_client - ERROR - The Atlassian server is detecting automated requests
2025-05-07 16:11:39,723 - api_client.confluence_client - ERROR - The Atlassian server is detecting automated requests
2025-05-07 16:11:39,726 - api_client.confluence_client - INFO - ================================================================================
2025-05-07 16:11:39,726 - api_client.confluence_client - INFO - ================================================================================
2025-05-07 16:11:39,726 - api_client.confluence_client - INFO - CAPTCHA / HUMAN VERIFICATION REQUIRED
2025-05-07 16:11:39,726 - api_client.confluence_client - INFO - CAPTCHA / HUMAN VERIFICATION REQUIRED
2025-05-07 16:11:39,726 - api_client.confluence_client - INFO - ================================================================================
2025-05-07 16:11:39,726 - api_client.confluence_client - INFO - ================================================================================
2025-05-07 16:11:39,726 - api_client.confluence_client - INFO - The Confluence API is detecting automated requests and requiring verification.
2025-05-07 16:11:39,726 - api_client.confluence_client - INFO - The Confluence API is detecting automated requests and requiring verification.
2025-05-07 16:11:39,726 - api_client.confluence_client - INFO - To resolve this, you need to manually log in to Confluence and import the cookies.
2025-05-07 16:11:39,726 - api_client.confluence_client - INFO - To resolve this, you need to manually log in to Confluence and import the cookies.
2025-05-07 16:11:39,734 - api_client.confluence_client - INFO - 
2025-05-07 16:11:39,734 - api_client.confluence_client - INFO - 
2025-05-07 16:11:39,738 - api_client.confluence_client - INFO - Please follow these steps:
2025-05-07 16:11:39,738 - api_client.confluence_client - INFO - Please follow these steps:
2025-05-07 16:11:39,738 - api_client.confluence_client - INFO - 1. A browser window will open to the Confluence login page
2025-05-07 16:11:39,738 - api_client.confluence_client - INFO - 1. A browser window will open to the Confluence login page
2025-05-07 16:11:39,738 - api_client.confluence_client - INFO - 2. Log in to Confluence if you're not already logged in
2025-05-07 16:11:39,738 - api_client.confluence_client - INFO - 2. Log in to Confluence if you're not already logged in
2025-05-07 16:11:39,738 - api_client.confluence_client - INFO - 3. After logging in, open your browser's developer tools:
2025-05-07 16:11:39,738 - api_client.confluence_client - INFO - 3. After logging in, open your browser's developer tools:
2025-05-07 16:11:39,738 - api_client.confluence_client - INFO -    - Chrome/Edge: Press F12 or right-click > Inspect
2025-05-07 16:11:39,738 - api_client.confluence_client - INFO -    - Chrome/Edge: Press F12 or right-click > Inspect
2025-05-07 16:11:39,738 - api_client.confluence_client - INFO -    - Firefox: Press F12 or right-click > Inspect Element
2025-05-07 16:11:39,738 - api_client.confluence_client - INFO -    - Firefox: Press F12 or right-click > Inspect Element
2025-05-07 16:11:39,750 - api_client.confluence_client - INFO - 4. Go to the 'Network' tab in developer tools
2025-05-07 16:11:39,750 - api_client.confluence_client - INFO - 4. Go to the 'Network' tab in developer tools
2025-05-07 16:11:39,754 - api_client.confluence_client - INFO - 5. Refresh the page
2025-05-07 16:11:39,754 - api_client.confluence_client - INFO - 5. Refresh the page
2025-05-07 16:11:39,756 - api_client.confluence_client - INFO - 6. Click on any request to confluence.atlassian.net
2025-05-07 16:11:39,756 - api_client.confluence_client - INFO - 6. Click on any request to confluence.atlassian.net
2025-05-07 16:11:39,758 - api_client.confluence_client - INFO - 7. In the request headers, find the 'Cookie:' header
2025-05-07 16:11:39,758 - api_client.confluence_client - INFO - 7. In the request headers, find the 'Cookie:' header
2025-05-07 16:11:39,758 - api_client.confluence_client - INFO - 8. Copy the entire cookie string (it's long!)
2025-05-07 16:11:39,758 - api_client.confluence_client - INFO - 8. Copy the entire cookie string (it's long!)
2025-05-07 16:11:39,763 - api_client.confluence_client - INFO - 9. Return to this terminal and paste the cookie string when prompted
2025-05-07 16:11:39,763 - api_client.confluence_client - INFO - 9. Return to this terminal and paste the cookie string when prompted
2025-05-07 16:11:39,765 - api_client.confluence_client - INFO - ================================================================================
2025-05-07 16:11:39,765 - api_client.confluence_client - INFO - ================================================================================
2025-05-07 16:11:39,896 - api_client.confluence_client - INFO - After logging in and copying the cookies, paste them below:
2025-05-07 16:11:39,896 - api_client.confluence_client - INFO - After logging in and copying the cookies, paste them below:
2025-05-07 16:13:50,674 - utils.cookie_manager - INFO - Imported 12 cookies from browser
2025-05-07 16:13:50,674 - utils.cookie_manager - INFO - Imported 12 cookies from browser
2025-05-07 16:13:50,674 - utils.cookie_manager - INFO - Saved cookies to C:\Users\DELL\Documents\augment-projects\Atlassian Confluence Data Pipeline\cookies\confluence_cookies.pkl
2025-05-07 16:13:50,674 - utils.cookie_manager - INFO - Saved cookies to C:\Users\DELL\Documents\augment-projects\Atlassian Confluence Data Pipeline\cookies\confluence_cookies.pkl
2025-05-07 16:13:50,674 - api_client.confluence_client - INFO - Successfully imported browser cookies. Resuming API requests...
2025-05-07 16:13:50,674 - api_client.confluence_client - INFO - Successfully imported browser cookies. Resuming API requests...
2025-05-07 16:13:52,682 - api_client.confluence_client - INFO - Manual verification completed. Retrying request...
2025-05-07 16:13:52,682 - api_client.confluence_client - INFO - Manual verification completed. Retrying request...
2025-05-07 16:13:55,059 - api_client.confluence_client - INFO - Found 50 pages updated in the last 1 days
2025-05-07 16:13:55,059 - api_client.confluence_client - INFO - Found 50 pages updated in the last 1 days
2025-05-07 16:13:55,073 - root - INFO - Found 50 pages updated in the last 1 days
2025-05-07 16:13:55,073 - root - INFO - Found 50 pages updated in the last 1 days
2025-05-07 16:13:55,073 - root - INFO - New page: 'Russell Investments - WO#04 - 13017' (ID: 81133587)
2025-05-07 16:13:55,073 - root - INFO - New page: 'Russell Investments - WO#04 - 13017' (ID: 81133587)
2025-05-07 16:13:55,076 - root - INFO - Processing new page 'Russell Investments - WO#04 - 13017' (ID: 81133587)
2025-05-07 16:13:55,076 - root - INFO - Processing new page 'Russell Investments - WO#04 - 13017' (ID: 81133587)
2025-05-07 16:13:55,081 - output_generator.html_generator - INFO - Generating HTML for page 'Russell Investments - WO#04 - 13017' (ID: 81133587)
2025-05-07 16:13:55,081 - output_generator.html_generator - INFO - Generating HTML for page 'Russell Investments - WO#04 - 13017' (ID: 81133587)
2025-05-07 16:13:55,203 - output_generator.html_generator - INFO - HTML saved to C:\Users\DELL\Documents\augment-projects\Atlassian Confluence Data Pipeline\output\html\CAAR\new\Russell Investments - WO#04 - 13017_81133587.html
2025-05-07 16:13:55,203 - output_generator.html_generator - INFO - HTML saved to C:\Users\DELL\Documents\augment-projects\Atlassian Confluence Data Pipeline\output\html\CAAR\new\Russell Investments - WO#04 - 13017_81133587.html
2025-05-07 16:13:55,214 - root - INFO - Converting HTML to PDF: C:\Users\DELL\Documents\augment-projects\Atlassian Confluence Data Pipeline\output\html\CAAR\new\Russell Investments - WO#04 - 13017_81133587.html -> C:\Users\DELL\Documents\augment-projects\Atlassian Confluence Data Pipeline\output\pdf\CAAR\new\Russell Investments - WO#04 - 13017_81133587.pdf
2025-05-07 16:13:55,214 - root - INFO - Converting HTML to PDF: C:\Users\DELL\Documents\augment-projects\Atlassian Confluence Data Pipeline\output\html\CAAR\new\Russell Investments - WO#04 - 13017_81133587.html -> C:\Users\DELL\Documents\augment-projects\Atlassian Confluence Data Pipeline\output\pdf\CAAR\new\Russell Investments - WO#04 - 13017_81133587.pdf
2025-05-07 16:13:55,215 - output_generator.html_to_pdf_converter - INFO - Converting HTML file C:\Users\DELL\Documents\augment-projects\Atlassian Confluence Data Pipeline\output\html\CAAR\new\Russell Investments - WO#04 - 13017_81133587.html to PDF C:\Users\DELL\Documents\augment-projects\Atlassian Confluence Data Pipeline\output\pdf\CAAR\new\Russell Investments - WO#04 - 13017_81133587.pdf
2025-05-07 16:13:55,215 - output_generator.html_to_pdf_converter - INFO - Converting HTML file C:\Users\DELL\Documents\augment-projects\Atlassian Confluence Data Pipeline\output\html\CAAR\new\Russell Investments - WO#04 - 13017_81133587.html to PDF C:\Users\DELL\Documents\augment-projects\Atlassian Confluence Data Pipeline\output\pdf\CAAR\new\Russell Investments - WO#04 - 13017_81133587.pdf
2025-05-07 16:13:59,411 - output_generator.html_to_pdf_converter - INFO - Successfully converted HTML to PDF: C:\Users\DELL\Documents\augment-projects\Atlassian Confluence Data Pipeline\output\pdf\CAAR\new\Russell Investments - WO#04 - 13017_81133587.pdf
2025-05-07 16:13:59,411 - output_generator.html_to_pdf_converter - INFO - Successfully converted HTML to PDF: C:\Users\DELL\Documents\augment-projects\Atlassian Confluence Data Pipeline\output\pdf\CAAR\new\Russell Investments - WO#04 - 13017_81133587.pdf
2025-05-07 16:13:59,411 - root - INFO - Successfully converted HTML to PDF for page 'Russell Investments - WO#04 - 13017' (ID: 81133587)
2025-05-07 16:13:59,411 - root - INFO - Successfully converted HTML to PDF for page 'Russell Investments - WO#04 - 13017' (ID: 81133587)
2025-05-07 16:13:59,418 - utils.state_manager - INFO - Saved state for 28 pages
2025-05-07 16:13:59,418 - utils.state_manager - INFO - Saved state for 28 pages
2025-05-07 16:13:59,418 - root - INFO - New page: 'PGE - Upgrade to Euphrates [Can Delete]' (ID: 78088573)
2025-05-07 16:13:59,418 - root - INFO - New page: 'PGE - Upgrade to Euphrates [Can Delete]' (ID: 78088573)
2025-05-07 16:13:59,418 - root - INFO - Processing new page 'PGE - Upgrade to Euphrates [Can Delete]' (ID: 78088573)
2025-05-07 16:13:59,418 - root - INFO - Processing new page 'PGE - Upgrade to Euphrates [Can Delete]' (ID: 78088573)
2025-05-07 16:13:59,422 - output_generator.html_generator - INFO - Generating HTML for page 'PGE - Upgrade to Euphrates [Can Delete]' (ID: 78088573)
2025-05-07 16:13:59,422 - output_generator.html_generator - INFO - Generating HTML for page 'PGE - Upgrade to Euphrates [Can Delete]' (ID: 78088573)
2025-05-07 16:13:59,469 - output_generator.html_generator - INFO - HTML saved to C:\Users\DELL\Documents\augment-projects\Atlassian Confluence Data Pipeline\output\html\CAAR\new\PGE - Upgrade to Euphrates [Can Delete]_78088573.html
2025-05-07 16:13:59,469 - output_generator.html_generator - INFO - HTML saved to C:\Users\DELL\Documents\augment-projects\Atlassian Confluence Data Pipeline\output\html\CAAR\new\PGE - Upgrade to Euphrates [Can Delete]_78088573.html
2025-05-07 16:13:59,472 - root - INFO - Converting HTML to PDF: C:\Users\DELL\Documents\augment-projects\Atlassian Confluence Data Pipeline\output\html\CAAR\new\PGE - Upgrade to Euphrates [Can Delete]_78088573.html -> C:\Users\DELL\Documents\augment-projects\Atlassian Confluence Data Pipeline\output\pdf\CAAR\new\PGE - Upgrade to Euphrates [Can Delete]_78088573.pdf
2025-05-07 16:13:59,472 - root - INFO - Converting HTML to PDF: C:\Users\DELL\Documents\augment-projects\Atlassian Confluence Data Pipeline\output\html\CAAR\new\PGE - Upgrade to Euphrates [Can Delete]_78088573.html -> C:\Users\DELL\Documents\augment-projects\Atlassian Confluence Data Pipeline\output\pdf\CAAR\new\PGE - Upgrade to Euphrates [Can Delete]_78088573.pdf
2025-05-07 16:13:59,472 - output_generator.html_to_pdf_converter - INFO - Converting HTML file C:\Users\DELL\Documents\augment-projects\Atlassian Confluence Data Pipeline\output\html\CAAR\new\PGE - Upgrade to Euphrates [Can Delete]_78088573.html to PDF C:\Users\DELL\Documents\augment-projects\Atlassian Confluence Data Pipeline\output\pdf\CAAR\new\PGE - Upgrade to Euphrates [Can Delete]_78088573.pdf
2025-05-07 16:13:59,472 - output_generator.html_to_pdf_converter - INFO - Converting HTML file C:\Users\DELL\Documents\augment-projects\Atlassian Confluence Data Pipeline\output\html\CAAR\new\PGE - Upgrade to Euphrates [Can Delete]_78088573.html to PDF C:\Users\DELL\Documents\augment-projects\Atlassian Confluence Data Pipeline\output\pdf\CAAR\new\PGE - Upgrade to Euphrates [Can Delete]_78088573.pdf
2025-05-07 16:14:02,903 - output_generator.html_to_pdf_converter - INFO - Successfully converted HTML to PDF: C:\Users\DELL\Documents\augment-projects\Atlassian Confluence Data Pipeline\output\pdf\CAAR\new\PGE - Upgrade to Euphrates [Can Delete]_78088573.pdf
2025-05-07 16:14:02,903 - output_generator.html_to_pdf_converter - INFO - Successfully converted HTML to PDF: C:\Users\DELL\Documents\augment-projects\Atlassian Confluence Data Pipeline\output\pdf\CAAR\new\PGE - Upgrade to Euphrates [Can Delete]_78088573.pdf
2025-05-07 16:14:02,903 - root - INFO - Successfully converted HTML to PDF for page 'PGE - Upgrade to Euphrates [Can Delete]' (ID: 78088573)
2025-05-07 16:14:02,903 - root - INFO - Successfully converted HTML to PDF for page 'PGE - Upgrade to Euphrates [Can Delete]' (ID: 78088573)
2025-05-07 16:14:02,917 - utils.state_manager - INFO - Saved state for 29 pages
2025-05-07 16:14:02,917 - utils.state_manager - INFO - Saved state for 29 pages
2025-05-07 16:14:02,917 - root - INFO - New page: 'Moneris Solutions - Overview & Support' (ID: 57640281)
2025-05-07 16:14:02,917 - root - INFO - New page: 'Moneris Solutions - Overview & Support' (ID: 57640281)
2025-05-07 16:14:02,917 - root - INFO - Processing new page 'Moneris Solutions - Overview & Support' (ID: 57640281)
2025-05-07 16:14:02,917 - root - INFO - Processing new page 'Moneris Solutions - Overview & Support' (ID: 57640281)
2025-05-07 16:14:02,921 - output_generator.html_generator - INFO - Generating HTML for page 'Moneris Solutions - Overview & Support' (ID: 57640281)
2025-05-07 16:14:02,921 - output_generator.html_generator - INFO - Generating HTML for page 'Moneris Solutions - Overview & Support' (ID: 57640281)
2025-05-07 16:14:02,997 - output_generator.html_generator - INFO - HTML saved to C:\Users\DELL\Documents\augment-projects\Atlassian Confluence Data Pipeline\output\html\CAAR\new\Moneris Solutions - Overview & Support_57640281.html
2025-05-07 16:14:02,997 - output_generator.html_generator - INFO - HTML saved to C:\Users\DELL\Documents\augment-projects\Atlassian Confluence Data Pipeline\output\html\CAAR\new\Moneris Solutions - Overview & Support_57640281.html
2025-05-07 16:14:03,001 - root - INFO - Converting HTML to PDF: C:\Users\DELL\Documents\augment-projects\Atlassian Confluence Data Pipeline\output\html\CAAR\new\Moneris Solutions - Overview & Support_57640281.html -> C:\Users\DELL\Documents\augment-projects\Atlassian Confluence Data Pipeline\output\pdf\CAAR\new\Moneris Solutions - Overview & Support_57640281.pdf
2025-05-07 16:14:03,001 - root - INFO - Converting HTML to PDF: C:\Users\DELL\Documents\augment-projects\Atlassian Confluence Data Pipeline\output\html\CAAR\new\Moneris Solutions - Overview & Support_57640281.html -> C:\Users\DELL\Documents\augment-projects\Atlassian Confluence Data Pipeline\output\pdf\CAAR\new\Moneris Solutions - Overview & Support_57640281.pdf
2025-05-07 16:14:03,002 - output_generator.html_to_pdf_converter - INFO - Converting HTML file C:\Users\DELL\Documents\augment-projects\Atlassian Confluence Data Pipeline\output\html\CAAR\new\Moneris Solutions - Overview & Support_57640281.html to PDF C:\Users\DELL\Documents\augment-projects\Atlassian Confluence Data Pipeline\output\pdf\CAAR\new\Moneris Solutions - Overview & Support_57640281.pdf
2025-05-07 16:14:03,002 - output_generator.html_to_pdf_converter - INFO - Converting HTML file C:\Users\DELL\Documents\augment-projects\Atlassian Confluence Data Pipeline\output\html\CAAR\new\Moneris Solutions - Overview & Support_57640281.html to PDF C:\Users\DELL\Documents\augment-projects\Atlassian Confluence Data Pipeline\output\pdf\CAAR\new\Moneris Solutions - Overview & Support_57640281.pdf
2025-05-07 16:14:06,319 - output_generator.html_to_pdf_converter - INFO - Successfully converted HTML to PDF: C:\Users\DELL\Documents\augment-projects\Atlassian Confluence Data Pipeline\output\pdf\CAAR\new\Moneris Solutions - Overview & Support_57640281.pdf
2025-05-07 16:14:06,319 - output_generator.html_to_pdf_converter - INFO - Successfully converted HTML to PDF: C:\Users\DELL\Documents\augment-projects\Atlassian Confluence Data Pipeline\output\pdf\CAAR\new\Moneris Solutions - Overview & Support_57640281.pdf
2025-05-07 16:14:06,321 - root - INFO - Successfully converted HTML to PDF for page 'Moneris Solutions - Overview & Support' (ID: 57640281)
2025-05-07 16:14:06,321 - root - INFO - Successfully converted HTML to PDF for page 'Moneris Solutions - Overview & Support' (ID: 57640281)
2025-05-07 16:14:06,330 - utils.state_manager - INFO - Saved state for 30 pages
2025-05-07 16:14:06,330 - utils.state_manager - INFO - Saved state for 30 pages
2025-05-07 16:14:06,334 - root - INFO - New page: 'Cloud Operations Project Tracking' (ID: 54302380)
2025-05-07 16:14:06,334 - root - INFO - New page: 'Cloud Operations Project Tracking' (ID: 54302380)
2025-05-07 16:14:06,336 - root - INFO - Processing new page 'Cloud Operations Project Tracking' (ID: 54302380)
2025-05-07 16:14:06,336 - root - INFO - Processing new page 'Cloud Operations Project Tracking' (ID: 54302380)
2025-05-07 16:14:06,344 - output_generator.html_generator - INFO - Generating HTML for page 'Cloud Operations Project Tracking' (ID: 54302380)
2025-05-07 16:14:06,344 - output_generator.html_generator - INFO - Generating HTML for page 'Cloud Operations Project Tracking' (ID: 54302380)
2025-05-07 16:14:08,148 - output_generator.html_generator - INFO - HTML saved to C:\Users\DELL\Documents\augment-projects\Atlassian Confluence Data Pipeline\output\html\CLOUD\new\Cloud Operations Project Tracking_54302380.html
2025-05-07 16:14:08,148 - output_generator.html_generator - INFO - HTML saved to C:\Users\DELL\Documents\augment-projects\Atlassian Confluence Data Pipeline\output\html\CLOUD\new\Cloud Operations Project Tracking_54302380.html
2025-05-07 16:14:08,153 - root - INFO - Converting HTML to PDF: C:\Users\DELL\Documents\augment-projects\Atlassian Confluence Data Pipeline\output\html\CLOUD\new\Cloud Operations Project Tracking_54302380.html -> C:\Users\DELL\Documents\augment-projects\Atlassian Confluence Data Pipeline\output\pdf\CLOUD\new\Cloud Operations Project Tracking_54302380.pdf
2025-05-07 16:14:08,153 - root - INFO - Converting HTML to PDF: C:\Users\DELL\Documents\augment-projects\Atlassian Confluence Data Pipeline\output\html\CLOUD\new\Cloud Operations Project Tracking_54302380.html -> C:\Users\DELL\Documents\augment-projects\Atlassian Confluence Data Pipeline\output\pdf\CLOUD\new\Cloud Operations Project Tracking_54302380.pdf
2025-05-07 16:14:08,153 - output_generator.html_to_pdf_converter - INFO - Converting HTML file C:\Users\DELL\Documents\augment-projects\Atlassian Confluence Data Pipeline\output\html\CLOUD\new\Cloud Operations Project Tracking_54302380.html to PDF C:\Users\DELL\Documents\augment-projects\Atlassian Confluence Data Pipeline\output\pdf\CLOUD\new\Cloud Operations Project Tracking_54302380.pdf
2025-05-07 16:14:08,153 - output_generator.html_to_pdf_converter - INFO - Converting HTML file C:\Users\DELL\Documents\augment-projects\Atlassian Confluence Data Pipeline\output\html\CLOUD\new\Cloud Operations Project Tracking_54302380.html to PDF C:\Users\DELL\Documents\augment-projects\Atlassian Confluence Data Pipeline\output\pdf\CLOUD\new\Cloud Operations Project Tracking_54302380.pdf
2025-05-07 16:14:11,374 - output_generator.html_to_pdf_converter - INFO - Successfully converted HTML to PDF: C:\Users\DELL\Documents\augment-projects\Atlassian Confluence Data Pipeline\output\pdf\CLOUD\new\Cloud Operations Project Tracking_54302380.pdf
2025-05-07 16:14:11,374 - output_generator.html_to_pdf_converter - INFO - Successfully converted HTML to PDF: C:\Users\DELL\Documents\augment-projects\Atlassian Confluence Data Pipeline\output\pdf\CLOUD\new\Cloud Operations Project Tracking_54302380.pdf
2025-05-07 16:14:11,374 - root - INFO - Successfully converted HTML to PDF for page 'Cloud Operations Project Tracking' (ID: 54302380)
2025-05-07 16:14:11,374 - root - INFO - Successfully converted HTML to PDF for page 'Cloud Operations Project Tracking' (ID: 54302380)
2025-05-07 16:14:11,383 - utils.state_manager - INFO - Saved state for 31 pages
2025-05-07 16:14:11,383 - utils.state_manager - INFO - Saved state for 31 pages
2025-05-07 16:14:11,385 - root - INFO - New page: 'Cloud Support Tickets(CLDSUPDSK) - Analytics' (ID: 54301524)
2025-05-07 16:14:11,385 - root - INFO - New page: 'Cloud Support Tickets(CLDSUPDSK) - Analytics' (ID: 54301524)
2025-05-07 16:14:11,385 - root - INFO - Processing new page 'Cloud Support Tickets(CLDSUPDSK) - Analytics' (ID: 54301524)
2025-05-07 16:14:11,385 - root - INFO - Processing new page 'Cloud Support Tickets(CLDSUPDSK) - Analytics' (ID: 54301524)
2025-05-07 16:14:11,388 - output_generator.html_generator - INFO - Generating HTML for page 'Cloud Support Tickets(CLDSUPDSK) - Analytics' (ID: 54301524)
2025-05-07 16:14:11,388 - output_generator.html_generator - INFO - Generating HTML for page 'Cloud Support Tickets(CLDSUPDSK) - Analytics' (ID: 54301524)
2025-05-07 16:14:11,409 - output_generator.html_generator - INFO - HTML saved to C:\Users\DELL\Documents\augment-projects\Atlassian Confluence Data Pipeline\output\html\CLOUD\new\Cloud Support Tickets(CLDSUPDSK) - Analytics_54301524.html
2025-05-07 16:14:11,409 - output_generator.html_generator - INFO - HTML saved to C:\Users\DELL\Documents\augment-projects\Atlassian Confluence Data Pipeline\output\html\CLOUD\new\Cloud Support Tickets(CLDSUPDSK) - Analytics_54301524.html
2025-05-07 16:14:11,411 - root - INFO - Converting HTML to PDF: C:\Users\DELL\Documents\augment-projects\Atlassian Confluence Data Pipeline\output\html\CLOUD\new\Cloud Support Tickets(CLDSUPDSK) - Analytics_54301524.html -> C:\Users\DELL\Documents\augment-projects\Atlassian Confluence Data Pipeline\output\pdf\CLOUD\new\Cloud Support Tickets(CLDSUPDSK) - Analytics_54301524.pdf
2025-05-07 16:14:11,411 - root - INFO - Converting HTML to PDF: C:\Users\DELL\Documents\augment-projects\Atlassian Confluence Data Pipeline\output\html\CLOUD\new\Cloud Support Tickets(CLDSUPDSK) - Analytics_54301524.html -> C:\Users\DELL\Documents\augment-projects\Atlassian Confluence Data Pipeline\output\pdf\CLOUD\new\Cloud Support Tickets(CLDSUPDSK) - Analytics_54301524.pdf
2025-05-07 16:14:11,411 - output_generator.html_to_pdf_converter - INFO - Converting HTML file C:\Users\DELL\Documents\augment-projects\Atlassian Confluence Data Pipeline\output\html\CLOUD\new\Cloud Support Tickets(CLDSUPDSK) - Analytics_54301524.html to PDF C:\Users\DELL\Documents\augment-projects\Atlassian Confluence Data Pipeline\output\pdf\CLOUD\new\Cloud Support Tickets(CLDSUPDSK) - Analytics_54301524.pdf
2025-05-07 16:14:11,411 - output_generator.html_to_pdf_converter - INFO - Converting HTML file C:\Users\DELL\Documents\augment-projects\Atlassian Confluence Data Pipeline\output\html\CLOUD\new\Cloud Support Tickets(CLDSUPDSK) - Analytics_54301524.html to PDF C:\Users\DELL\Documents\augment-projects\Atlassian Confluence Data Pipeline\output\pdf\CLOUD\new\Cloud Support Tickets(CLDSUPDSK) - Analytics_54301524.pdf
