2025-05-04 21:31:08,287 - root - INFO - Logging initialized. Log file: C:\Users\DELL\Documents\augment-projects\Atlassian Confluence Data Pipeline\logs\confluence_pipeline_20250504_213108.log
2025-05-04 21:31:08,287 - utils.state_manager - INFO - Loaded state for 27 pages
2025-05-04 21:31:08,287 - output_generator.html_to_pdf_converter - INFO - Using wkhtmltopdf at: C:\Program Files\wkhtmltopdf\bin\wkhtmltopdf.exe
2025-05-04 21:31:08,298 - root - INFO - Fetching all pages in space 'AgenticAI'
2025-05-04 21:31:08,298 - api_client.confluence_client - INFO - Fetching pages in space 'AgenticAI'
2025-05-04 21:31:09,350 - api_client.confluence_client - INFO - Fetching page with ID: 473268937
2025-05-04 21:31:10,168 - api_client.confluence_client - INFO - Fetching page with ID: 473268952
2025-05-04 21:31:10,902 - api_client.confluence_client - INFO - Fetching page with ID: 473269082
2025-05-04 21:31:11,717 - api_client.confluence_client - INFO - Fetching page with ID: 473628714
2025-05-04 21:31:12,460 - api_client.confluence_client - INFO - Fetching page with ID: 473595989
2025-05-04 21:31:13,243 - api_client.confluence_client - INFO - Fetching page with ID: 473596002
2025-05-04 21:31:14,070 - api_client.confluence_client - INFO - Fetching page with ID: 473596020
2025-05-04 21:31:14,814 - api_client.confluence_client - INFO - Fetching page with ID: 473694220
2025-05-04 21:31:15,604 - api_client.confluence_client - INFO - Fetching page with ID: 474054705
2025-05-04 21:31:16,359 - api_client.confluence_client - INFO - Fetching page with ID: 474054761
2025-05-04 21:31:17,126 - api_client.confluence_client - INFO - Fetching page with ID: 478314851
2025-05-04 21:31:17,874 - api_client.confluence_client - INFO - Fetching page with ID: 473595975
2025-05-04 21:31:18,646 - api_client.confluence_client - INFO - Fetching page with ID: 473628775
2025-05-04 21:31:19,417 - api_client.confluence_client - INFO - Fetching page with ID: 474021958
2025-05-04 21:31:20,158 - api_client.confluence_client - INFO - Fetching page with ID: 478282569
2025-05-04 21:31:20,900 - api_client.confluence_client - INFO - Fetching page with ID: 474054739
2025-05-04 21:31:21,648 - api_client.confluence_client - INFO - Fetching page with ID: 473530691
2025-05-04 21:31:22,385 - api_client.confluence_client - INFO - Fetching page with ID: 481034946
2025-05-04 21:31:23,129 - api_client.confluence_client - INFO - Fetching page with ID: 473628787
2025-05-04 21:31:23,867 - api_client.confluence_client - INFO - Fetching page with ID: 479035486
2025-05-04 21:31:24,610 - api_client.confluence_client - INFO - Fetching page with ID: 473596031
2025-05-04 21:31:25,360 - api_client.confluence_client - INFO - Fetching page with ID: 477659502
2025-05-04 21:31:26,115 - api_client.confluence_client - INFO - Fetching page with ID: 477888517
2025-05-04 21:31:26,860 - api_client.confluence_client - INFO - Fetching page with ID: 477626611
2025-05-04 21:31:27,604 - api_client.confluence_client - INFO - Fetching page with ID: 477659535
2025-05-04 21:31:28,355 - api_client.confluence_client - INFO - Fetching page with ID: 474185759
2025-05-04 21:31:29,105 - api_client.confluence_client - INFO - Found 53 pages in space 'AgenticAI'
2025-05-04 21:31:29,105 - root - INFO - Found 53 pages in space 'AgenticAI'
2025-05-04 21:31:29,105 - utils.state_manager - INFO - Loaded state for 27 pages
2025-05-04 21:31:29,105 - utils.state_manager - INFO - Skipping page 'AgenticAI' (ID: 473268916) in space 'AgenticAI' - no changes since last processing
2025-05-04 21:31:29,105 - utils.state_manager - INFO - Skipping page 'Template - How-to guide' (ID: 473268937) in space 'AgenticAI' - no changes since last processing
2025-05-04 21:31:29,114 - utils.state_manager - INFO - Skipping page 'Template - Troubleshooting article' (ID: 473268952) in space 'AgenticAI' - no changes since last processing
2025-05-04 21:31:29,114 - utils.state_manager - INFO - Skipping page 'Documentation & Support Agent' (ID: 473269082) in space 'AgenticAI' - no changes since last processing
2025-05-04 21:31:29,116 - utils.state_manager - INFO - Skipping page 'API Listing and Details' (ID: 473530691) in space 'AgenticAI' - no changes since last processing
2025-05-04 21:31:29,116 - utils.state_manager - INFO - Skipping page 'Tasks for Doc or Support Agent' (ID: 473595975) in space 'AgenticAI' - no changes since last processing
2025-05-04 21:31:29,116 - utils.state_manager - INFO - Skipping page 'Agentic Solution - Architecture' (ID: 473595989) in space 'AgenticAI' - no changes since last processing
2025-05-04 21:31:29,116 - utils.state_manager - INFO - Skipping page 'Upgrade Documentation' (ID: 473596002) in space 'AgenticAI' - no changes since last processing
2025-05-04 21:31:29,116 - utils.state_manager - INFO - Skipping page 'Code Conversion' (ID: 473596020) in space 'AgenticAI' - no changes since last processing
2025-05-04 21:31:29,116 - utils.state_manager - INFO - Skipping page 'Editor usecase for Developer community- JS' (ID: 473596031) in space 'AgenticAI' - no changes since last processing
2025-05-04 21:31:29,116 - utils.state_manager - INFO - Skipping page 'Agentic Solution – Phase-wise Delivery Plan' (ID: 473628714) in space 'AgenticAI' - no changes since last processing
2025-05-04 21:31:29,116 - utils.state_manager - INFO - Skipping page 'Doc Agent - Code Flow - Current - as of 25-Apr-2025' (ID: 473628775) in space 'AgenticAI' - no changes since last processing
2025-05-04 21:31:29,126 - utils.state_manager - INFO - Skipping page 'Upgrade Concerns' (ID: 473628787) in space 'AgenticAI' - no changes since last processing
2025-05-04 21:31:29,126 - utils.state_manager - INFO - Skipping page 'QA Agent' (ID: 473694220) in space 'AgenticAI' - no changes since last processing
2025-05-04 21:31:29,126 - utils.state_manager - INFO - Skipping page 'High-Level Design (HLD) for Doc and Support Agent V1' (ID: 474021958) in space 'AgenticAI' - no changes since last processing
2025-05-04 21:31:29,126 - utils.state_manager - INFO - Skipping page 'Agentic AI Project Information' (ID: 474054705) in space 'AgenticAI' - no changes since last processing
2025-05-04 21:31:29,126 - utils.state_manager - INFO - Skipping page 'IUP Route for Metadata Changes - Overall Design' (ID: 474054739) in space 'AgenticAI' - no changes since last processing
2025-05-04 21:31:29,132 - utils.state_manager - INFO - Skipping page 'Agentic AI Solution – Repository Structure, Branching, Deployment, and Versioning Strategy' (ID: 474054761) in space 'AgenticAI' - no changes since last processing
2025-05-04 21:31:29,132 - utils.state_manager - INFO - Skipping page 'QA Multi-Agent Architecture' (ID: 474185759) in space 'AgenticAI' - no changes since last processing
2025-05-04 21:31:29,132 - utils.state_manager - INFO - Skipping page 'Requirement Doc - Backbone to React (ES6 Compatible) using Report API' (ID: 477626611) in space 'AgenticAI' - no changes since last processing
2025-05-04 21:31:29,132 - utils.state_manager - INFO - Skipping page 'Requirement Doc - JS to BR' (ID: 477659502) in space 'AgenticAI' - no changes since last processing
2025-05-04 21:31:29,132 - utils.state_manager - INFO - Skipping page 'PL/SQL to Emery Hooks Conversion – Requirements Document' (ID: 477659535) in space 'AgenticAI' - no changes since last processing
2025-05-04 21:31:29,132 - utils.state_manager - INFO - Skipping page 'Requirement Doc - Backbone to React (ES6 Compatible) using mPower API' (ID: 477888517) in space 'AgenticAI' - no changes since last processing
2025-05-04 21:31:29,132 - utils.state_manager - INFO - Skipping page 'Agentic AI Technology Stack' (ID: 478282569) in space 'AgenticAI' - no changes since last processing
2025-05-04 21:31:29,132 - utils.state_manager - INFO - Skipping page 'Upgrade AI - JS to BR (Requirement Document)' (ID: 478314851) in space 'AgenticAI' - no changes since last processing
2025-05-04 21:31:29,132 - utils.state_manager - INFO - Skipping page 'Upgrade and Designer Activities' (ID: 479035486) in space 'AgenticAI' - no changes since last processing
2025-05-04 21:31:29,132 - utils.state_manager - INFO - Skipping page 'Admin UX API & Wrapper API Service' (ID: 481034946) in space 'AgenticAI' - no changes since last processing
2025-05-04 21:31:29,144 - utils.state_manager - INFO - Skipping page 'Template - How-to guide' (ID: 473268937) in space 'AgenticAI' - no changes since last processing
2025-05-04 21:31:29,146 - utils.state_manager - INFO - Skipping page 'Template - Troubleshooting article' (ID: 473268952) in space 'AgenticAI' - no changes since last processing
2025-05-04 21:31:29,147 - utils.state_manager - INFO - Skipping page 'Documentation & Support Agent' (ID: 473269082) in space 'AgenticAI' - no changes since last processing
2025-05-04 21:31:29,147 - utils.state_manager - INFO - Skipping page 'Agentic Solution – Phase-wise Delivery Plan' (ID: 473628714) in space 'AgenticAI' - no changes since last processing
2025-05-04 21:31:29,149 - utils.state_manager - INFO - Skipping page 'Agentic Solution - Architecture' (ID: 473595989) in space 'AgenticAI' - no changes since last processing
2025-05-04 21:31:29,152 - utils.state_manager - INFO - Skipping page 'Upgrade Documentation' (ID: 473596002) in space 'AgenticAI' - no changes since last processing
2025-05-04 21:31:29,152 - utils.state_manager - INFO - Skipping page 'Code Conversion' (ID: 473596020) in space 'AgenticAI' - no changes since last processing
2025-05-04 21:31:29,154 - utils.state_manager - INFO - Skipping page 'QA Agent' (ID: 473694220) in space 'AgenticAI' - no changes since last processing
2025-05-04 21:31:29,154 - utils.state_manager - INFO - Skipping page 'Agentic AI Project Information' (ID: 474054705) in space 'AgenticAI' - no changes since last processing
2025-05-04 21:31:29,156 - utils.state_manager - INFO - Skipping page 'Agentic AI Solution – Repository Structure, Branching, Deployment, and Versioning Strategy' (ID: 474054761) in space 'AgenticAI' - no changes since last processing
2025-05-04 21:31:29,156 - utils.state_manager - INFO - Skipping page 'Upgrade AI - JS to BR (Requirement Document)' (ID: 478314851) in space 'AgenticAI' - no changes since last processing
2025-05-04 21:31:29,159 - utils.state_manager - INFO - Skipping page 'Tasks for Doc or Support Agent' (ID: 473595975) in space 'AgenticAI' - no changes since last processing
2025-05-04 21:31:29,163 - utils.state_manager - INFO - Skipping page 'Doc Agent - Code Flow - Current - as of 25-Apr-2025' (ID: 473628775) in space 'AgenticAI' - no changes since last processing
2025-05-04 21:31:29,165 - utils.state_manager - INFO - Skipping page 'High-Level Design (HLD) for Doc and Support Agent V1' (ID: 474021958) in space 'AgenticAI' - no changes since last processing
2025-05-04 21:31:29,165 - utils.state_manager - INFO - Skipping page 'Agentic AI Technology Stack' (ID: 478282569) in space 'AgenticAI' - no changes since last processing
2025-05-04 21:31:29,165 - utils.state_manager - INFO - Skipping page 'IUP Route for Metadata Changes - Overall Design' (ID: 474054739) in space 'AgenticAI' - no changes since last processing
2025-05-04 21:31:29,165 - utils.state_manager - INFO - Skipping page 'API Listing and Details' (ID: 473530691) in space 'AgenticAI' - no changes since last processing
2025-05-04 21:31:29,165 - utils.state_manager - INFO - Skipping page 'Admin UX API & Wrapper API Service' (ID: 481034946) in space 'AgenticAI' - no changes since last processing
2025-05-04 21:31:29,165 - utils.state_manager - INFO - Skipping page 'Upgrade Concerns' (ID: 473628787) in space 'AgenticAI' - no changes since last processing
2025-05-04 21:31:29,174 - utils.state_manager - INFO - Skipping page 'Upgrade and Designer Activities' (ID: 479035486) in space 'AgenticAI' - no changes since last processing
2025-05-04 21:31:29,176 - utils.state_manager - INFO - Skipping page 'Editor usecase for Developer community- JS' (ID: 473596031) in space 'AgenticAI' - no changes since last processing
2025-05-04 21:31:29,178 - utils.state_manager - INFO - Skipping page 'Requirement Doc - JS to BR' (ID: 477659502) in space 'AgenticAI' - no changes since last processing
2025-05-04 21:31:29,179 - utils.state_manager - INFO - Skipping page 'Requirement Doc - Backbone to React (ES6 Compatible) using mPower API' (ID: 477888517) in space 'AgenticAI' - no changes since last processing
2025-05-04 21:31:29,181 - utils.state_manager - INFO - Skipping page 'Requirement Doc - Backbone to React (ES6 Compatible) using Report API' (ID: 477626611) in space 'AgenticAI' - no changes since last processing
2025-05-04 21:31:29,183 - utils.state_manager - INFO - Skipping page 'PL/SQL to Emery Hooks Conversion – Requirements Document' (ID: 477659535) in space 'AgenticAI' - no changes since last processing
2025-05-04 21:31:29,185 - utils.state_manager - INFO - Skipping page 'QA Multi-Agent Architecture' (ID: 474185759) in space 'AgenticAI' - no changes since last processing
2025-05-04 21:31:29,185 - root - INFO - ==================================================
2025-05-04 21:31:29,185 - root - INFO - API Response Summary:
2025-05-04 21:31:29,185 - root - INFO -   Total Pages from API: 53
2025-05-04 21:31:29,189 - root - INFO - --------------------------------------------------
2025-05-04 21:31:29,189 - root - INFO - Content Fetching Summary:
2025-05-04 21:31:29,191 - root - INFO -   Processed: 0
2025-05-04 21:31:29,191 - root - INFO -   Skipped: 53
2025-05-04 21:31:29,195 - root - INFO -   Failed: 0
2025-05-04 21:31:29,197 - root - INFO - --------------------------------------------------
2025-05-04 21:31:29,197 - root - INFO - HTML Processing:
2025-05-04 21:31:29,197 - root - INFO -   Processed HTML: 0
2025-05-04 21:31:29,197 - root - INFO -   Skipped HTML: 53
2025-05-04 21:31:29,202 - root - INFO -   Failed HTML: 0
2025-05-04 21:31:29,202 - root - INFO - --------------------------------------------------
2025-05-04 21:31:29,202 - root - INFO - PDF Processing:
2025-05-04 21:31:29,202 - root - INFO -   Processed PDF: 0
2025-05-04 21:31:29,202 - root - INFO -   Skipped PDF: 53
2025-05-04 21:31:29,209 - root - INFO -   Failed PDF: 0
2025-05-04 21:31:29,209 - root - INFO - ==================================================
