2025-04-28 23:46:41,056 - root - INFO - Logging initialized. Log file: C:\Users\DELL\Documents\augment-projects\Atlassian Confluence Data Pipeline\logs\confluence_pipeline_20250428_234641.log
2025-04-28 23:46:41,058 - utils.state_manager - WARNING - Invalid JSON in state file C:\Users\DELL\Documents\augment-projects\Atlassian Confluence Data Pipeline\state.json. Creating new state.
2025-04-28 23:46:41,058 - output_generator.html_to_pdf_converter - INFO - Using wkhtmltopdf at: C:\Program Files\wkhtmltopdf\bin\wkhtmltopdf.exe
2025-04-28 23:46:41,060 - root - INFO - Fetching all pages in space 'AgenticAI'
2025-04-28 23:46:41,060 - api_client.confluence_client - INFO - Fetching pages in space 'AgenticAI'
2025-04-28 23:46:41,914 - api_client.confluence_client - INFO - Fetching page with ID: 473268937
2025-04-28 23:46:42,717 - api_client.confluence_client - INFO - Fetching page with ID: 473268952
2025-04-28 23:46:43,460 - api_client.confluence_client - INFO - Fetching page with ID: 473628714
2025-04-28 23:46:44,251 - api_client.confluence_client - INFO - Fetching page with ID: 473595989
2025-04-28 23:46:45,094 - api_client.confluence_client - INFO - Fetching page with ID: 473596002
2025-04-28 23:46:45,894 - api_client.confluence_client - INFO - Fetching page with ID: 473596020
2025-04-28 23:46:46,667 - api_client.confluence_client - INFO - Fetching page with ID: 473694220
2025-04-28 23:46:47,464 - api_client.confluence_client - INFO - Fetching page with ID: 474054705
2025-04-28 23:46:48,225 - api_client.confluence_client - INFO - Fetching page with ID: 474054761
2025-04-28 23:46:48,984 - api_client.confluence_client - INFO - Fetching page with ID: 473595975
2025-04-28 23:46:49,788 - api_client.confluence_client - INFO - Fetching page with ID: 473628775
2025-04-28 23:46:50,580 - api_client.confluence_client - INFO - Fetching page with ID: 474021958
2025-04-28 23:46:51,329 - api_client.confluence_client - INFO - Fetching page with ID: 473628787
2025-04-28 23:46:52,092 - api_client.confluence_client - INFO - Fetching page with ID: 473596031
2025-04-28 23:46:52,844 - api_client.confluence_client - INFO - Fetching page with ID: 473269082
2025-04-28 23:46:53,609 - api_client.confluence_client - INFO - Fetching page with ID: 473530691
2025-04-28 23:46:54,368 - api_client.confluence_client - INFO - Fetching page with ID: 474054739
2025-04-28 23:46:55,151 - api_client.confluence_client - INFO - Fetching page with ID: 474185759
2025-04-28 23:46:55,977 - api_client.confluence_client - INFO - Found 37 pages in space 'AgenticAI'
2025-04-28 23:46:55,977 - root - INFO - Found 37 pages in space 'AgenticAI'
2025-04-28 23:46:55,977 - root - INFO - Processing page 'AgenticAI' (ID: 473268916)
2025-04-28 23:46:55,980 - output_generator.html_generator - INFO - Generating HTML for page 'AgenticAI' (ID: 473268916)
2025-04-28 23:46:55,997 - output_generator.html_generator - INFO - HTML saved to C:\Users\DELL\Documents\augment-projects\Atlassian Confluence Data Pipeline\output\html\AgenticAI\AgenticAI_473268916.html
2025-04-28 23:46:56,002 - root - INFO - Converting HTML to PDF: C:\Users\DELL\Documents\augment-projects\Atlassian Confluence Data Pipeline\output\html\AgenticAI\AgenticAI_473268916.html -> C:\Users\DELL\Documents\augment-projects\Atlassian Confluence Data Pipeline\output\pdf\AgenticAI\AgenticAI_473268916.pdf
2025-04-28 23:46:56,004 - output_generator.html_to_pdf_converter - INFO - Converting HTML file C:\Users\DELL\Documents\augment-projects\Atlassian Confluence Data Pipeline\output\html\AgenticAI\AgenticAI_473268916.html to PDF C:\Users\DELL\Documents\augment-projects\Atlassian Confluence Data Pipeline\output\pdf\AgenticAI\AgenticAI_473268916.pdf
2025-04-28 23:46:59,673 - output_generator.html_to_pdf_converter - INFO - Successfully converted HTML to PDF: C:\Users\DELL\Documents\augment-projects\Atlassian Confluence Data Pipeline\output\pdf\AgenticAI\AgenticAI_473268916.pdf
2025-04-28 23:46:59,673 - root - INFO - Successfully converted HTML to PDF for page 'AgenticAI' (ID: 473268916)
2025-04-28 23:46:59,677 - utils.state_manager - INFO - Saved state for 1 pages
2025-04-28 23:46:59,677 - root - INFO - Processing page 'Template - How-to guide' (ID: 473268937)
2025-04-28 23:46:59,677 - output_generator.html_generator - INFO - Generating HTML for page 'Template - How-to guide' (ID: 473268937)
2025-04-28 23:46:59,682 - output_generator.html_generator - INFO - HTML saved to C:\Users\DELL\Documents\augment-projects\Atlassian Confluence Data Pipeline\output\html\AgenticAI\Template - How-to guide_473268937.html
2025-04-28 23:46:59,685 - root - INFO - Converting HTML to PDF: C:\Users\DELL\Documents\augment-projects\Atlassian Confluence Data Pipeline\output\html\AgenticAI\Template - How-to guide_473268937.html -> C:\Users\DELL\Documents\augment-projects\Atlassian Confluence Data Pipeline\output\pdf\AgenticAI\Template - How-to guide_473268937.pdf
2025-04-28 23:46:59,685 - output_generator.html_to_pdf_converter - INFO - Converting HTML file C:\Users\DELL\Documents\augment-projects\Atlassian Confluence Data Pipeline\output\html\AgenticAI\Template - How-to guide_473268937.html to PDF C:\Users\DELL\Documents\augment-projects\Atlassian Confluence Data Pipeline\output\pdf\AgenticAI\Template - How-to guide_473268937.pdf
2025-04-28 23:47:02,913 - output_generator.html_to_pdf_converter - INFO - Successfully converted HTML to PDF: C:\Users\DELL\Documents\augment-projects\Atlassian Confluence Data Pipeline\output\pdf\AgenticAI\Template - How-to guide_473268937.pdf
2025-04-28 23:47:02,913 - root - INFO - Successfully converted HTML to PDF for page 'Template - How-to guide' (ID: 473268937)
2025-04-28 23:47:02,915 - utils.state_manager - INFO - Saved state for 2 pages
2025-04-28 23:47:02,915 - root - INFO - Processing page 'Template - Troubleshooting article' (ID: 473268952)
2025-04-28 23:47:02,915 - output_generator.html_generator - INFO - Generating HTML for page 'Template - Troubleshooting article' (ID: 473268952)
2025-04-28 23:47:02,920 - output_generator.html_generator - INFO - HTML saved to C:\Users\DELL\Documents\augment-projects\Atlassian Confluence Data Pipeline\output\html\AgenticAI\Template - Troubleshooting article_473268952.html
2025-04-28 23:47:02,922 - root - INFO - Converting HTML to PDF: C:\Users\DELL\Documents\augment-projects\Atlassian Confluence Data Pipeline\output\html\AgenticAI\Template - Troubleshooting article_473268952.html -> C:\Users\DELL\Documents\augment-projects\Atlassian Confluence Data Pipeline\output\pdf\AgenticAI\Template - Troubleshooting article_473268952.pdf
2025-04-28 23:47:02,922 - output_generator.html_to_pdf_converter - INFO - Converting HTML file C:\Users\DELL\Documents\augment-projects\Atlassian Confluence Data Pipeline\output\html\AgenticAI\Template - Troubleshooting article_473268952.html to PDF C:\Users\DELL\Documents\augment-projects\Atlassian Confluence Data Pipeline\output\pdf\AgenticAI\Template - Troubleshooting article_473268952.pdf
2025-04-28 23:47:06,104 - output_generator.html_to_pdf_converter - INFO - Successfully converted HTML to PDF: C:\Users\DELL\Documents\augment-projects\Atlassian Confluence Data Pipeline\output\pdf\AgenticAI\Template - Troubleshooting article_473268952.pdf
2025-04-28 23:47:06,104 - root - INFO - Successfully converted HTML to PDF for page 'Template - Troubleshooting article' (ID: 473268952)
2025-04-28 23:47:06,107 - utils.state_manager - INFO - Saved state for 3 pages
2025-04-28 23:47:06,107 - root - INFO - Processing page 'Documentation & Support Agent' (ID: 473269082)
2025-04-28 23:47:06,110 - output_generator.html_generator - INFO - Generating HTML for page 'Documentation & Support Agent' (ID: 473269082)
2025-04-28 23:47:06,144 - output_generator.html_generator - INFO - HTML saved to C:\Users\DELL\Documents\augment-projects\Atlassian Confluence Data Pipeline\output\html\AgenticAI\Documentation & Support Agent_473269082.html
2025-04-28 23:47:06,147 - root - INFO - Converting HTML to PDF: C:\Users\DELL\Documents\augment-projects\Atlassian Confluence Data Pipeline\output\html\AgenticAI\Documentation & Support Agent_473269082.html -> C:\Users\DELL\Documents\augment-projects\Atlassian Confluence Data Pipeline\output\pdf\AgenticAI\Documentation & Support Agent_473269082.pdf
2025-04-28 23:47:06,147 - output_generator.html_to_pdf_converter - INFO - Converting HTML file C:\Users\DELL\Documents\augment-projects\Atlassian Confluence Data Pipeline\output\html\AgenticAI\Documentation & Support Agent_473269082.html to PDF C:\Users\DELL\Documents\augment-projects\Atlassian Confluence Data Pipeline\output\pdf\AgenticAI\Documentation & Support Agent_473269082.pdf
2025-04-28 23:47:09,461 - output_generator.html_to_pdf_converter - INFO - Successfully converted HTML to PDF: C:\Users\DELL\Documents\augment-projects\Atlassian Confluence Data Pipeline\output\pdf\AgenticAI\Documentation & Support Agent_473269082.pdf
2025-04-28 23:47:09,461 - root - INFO - Successfully converted HTML to PDF for page 'Documentation & Support Agent' (ID: 473269082)
2025-04-28 23:47:09,472 - utils.state_manager - INFO - Saved state for 4 pages
2025-04-28 23:47:09,472 - root - INFO - Processing page 'API Listing and Details' (ID: 473530691)
2025-04-28 23:47:09,477 - output_generator.html_generator - INFO - Generating HTML for page 'API Listing and Details' (ID: 473530691)
2025-04-28 23:47:11,099 - output_generator.html_generator - INFO - HTML saved to C:\Users\DELL\Documents\augment-projects\Atlassian Confluence Data Pipeline\output\html\AgenticAI\API Listing and Details_473530691.html
2025-04-28 23:47:11,106 - root - INFO - Converting HTML to PDF: C:\Users\DELL\Documents\augment-projects\Atlassian Confluence Data Pipeline\output\html\AgenticAI\API Listing and Details_473530691.html -> C:\Users\DELL\Documents\augment-projects\Atlassian Confluence Data Pipeline\output\pdf\AgenticAI\API Listing and Details_473530691.pdf
2025-04-28 23:47:11,106 - output_generator.html_to_pdf_converter - INFO - Converting HTML file C:\Users\DELL\Documents\augment-projects\Atlassian Confluence Data Pipeline\output\html\AgenticAI\API Listing and Details_473530691.html to PDF C:\Users\DELL\Documents\augment-projects\Atlassian Confluence Data Pipeline\output\pdf\AgenticAI\API Listing and Details_473530691.pdf
2025-04-28 23:47:14,740 - output_generator.html_to_pdf_converter - INFO - Successfully converted HTML to PDF: C:\Users\DELL\Documents\augment-projects\Atlassian Confluence Data Pipeline\output\pdf\AgenticAI\API Listing and Details_473530691.pdf
2025-04-28 23:47:14,741 - root - INFO - Successfully converted HTML to PDF for page 'API Listing and Details' (ID: 473530691)
2025-04-28 23:47:14,742 - utils.state_manager - INFO - Saved state for 5 pages
2025-04-28 23:47:14,744 - root - INFO - Processing page 'Tasks for Doc or Support Agent' (ID: 473595975)
2025-04-28 23:47:14,744 - output_generator.html_generator - INFO - Generating HTML for page 'Tasks for Doc or Support Agent' (ID: 473595975)
2025-04-28 23:47:14,776 - output_generator.html_generator - INFO - HTML saved to C:\Users\DELL\Documents\augment-projects\Atlassian Confluence Data Pipeline\output\html\AgenticAI\Tasks for Doc or Support Agent_473595975.html
2025-04-28 23:47:14,778 - root - INFO - Converting HTML to PDF: C:\Users\DELL\Documents\augment-projects\Atlassian Confluence Data Pipeline\output\html\AgenticAI\Tasks for Doc or Support Agent_473595975.html -> C:\Users\DELL\Documents\augment-projects\Atlassian Confluence Data Pipeline\output\pdf\AgenticAI\Tasks for Doc or Support Agent_473595975.pdf
2025-04-28 23:47:14,779 - output_generator.html_to_pdf_converter - INFO - Converting HTML file C:\Users\DELL\Documents\augment-projects\Atlassian Confluence Data Pipeline\output\html\AgenticAI\Tasks for Doc or Support Agent_473595975.html to PDF C:\Users\DELL\Documents\augment-projects\Atlassian Confluence Data Pipeline\output\pdf\AgenticAI\Tasks for Doc or Support Agent_473595975.pdf
2025-04-28 23:47:17,716 - output_generator.html_to_pdf_converter - INFO - Successfully converted HTML to PDF: C:\Users\DELL\Documents\augment-projects\Atlassian Confluence Data Pipeline\output\pdf\AgenticAI\Tasks for Doc or Support Agent_473595975.pdf
2025-04-28 23:47:17,717 - root - INFO - Successfully converted HTML to PDF for page 'Tasks for Doc or Support Agent' (ID: 473595975)
2025-04-28 23:47:17,717 - utils.state_manager - INFO - Saved state for 6 pages
2025-04-28 23:47:17,717 - root - INFO - Processing page '[Draft] Agentic Solution - Architecture' (ID: 473595989)
2025-04-28 23:47:17,717 - output_generator.html_generator - INFO - Generating HTML for page '[Draft] Agentic Solution - Architecture' (ID: 473595989)
2025-04-28 23:47:20,549 - output_generator.html_generator - INFO - HTML saved to C:\Users\DELL\Documents\augment-projects\Atlassian Confluence Data Pipeline\output\html\AgenticAI\[Draft] Agentic Solution - Architecture_473595989.html
2025-04-28 23:47:20,552 - root - INFO - Converting HTML to PDF: C:\Users\DELL\Documents\augment-projects\Atlassian Confluence Data Pipeline\output\html\AgenticAI\[Draft] Agentic Solution - Architecture_473595989.html -> C:\Users\DELL\Documents\augment-projects\Atlassian Confluence Data Pipeline\output\pdf\AgenticAI\[Draft] Agentic Solution - Architecture_473595989.pdf
2025-04-28 23:47:20,554 - output_generator.html_to_pdf_converter - INFO - Converting HTML file C:\Users\DELL\Documents\augment-projects\Atlassian Confluence Data Pipeline\output\html\AgenticAI\[Draft] Agentic Solution - Architecture_473595989.html to PDF C:\Users\DELL\Documents\augment-projects\Atlassian Confluence Data Pipeline\output\pdf\AgenticAI\[Draft] Agentic Solution - Architecture_473595989.pdf
2025-04-28 23:47:24,759 - output_generator.html_to_pdf_converter - INFO - Successfully converted HTML to PDF: C:\Users\DELL\Documents\augment-projects\Atlassian Confluence Data Pipeline\output\pdf\AgenticAI\[Draft] Agentic Solution - Architecture_473595989.pdf
2025-04-28 23:47:24,760 - root - INFO - Successfully converted HTML to PDF for page '[Draft] Agentic Solution - Architecture' (ID: 473595989)
2025-04-28 23:47:24,760 - utils.state_manager - INFO - Saved state for 7 pages
2025-04-28 23:47:24,762 - root - INFO - Processing page 'Upgrade Documentation' (ID: 473596002)
2025-04-28 23:47:24,762 - output_generator.html_generator - INFO - Generating HTML for page 'Upgrade Documentation' (ID: 473596002)
2025-04-28 23:47:24,762 - output_generator.html_generator - INFO - HTML saved to C:\Users\DELL\Documents\augment-projects\Atlassian Confluence Data Pipeline\output\html\AgenticAI\Upgrade Documentation_473596002.html
2025-04-28 23:47:24,762 - root - INFO - Converting HTML to PDF: C:\Users\DELL\Documents\augment-projects\Atlassian Confluence Data Pipeline\output\html\AgenticAI\Upgrade Documentation_473596002.html -> C:\Users\DELL\Documents\augment-projects\Atlassian Confluence Data Pipeline\output\pdf\AgenticAI\Upgrade Documentation_473596002.pdf
2025-04-28 23:47:24,762 - output_generator.html_to_pdf_converter - INFO - Converting HTML file C:\Users\DELL\Documents\augment-projects\Atlassian Confluence Data Pipeline\output\html\AgenticAI\Upgrade Documentation_473596002.html to PDF C:\Users\DELL\Documents\augment-projects\Atlassian Confluence Data Pipeline\output\pdf\AgenticAI\Upgrade Documentation_473596002.pdf
2025-04-28 23:47:27,826 - output_generator.html_to_pdf_converter - INFO - Successfully converted HTML to PDF: C:\Users\DELL\Documents\augment-projects\Atlassian Confluence Data Pipeline\output\pdf\AgenticAI\Upgrade Documentation_473596002.pdf
2025-04-28 23:47:27,826 - root - INFO - Successfully converted HTML to PDF for page 'Upgrade Documentation' (ID: 473596002)
2025-04-28 23:47:27,838 - utils.state_manager - INFO - Saved state for 8 pages
2025-04-28 23:47:27,839 - root - INFO - Processing page 'Code Conversion' (ID: 473596020)
2025-04-28 23:47:27,839 - output_generator.html_generator - INFO - Generating HTML for page 'Code Conversion' (ID: 473596020)
2025-04-28 23:47:27,843 - output_generator.html_generator - INFO - HTML saved to C:\Users\DELL\Documents\augment-projects\Atlassian Confluence Data Pipeline\output\html\AgenticAI\Code Conversion_473596020.html
2025-04-28 23:47:27,843 - root - INFO - Converting HTML to PDF: C:\Users\DELL\Documents\augment-projects\Atlassian Confluence Data Pipeline\output\html\AgenticAI\Code Conversion_473596020.html -> C:\Users\DELL\Documents\augment-projects\Atlassian Confluence Data Pipeline\output\pdf\AgenticAI\Code Conversion_473596020.pdf
2025-04-28 23:47:27,845 - output_generator.html_to_pdf_converter - INFO - Converting HTML file C:\Users\DELL\Documents\augment-projects\Atlassian Confluence Data Pipeline\output\html\AgenticAI\Code Conversion_473596020.html to PDF C:\Users\DELL\Documents\augment-projects\Atlassian Confluence Data Pipeline\output\pdf\AgenticAI\Code Conversion_473596020.pdf
2025-04-28 23:47:31,284 - output_generator.html_to_pdf_converter - INFO - Successfully converted HTML to PDF: C:\Users\DELL\Documents\augment-projects\Atlassian Confluence Data Pipeline\output\pdf\AgenticAI\Code Conversion_473596020.pdf
2025-04-28 23:47:31,287 - root - INFO - Successfully converted HTML to PDF for page 'Code Conversion' (ID: 473596020)
2025-04-28 23:47:31,294 - utils.state_manager - INFO - Saved state for 9 pages
2025-04-28 23:47:31,299 - root - INFO - Processing page 'Editor usecase for Developer community- JS' (ID: 473596031)
2025-04-28 23:47:31,301 - output_generator.html_generator - INFO - Generating HTML for page 'Editor usecase for Developer community- JS' (ID: 473596031)
2025-04-28 23:47:31,316 - output_generator.html_generator - INFO - HTML saved to C:\Users\DELL\Documents\augment-projects\Atlassian Confluence Data Pipeline\output\html\AgenticAI\Editor usecase for Developer community- JS_473596031.html
2025-04-28 23:47:31,318 - root - INFO - Converting HTML to PDF: C:\Users\DELL\Documents\augment-projects\Atlassian Confluence Data Pipeline\output\html\AgenticAI\Editor usecase for Developer community- JS_473596031.html -> C:\Users\DELL\Documents\augment-projects\Atlassian Confluence Data Pipeline\output\pdf\AgenticAI\Editor usecase for Developer community- JS_473596031.pdf
2025-04-28 23:47:31,322 - output_generator.html_to_pdf_converter - INFO - Converting HTML file C:\Users\DELL\Documents\augment-projects\Atlassian Confluence Data Pipeline\output\html\AgenticAI\Editor usecase for Developer community- JS_473596031.html to PDF C:\Users\DELL\Documents\augment-projects\Atlassian Confluence Data Pipeline\output\pdf\AgenticAI\Editor usecase for Developer community- JS_473596031.pdf
2025-04-28 23:47:34,464 - output_generator.html_to_pdf_converter - INFO - Successfully converted HTML to PDF: C:\Users\DELL\Documents\augment-projects\Atlassian Confluence Data Pipeline\output\pdf\AgenticAI\Editor usecase for Developer community- JS_473596031.pdf
2025-04-28 23:47:34,464 - root - INFO - Successfully converted HTML to PDF for page 'Editor usecase for Developer community- JS' (ID: 473596031)
2025-04-28 23:47:34,478 - utils.state_manager - INFO - Saved state for 10 pages
2025-04-28 23:47:34,480 - root - INFO - Processing page 'Agentic Solution – Phase-wise Delivery Plan' (ID: 473628714)
2025-04-28 23:47:34,482 - output_generator.html_generator - INFO - Generating HTML for page 'Agentic Solution – Phase-wise Delivery Plan' (ID: 473628714)
2025-04-28 23:47:34,495 - output_generator.html_generator - INFO - HTML saved to C:\Users\DELL\Documents\augment-projects\Atlassian Confluence Data Pipeline\output\html\AgenticAI\Agentic Solution – Phase-wise Delivery Plan_473628714.html
2025-04-28 23:47:34,495 - root - INFO - Converting HTML to PDF: C:\Users\DELL\Documents\augment-projects\Atlassian Confluence Data Pipeline\output\html\AgenticAI\Agentic Solution – Phase-wise Delivery Plan_473628714.html -> C:\Users\DELL\Documents\augment-projects\Atlassian Confluence Data Pipeline\output\pdf\AgenticAI\Agentic Solution – Phase-wise Delivery Plan_473628714.pdf
2025-04-28 23:47:34,495 - output_generator.html_to_pdf_converter - INFO - Converting HTML file C:\Users\DELL\Documents\augment-projects\Atlassian Confluence Data Pipeline\output\html\AgenticAI\Agentic Solution – Phase-wise Delivery Plan_473628714.html to PDF C:\Users\DELL\Documents\augment-projects\Atlassian Confluence Data Pipeline\output\pdf\AgenticAI\Agentic Solution – Phase-wise Delivery Plan_473628714.pdf
2025-04-28 23:47:37,598 - output_generator.html_to_pdf_converter - INFO - Successfully converted HTML to PDF: C:\Users\DELL\Documents\augment-projects\Atlassian Confluence Data Pipeline\output\pdf\AgenticAI\Agentic Solution – Phase-wise Delivery Plan_473628714.pdf
2025-04-28 23:47:37,598 - root - INFO - Successfully converted HTML to PDF for page 'Agentic Solution – Phase-wise Delivery Plan' (ID: 473628714)
2025-04-28 23:47:37,598 - utils.state_manager - INFO - Saved state for 11 pages
2025-04-28 23:47:37,610 - root - INFO - Processing page 'Doc Agent - Code Flow - Current - as of 25-Apr-2025' (ID: 473628775)
2025-04-28 23:47:37,610 - output_generator.html_generator - INFO - Generating HTML for page 'Doc Agent - Code Flow - Current - as of 25-Apr-2025' (ID: 473628775)
2025-04-28 23:47:38,970 - output_generator.html_generator - INFO - HTML saved to C:\Users\DELL\Documents\augment-projects\Atlassian Confluence Data Pipeline\output\html\AgenticAI\Doc Agent - Code Flow - Current - as of 25-Apr-2025_473628775.html
2025-04-28 23:47:38,973 - root - INFO - Converting HTML to PDF: C:\Users\DELL\Documents\augment-projects\Atlassian Confluence Data Pipeline\output\html\AgenticAI\Doc Agent - Code Flow - Current - as of 25-Apr-2025_473628775.html -> C:\Users\DELL\Documents\augment-projects\Atlassian Confluence Data Pipeline\output\pdf\AgenticAI\Doc Agent - Code Flow - Current - as of 25-Apr-2025_473628775.pdf
2025-04-28 23:47:38,975 - output_generator.html_to_pdf_converter - INFO - Converting HTML file C:\Users\DELL\Documents\augment-projects\Atlassian Confluence Data Pipeline\output\html\AgenticAI\Doc Agent - Code Flow - Current - as of 25-Apr-2025_473628775.html to PDF C:\Users\DELL\Documents\augment-projects\Atlassian Confluence Data Pipeline\output\pdf\AgenticAI\Doc Agent - Code Flow - Current - as of 25-Apr-2025_473628775.pdf
2025-04-28 23:47:42,905 - output_generator.html_to_pdf_converter - INFO - Successfully converted HTML to PDF: C:\Users\DELL\Documents\augment-projects\Atlassian Confluence Data Pipeline\output\pdf\AgenticAI\Doc Agent - Code Flow - Current - as of 25-Apr-2025_473628775.pdf
2025-04-28 23:47:42,905 - root - INFO - Successfully converted HTML to PDF for page 'Doc Agent - Code Flow - Current - as of 25-Apr-2025' (ID: 473628775)
2025-04-28 23:47:42,905 - utils.state_manager - INFO - Saved state for 12 pages
2025-04-28 23:47:42,912 - root - INFO - Processing page 'Upgrade Concerns' (ID: 473628787)
2025-04-28 23:47:42,912 - output_generator.html_generator - INFO - Generating HTML for page 'Upgrade Concerns' (ID: 473628787)
2025-04-28 23:47:42,926 - output_generator.html_generator - INFO - HTML saved to C:\Users\DELL\Documents\augment-projects\Atlassian Confluence Data Pipeline\output\html\AgenticAI\Upgrade Concerns_473628787.html
2025-04-28 23:47:42,927 - root - INFO - Converting HTML to PDF: C:\Users\DELL\Documents\augment-projects\Atlassian Confluence Data Pipeline\output\html\AgenticAI\Upgrade Concerns_473628787.html -> C:\Users\DELL\Documents\augment-projects\Atlassian Confluence Data Pipeline\output\pdf\AgenticAI\Upgrade Concerns_473628787.pdf
2025-04-28 23:47:42,927 - output_generator.html_to_pdf_converter - INFO - Converting HTML file C:\Users\DELL\Documents\augment-projects\Atlassian Confluence Data Pipeline\output\html\AgenticAI\Upgrade Concerns_473628787.html to PDF C:\Users\DELL\Documents\augment-projects\Atlassian Confluence Data Pipeline\output\pdf\AgenticAI\Upgrade Concerns_473628787.pdf
2025-04-28 23:47:45,888 - output_generator.html_to_pdf_converter - INFO - Successfully converted HTML to PDF: C:\Users\DELL\Documents\augment-projects\Atlassian Confluence Data Pipeline\output\pdf\AgenticAI\Upgrade Concerns_473628787.pdf
2025-04-28 23:47:45,888 - root - INFO - Successfully converted HTML to PDF for page 'Upgrade Concerns' (ID: 473628787)
2025-04-28 23:47:45,896 - utils.state_manager - INFO - Saved state for 13 pages
2025-04-28 23:47:45,896 - root - INFO - Processing page 'QA Agent' (ID: 473694220)
2025-04-28 23:47:45,896 - output_generator.html_generator - INFO - Generating HTML for page 'QA Agent' (ID: 473694220)
2025-04-28 23:47:45,901 - output_generator.html_generator - INFO - HTML saved to C:\Users\DELL\Documents\augment-projects\Atlassian Confluence Data Pipeline\output\html\AgenticAI\QA Agent_473694220.html
2025-04-28 23:47:45,902 - root - INFO - Converting HTML to PDF: C:\Users\DELL\Documents\augment-projects\Atlassian Confluence Data Pipeline\output\html\AgenticAI\QA Agent_473694220.html -> C:\Users\DELL\Documents\augment-projects\Atlassian Confluence Data Pipeline\output\pdf\AgenticAI\QA Agent_473694220.pdf
2025-04-28 23:47:45,902 - output_generator.html_to_pdf_converter - INFO - Converting HTML file C:\Users\DELL\Documents\augment-projects\Atlassian Confluence Data Pipeline\output\html\AgenticAI\QA Agent_473694220.html to PDF C:\Users\DELL\Documents\augment-projects\Atlassian Confluence Data Pipeline\output\pdf\AgenticAI\QA Agent_473694220.pdf
2025-04-28 23:47:48,883 - output_generator.html_to_pdf_converter - INFO - Successfully converted HTML to PDF: C:\Users\DELL\Documents\augment-projects\Atlassian Confluence Data Pipeline\output\pdf\AgenticAI\QA Agent_473694220.pdf
2025-04-28 23:47:48,883 - root - INFO - Successfully converted HTML to PDF for page 'QA Agent' (ID: 473694220)
2025-04-28 23:47:48,883 - utils.state_manager - INFO - Saved state for 14 pages
2025-04-28 23:47:48,883 - root - INFO - Processing page 'High-Level Design (HLD) for Doc and Support Agent V1' (ID: 474021958)
2025-04-28 23:47:48,883 - output_generator.html_generator - INFO - Generating HTML for page 'High-Level Design (HLD) for Doc and Support Agent V1' (ID: 474021958)
2025-04-28 23:47:49,774 - output_generator.html_generator - INFO - HTML saved to C:\Users\DELL\Documents\augment-projects\Atlassian Confluence Data Pipeline\output\html\AgenticAI\High-Level Design (HLD) for Doc and Support Agent V1_474021958.html
2025-04-28 23:47:49,780 - root - INFO - Converting HTML to PDF: C:\Users\DELL\Documents\augment-projects\Atlassian Confluence Data Pipeline\output\html\AgenticAI\High-Level Design (HLD) for Doc and Support Agent V1_474021958.html -> C:\Users\DELL\Documents\augment-projects\Atlassian Confluence Data Pipeline\output\pdf\AgenticAI\High-Level Design (HLD) for Doc and Support Agent V1_474021958.pdf
2025-04-28 23:47:49,781 - output_generator.html_to_pdf_converter - INFO - Converting HTML file C:\Users\DELL\Documents\augment-projects\Atlassian Confluence Data Pipeline\output\html\AgenticAI\High-Level Design (HLD) for Doc and Support Agent V1_474021958.html to PDF C:\Users\DELL\Documents\augment-projects\Atlassian Confluence Data Pipeline\output\pdf\AgenticAI\High-Level Design (HLD) for Doc and Support Agent V1_474021958.pdf
2025-04-28 23:47:55,220 - output_generator.html_to_pdf_converter - INFO - Successfully converted HTML to PDF: C:\Users\DELL\Documents\augment-projects\Atlassian Confluence Data Pipeline\output\pdf\AgenticAI\High-Level Design (HLD) for Doc and Support Agent V1_474021958.pdf
2025-04-28 23:47:55,220 - root - INFO - Successfully converted HTML to PDF for page 'High-Level Design (HLD) for Doc and Support Agent V1' (ID: 474021958)
2025-04-28 23:47:55,220 - utils.state_manager - INFO - Saved state for 15 pages
2025-04-28 23:47:55,220 - root - INFO - Processing page 'Agnetic AI Project Information' (ID: 474054705)
2025-04-28 23:47:55,220 - output_generator.html_generator - INFO - Generating HTML for page 'Agnetic AI Project Information' (ID: 474054705)
2025-04-28 23:47:55,238 - output_generator.html_generator - INFO - HTML saved to C:\Users\DELL\Documents\augment-projects\Atlassian Confluence Data Pipeline\output\html\AgenticAI\Agnetic AI Project Information_474054705.html
2025-04-28 23:47:55,238 - root - INFO - Converting HTML to PDF: C:\Users\DELL\Documents\augment-projects\Atlassian Confluence Data Pipeline\output\html\AgenticAI\Agnetic AI Project Information_474054705.html -> C:\Users\DELL\Documents\augment-projects\Atlassian Confluence Data Pipeline\output\pdf\AgenticAI\Agnetic AI Project Information_474054705.pdf
2025-04-28 23:47:55,238 - output_generator.html_to_pdf_converter - INFO - Converting HTML file C:\Users\DELL\Documents\augment-projects\Atlassian Confluence Data Pipeline\output\html\AgenticAI\Agnetic AI Project Information_474054705.html to PDF C:\Users\DELL\Documents\augment-projects\Atlassian Confluence Data Pipeline\output\pdf\AgenticAI\Agnetic AI Project Information_474054705.pdf
2025-04-28 23:47:58,275 - output_generator.html_to_pdf_converter - INFO - Successfully converted HTML to PDF: C:\Users\DELL\Documents\augment-projects\Atlassian Confluence Data Pipeline\output\pdf\AgenticAI\Agnetic AI Project Information_474054705.pdf
2025-04-28 23:47:58,275 - root - INFO - Successfully converted HTML to PDF for page 'Agnetic AI Project Information' (ID: 474054705)
2025-04-28 23:47:58,278 - utils.state_manager - INFO - Saved state for 16 pages
2025-04-28 23:47:58,278 - root - INFO - Processing page 'IUP Route for Metadata Changes - Overall Design' (ID: 474054739)
2025-04-28 23:47:58,278 - output_generator.html_generator - INFO - Generating HTML for page 'IUP Route for Metadata Changes - Overall Design' (ID: 474054739)
2025-04-28 23:47:59,194 - output_generator.html_generator - INFO - HTML saved to C:\Users\DELL\Documents\augment-projects\Atlassian Confluence Data Pipeline\output\html\AgenticAI\IUP Route for Metadata Changes - Overall Design_474054739.html
2025-04-28 23:47:59,196 - root - INFO - Converting HTML to PDF: C:\Users\DELL\Documents\augment-projects\Atlassian Confluence Data Pipeline\output\html\AgenticAI\IUP Route for Metadata Changes - Overall Design_474054739.html -> C:\Users\DELL\Documents\augment-projects\Atlassian Confluence Data Pipeline\output\pdf\AgenticAI\IUP Route for Metadata Changes - Overall Design_474054739.pdf
2025-04-28 23:47:59,196 - output_generator.html_to_pdf_converter - INFO - Converting HTML file C:\Users\DELL\Documents\augment-projects\Atlassian Confluence Data Pipeline\output\html\AgenticAI\IUP Route for Metadata Changes - Overall Design_474054739.html to PDF C:\Users\DELL\Documents\augment-projects\Atlassian Confluence Data Pipeline\output\pdf\AgenticAI\IUP Route for Metadata Changes - Overall Design_474054739.pdf
2025-04-28 23:48:02,973 - output_generator.html_to_pdf_converter - INFO - Successfully converted HTML to PDF: C:\Users\DELL\Documents\augment-projects\Atlassian Confluence Data Pipeline\output\pdf\AgenticAI\IUP Route for Metadata Changes - Overall Design_474054739.pdf
2025-04-28 23:48:02,973 - root - INFO - Successfully converted HTML to PDF for page 'IUP Route for Metadata Changes - Overall Design' (ID: 474054739)
2025-04-28 23:48:02,980 - utils.state_manager - INFO - Saved state for 17 pages
2025-04-28 23:48:02,982 - root - INFO - Processing page 'Agentic AI Solution – Repository Structure, Branching, Deployment, and Versioning Strategy' (ID: 474054761)
2025-04-28 23:48:02,983 - output_generator.html_generator - INFO - Generating HTML for page 'Agentic AI Solution – Repository Structure, Branching, Deployment, and Versioning Strategy' (ID: 474054761)
2025-04-28 23:48:03,005 - output_generator.html_generator - INFO - HTML saved to C:\Users\DELL\Documents\augment-projects\Atlassian Confluence Data Pipeline\output\html\AgenticAI\Agentic AI Solution – Repository Structure, Branching, Deployment, and Versioning Strategy_474054761.html
2025-04-28 23:48:03,005 - root - INFO - Converting HTML to PDF: C:\Users\DELL\Documents\augment-projects\Atlassian Confluence Data Pipeline\output\html\AgenticAI\Agentic AI Solution – Repository Structure, Branching, Deployment, and Versioning Strategy_474054761.html -> C:\Users\DELL\Documents\augment-projects\Atlassian Confluence Data Pipeline\output\pdf\AgenticAI\Agentic AI Solution – Repository Structure, Branching, Deployment, and Versioning Strategy_474054761.pdf
2025-04-28 23:48:03,005 - output_generator.html_to_pdf_converter - INFO - Converting HTML file C:\Users\DELL\Documents\augment-projects\Atlassian Confluence Data Pipeline\output\html\AgenticAI\Agentic AI Solution – Repository Structure, Branching, Deployment, and Versioning Strategy_474054761.html to PDF C:\Users\DELL\Documents\augment-projects\Atlassian Confluence Data Pipeline\output\pdf\AgenticAI\Agentic AI Solution – Repository Structure, Branching, Deployment, and Versioning Strategy_474054761.pdf
2025-04-28 23:48:05,851 - output_generator.html_to_pdf_converter - INFO - Successfully converted HTML to PDF: C:\Users\DELL\Documents\augment-projects\Atlassian Confluence Data Pipeline\output\pdf\AgenticAI\Agentic AI Solution – Repository Structure, Branching, Deployment, and Versioning Strategy_474054761.pdf
2025-04-28 23:48:05,851 - root - INFO - Successfully converted HTML to PDF for page 'Agentic AI Solution – Repository Structure, Branching, Deployment, and Versioning Strategy' (ID: 474054761)
2025-04-28 23:48:05,861 - utils.state_manager - INFO - Saved state for 18 pages
2025-04-28 23:48:05,861 - root - INFO - Processing page 'QA Multi-Agent Architecture' (ID: 474185759)
2025-04-28 23:48:05,865 - output_generator.html_generator - INFO - Generating HTML for page 'QA Multi-Agent Architecture' (ID: 474185759)
2025-04-28 23:48:06,766 - output_generator.html_generator - INFO - HTML saved to C:\Users\DELL\Documents\augment-projects\Atlassian Confluence Data Pipeline\output\html\AgenticAI\QA Multi-Agent Architecture_474185759.html
2025-04-28 23:48:06,766 - root - INFO - Converting HTML to PDF: C:\Users\DELL\Documents\augment-projects\Atlassian Confluence Data Pipeline\output\html\AgenticAI\QA Multi-Agent Architecture_474185759.html -> C:\Users\DELL\Documents\augment-projects\Atlassian Confluence Data Pipeline\output\pdf\AgenticAI\QA Multi-Agent Architecture_474185759.pdf
2025-04-28 23:48:06,769 - output_generator.html_to_pdf_converter - INFO - Converting HTML file C:\Users\DELL\Documents\augment-projects\Atlassian Confluence Data Pipeline\output\html\AgenticAI\QA Multi-Agent Architecture_474185759.html to PDF C:\Users\DELL\Documents\augment-projects\Atlassian Confluence Data Pipeline\output\pdf\AgenticAI\QA Multi-Agent Architecture_474185759.pdf
2025-04-28 23:48:10,491 - output_generator.html_to_pdf_converter - INFO - Successfully converted HTML to PDF: C:\Users\DELL\Documents\augment-projects\Atlassian Confluence Data Pipeline\output\pdf\AgenticAI\QA Multi-Agent Architecture_474185759.pdf
2025-04-28 23:48:10,491 - root - INFO - Successfully converted HTML to PDF for page 'QA Multi-Agent Architecture' (ID: 474185759)
2025-04-28 23:48:10,491 - utils.state_manager - INFO - Saved state for 19 pages
2025-04-28 23:48:10,505 - utils.state_manager - INFO - Skipping page 'Template - How-to guide' (ID: 473268937) in space 'AgenticAI' - no changes since last processing
2025-04-28 23:48:10,505 - utils.state_manager - INFO - Skipping page 'Template - Troubleshooting article' (ID: 473268952) in space 'AgenticAI' - no changes since last processing
2025-04-28 23:48:10,505 - utils.state_manager - INFO - Skipping page 'Agentic Solution – Phase-wise Delivery Plan' (ID: 473628714) in space 'AgenticAI' - no changes since last processing
2025-04-28 23:48:10,505 - utils.state_manager - INFO - Skipping page '[Draft] Agentic Solution - Architecture' (ID: 473595989) in space 'AgenticAI' - no changes since last processing
2025-04-28 23:48:10,505 - utils.state_manager - INFO - Skipping page 'Upgrade Documentation' (ID: 473596002) in space 'AgenticAI' - no changes since last processing
2025-04-28 23:48:10,505 - utils.state_manager - INFO - Skipping page 'Code Conversion' (ID: 473596020) in space 'AgenticAI' - no changes since last processing
2025-04-28 23:48:10,508 - utils.state_manager - INFO - Skipping page 'QA Agent' (ID: 473694220) in space 'AgenticAI' - no changes since last processing
2025-04-28 23:48:10,509 - utils.state_manager - INFO - Skipping page 'Agnetic AI Project Information' (ID: 474054705) in space 'AgenticAI' - no changes since last processing
2025-04-28 23:48:10,509 - utils.state_manager - INFO - Skipping page 'Agentic AI Solution – Repository Structure, Branching, Deployment, and Versioning Strategy' (ID: 474054761) in space 'AgenticAI' - no changes since last processing
2025-04-28 23:48:10,509 - utils.state_manager - INFO - Skipping page 'Tasks for Doc or Support Agent' (ID: 473595975) in space 'AgenticAI' - no changes since last processing
2025-04-28 23:48:10,509 - utils.state_manager - INFO - Skipping page 'Doc Agent - Code Flow - Current - as of 25-Apr-2025' (ID: 473628775) in space 'AgenticAI' - no changes since last processing
2025-04-28 23:48:10,511 - utils.state_manager - INFO - Skipping page 'High-Level Design (HLD) for Doc and Support Agent V1' (ID: 474021958) in space 'AgenticAI' - no changes since last processing
2025-04-28 23:48:10,512 - utils.state_manager - INFO - Skipping page 'Upgrade Concerns' (ID: 473628787) in space 'AgenticAI' - no changes since last processing
2025-04-28 23:48:10,512 - utils.state_manager - INFO - Skipping page 'Editor usecase for Developer community- JS' (ID: 473596031) in space 'AgenticAI' - no changes since last processing
2025-04-28 23:48:10,513 - utils.state_manager - INFO - Skipping page 'Documentation & Support Agent' (ID: 473269082) in space 'AgenticAI' - no changes since last processing
2025-04-28 23:48:10,513 - utils.state_manager - INFO - Skipping page 'API Listing and Details' (ID: 473530691) in space 'AgenticAI' - no changes since last processing
2025-04-28 23:48:10,513 - utils.state_manager - INFO - Skipping page 'IUP Route for Metadata Changes - Overall Design' (ID: 474054739) in space 'AgenticAI' - no changes since last processing
2025-04-28 23:48:10,513 - utils.state_manager - INFO - Skipping page 'QA Multi-Agent Architecture' (ID: 474185759) in space 'AgenticAI' - no changes since last processing
2025-04-28 23:48:10,513 - root - INFO - ==================================================
2025-04-28 23:48:10,513 - root - INFO - API Response Summary:
2025-04-28 23:48:10,516 - root - INFO -   Total Pages from API: 37
2025-04-28 23:48:10,516 - root - INFO - --------------------------------------------------
2025-04-28 23:48:10,516 - root - INFO - Content Fetching Summary:
2025-04-28 23:48:10,516 - root - INFO -   Processed: 19
2025-04-28 23:48:10,516 - root - INFO -   Skipped: 18
2025-04-28 23:48:10,516 - root - INFO -   Failed: 0
2025-04-28 23:48:10,516 - root - INFO - --------------------------------------------------
2025-04-28 23:48:10,516 - root - INFO - HTML Processing:
2025-04-28 23:48:10,516 - root - INFO -   Processed HTML: 19
2025-04-28 23:48:10,516 - root - INFO -   Skipped HTML: 18
2025-04-28 23:48:10,522 - root - INFO -   Failed HTML: 0
2025-04-28 23:48:10,522 - root - INFO - --------------------------------------------------
2025-04-28 23:48:10,523 - root - INFO - PDF Processing:
2025-04-28 23:48:10,523 - root - INFO -   Processed PDF: 19
2025-04-28 23:48:10,523 - root - INFO -   Skipped PDF: 18
2025-04-28 23:48:10,525 - root - INFO -   Failed PDF: 0
2025-04-28 23:48:10,525 - root - INFO - ==================================================
