2025-05-04 22:40:19,065 - root - INFO - Logging initialized. Log file: C:\Users\DELL\Documents\augment-projects\Atlassian Confluence Data Pipeline\logs\confluence_pipeline_20250504_224019.log
2025-05-04 22:40:19,065 - api_client.confluence_client - DEBUG - Using base URL: https://metricstream.atlassian.net/wiki
2025-05-04 22:40:19,065 - api_client.confluence_client - DEBUG - Using API URL: https://metricstream.atlassian.net/wiki/rest/api
2025-05-04 22:40:19,065 - utils.state_manager - WARNING - Invalid JSON in state file C:\Users\DELL\Documents\augment-projects\Atlassian Confluence Data Pipeline\state.json. Creating new state.
2025-05-04 22:40:19,065 - api_client.confluence_client - DEBUG - Using base URL: https://metricstream.atlassian.net/wiki
2025-05-04 22:40:19,065 - api_client.confluence_client - DEBUG - Using API URL: https://metricstream.atlassian.net/wiki/rest/api
2025-05-04 22:40:19,065 - output_generator.html_to_pdf_converter - INFO - Using wkhtmltopdf at: C:\Program Files\wkhtmltopdf\bin\wkhtmltopdf.exe
2025-05-04 22:40:19,065 - root - INFO - Fetching all pages in space 'AgenticAI'
2025-05-04 22:40:19,065 - api_client.confluence_client - INFO - Fetching pages in space 'AgenticAI'
2025-05-04 22:40:19,065 - api_client.confluence_client - DEBUG - Making GET request to https://metricstream.atlassian.net/wiki/rest/api/content with params: {'spaceKey': 'AgenticAI', 'type': 'page', 'status': 'current', 'start': 0, 'limit': 100, 'expand': 'body.storage,version,space,ancestors,children.page'}
2025-05-04 22:40:19,074 - urllib3.connectionpool - DEBUG - Starting new HTTPS connection (1): metricstream.atlassian.net:443
2025-05-04 22:40:20,339 - urllib3.connectionpool - DEBUG - https://metricstream.atlassian.net:443 "GET /wiki/rest/api/content?spaceKey=AgenticAI&type=page&status=current&start=0&limit=100&expand=body.storage%2Cversion%2Cspace%2Cancestors%2Cchildren.page HTTP/11" 200 None
2025-05-04 22:40:20,560 - api_client.confluence_client - DEBUG - Full URL requested: https://metricstream.atlassian.net/wiki/rest/api/content?spaceKey=AgenticAI&type=page&status=current&start=0&limit=100&expand=body.storage%2Cversion%2Cspace%2Cancestors%2Cchildren.page
2025-05-04 22:40:20,567 - api_client.confluence_client - INFO - Found 27 pages in space 'AgenticAI'
2025-05-04 22:40:20,567 - root - INFO - Found 27 pages in space 'AgenticAI'
2025-05-04 22:40:20,567 - utils.state_manager - WARNING - Invalid JSON in state file C:\Users\DELL\Documents\augment-projects\Atlassian Confluence Data Pipeline\state.json. Creating new state.
2025-05-04 22:40:20,568 - root - INFO - First time processing space 'AgenticAI' - optimizing state checks
2025-05-04 22:40:20,569 - root - INFO - Processing new page 'AgenticAI' (ID: 473268916)
2025-05-04 22:40:20,570 - output_generator.html_generator - INFO - Generating HTML for page 'AgenticAI' (ID: 473268916)
2025-05-04 22:40:20,575 - output_generator.html_generator - INFO - HTML saved to C:\Users\DELL\Documents\augment-projects\Atlassian Confluence Data Pipeline\output\html\AgenticAI\new\AgenticAI_473268916.html
2025-05-04 22:40:20,578 - root - INFO - Converting HTML to PDF: C:\Users\DELL\Documents\augment-projects\Atlassian Confluence Data Pipeline\output\html\AgenticAI\new\AgenticAI_473268916.html -> C:\Users\DELL\Documents\augment-projects\Atlassian Confluence Data Pipeline\output\pdf\AgenticAI\new\AgenticAI_473268916.pdf
2025-05-04 22:40:20,578 - output_generator.html_to_pdf_converter - INFO - Converting HTML file C:\Users\DELL\Documents\augment-projects\Atlassian Confluence Data Pipeline\output\html\AgenticAI\new\AgenticAI_473268916.html to PDF C:\Users\DELL\Documents\augment-projects\Atlassian Confluence Data Pipeline\output\pdf\AgenticAI\new\AgenticAI_473268916.pdf
2025-05-04 22:40:23,088 - output_generator.html_to_pdf_converter - INFO - Successfully converted HTML to PDF: C:\Users\DELL\Documents\augment-projects\Atlassian Confluence Data Pipeline\output\pdf\AgenticAI\new\AgenticAI_473268916.pdf
2025-05-04 22:40:23,088 - root - INFO - Successfully converted HTML to PDF for page 'AgenticAI' (ID: 473268916)
2025-05-04 22:40:23,091 - utils.state_manager - INFO - Saved state for 1 pages
2025-05-04 22:40:23,091 - root - INFO - Processing new page 'Template - How-to guide' (ID: 473268937)
2025-05-04 22:40:23,091 - output_generator.html_generator - INFO - Generating HTML for page 'Template - How-to guide' (ID: 473268937)
2025-05-04 22:40:23,091 - output_generator.html_generator - INFO - HTML saved to C:\Users\DELL\Documents\augment-projects\Atlassian Confluence Data Pipeline\output\html\AgenticAI\new\Template - How-to guide_473268937.html
2025-05-04 22:40:23,091 - root - INFO - Converting HTML to PDF: C:\Users\DELL\Documents\augment-projects\Atlassian Confluence Data Pipeline\output\html\AgenticAI\new\Template - How-to guide_473268937.html -> C:\Users\DELL\Documents\augment-projects\Atlassian Confluence Data Pipeline\output\pdf\AgenticAI\new\Template - How-to guide_473268937.pdf
2025-05-04 22:40:23,097 - output_generator.html_to_pdf_converter - INFO - Converting HTML file C:\Users\DELL\Documents\augment-projects\Atlassian Confluence Data Pipeline\output\html\AgenticAI\new\Template - How-to guide_473268937.html to PDF C:\Users\DELL\Documents\augment-projects\Atlassian Confluence Data Pipeline\output\pdf\AgenticAI\new\Template - How-to guide_473268937.pdf
2025-05-04 22:40:25,952 - output_generator.html_to_pdf_converter - INFO - Successfully converted HTML to PDF: C:\Users\DELL\Documents\augment-projects\Atlassian Confluence Data Pipeline\output\pdf\AgenticAI\new\Template - How-to guide_473268937.pdf
2025-05-04 22:40:25,952 - root - INFO - Successfully converted HTML to PDF for page 'Template - How-to guide' (ID: 473268937)
2025-05-04 22:40:25,952 - utils.state_manager - INFO - Saved state for 2 pages
2025-05-04 22:40:25,954 - root - INFO - Processing new page 'Template - Troubleshooting article' (ID: 473268952)
2025-05-04 22:40:25,954 - output_generator.html_generator - INFO - Generating HTML for page 'Template - Troubleshooting article' (ID: 473268952)
2025-05-04 22:40:25,958 - output_generator.html_generator - INFO - HTML saved to C:\Users\DELL\Documents\augment-projects\Atlassian Confluence Data Pipeline\output\html\AgenticAI\new\Template - Troubleshooting article_473268952.html
2025-05-04 22:40:25,958 - root - INFO - Converting HTML to PDF: C:\Users\DELL\Documents\augment-projects\Atlassian Confluence Data Pipeline\output\html\AgenticAI\new\Template - Troubleshooting article_473268952.html -> C:\Users\DELL\Documents\augment-projects\Atlassian Confluence Data Pipeline\output\pdf\AgenticAI\new\Template - Troubleshooting article_473268952.pdf
2025-05-04 22:40:25,958 - output_generator.html_to_pdf_converter - INFO - Converting HTML file C:\Users\DELL\Documents\augment-projects\Atlassian Confluence Data Pipeline\output\html\AgenticAI\new\Template - Troubleshooting article_473268952.html to PDF C:\Users\DELL\Documents\augment-projects\Atlassian Confluence Data Pipeline\output\pdf\AgenticAI\new\Template - Troubleshooting article_473268952.pdf
2025-05-04 22:40:28,503 - output_generator.html_to_pdf_converter - INFO - Successfully converted HTML to PDF: C:\Users\DELL\Documents\augment-projects\Atlassian Confluence Data Pipeline\output\pdf\AgenticAI\new\Template - Troubleshooting article_473268952.pdf
2025-05-04 22:40:28,503 - root - INFO - Successfully converted HTML to PDF for page 'Template - Troubleshooting article' (ID: 473268952)
2025-05-04 22:40:28,503 - utils.state_manager - INFO - Saved state for 3 pages
2025-05-04 22:40:28,503 - root - INFO - Processing new page 'Documentation & Support Agent' (ID: 473269082)
2025-05-04 22:40:28,503 - output_generator.html_generator - INFO - Generating HTML for page 'Documentation & Support Agent' (ID: 473269082)
2025-05-04 22:40:28,522 - output_generator.html_generator - INFO - HTML saved to C:\Users\DELL\Documents\augment-projects\Atlassian Confluence Data Pipeline\output\html\AgenticAI\new\Documentation & Support Agent_473269082.html
2025-05-04 22:40:28,522 - root - INFO - Converting HTML to PDF: C:\Users\DELL\Documents\augment-projects\Atlassian Confluence Data Pipeline\output\html\AgenticAI\new\Documentation & Support Agent_473269082.html -> C:\Users\DELL\Documents\augment-projects\Atlassian Confluence Data Pipeline\output\pdf\AgenticAI\new\Documentation & Support Agent_473269082.pdf
2025-05-04 22:40:28,522 - output_generator.html_to_pdf_converter - INFO - Converting HTML file C:\Users\DELL\Documents\augment-projects\Atlassian Confluence Data Pipeline\output\html\AgenticAI\new\Documentation & Support Agent_473269082.html to PDF C:\Users\DELL\Documents\augment-projects\Atlassian Confluence Data Pipeline\output\pdf\AgenticAI\new\Documentation & Support Agent_473269082.pdf
2025-05-04 22:40:31,086 - output_generator.html_to_pdf_converter - INFO - Successfully converted HTML to PDF: C:\Users\DELL\Documents\augment-projects\Atlassian Confluence Data Pipeline\output\pdf\AgenticAI\new\Documentation & Support Agent_473269082.pdf
2025-05-04 22:40:31,086 - root - INFO - Successfully converted HTML to PDF for page 'Documentation & Support Agent' (ID: 473269082)
2025-05-04 22:40:31,086 - utils.state_manager - INFO - Saved state for 4 pages
2025-05-04 22:40:31,086 - root - INFO - Processing new page 'API Listing and Details' (ID: 473530691)
2025-05-04 22:40:31,086 - output_generator.html_generator - INFO - Generating HTML for page 'API Listing and Details' (ID: 473530691)
2025-05-04 22:40:31,099 - utils.html_cleaner - DEBUG - Replaced ac:image tag with img tag for image-20250426-014926.png
2025-05-04 22:40:31,105 - api_client.confluence_client - DEBUG - Downloading attachment from URL: https://metricstream.atlassian.net/wiki/download/attachments/473530691/image-20250426-014926.png
2025-05-04 22:40:31,107 - urllib3.connectionpool - DEBUG - Starting new HTTPS connection (1): metricstream.atlassian.net:443
2025-05-04 22:40:31,936 - urllib3.connectionpool - DEBUG - https://metricstream.atlassian.net:443 "GET /wiki/download/attachments/473530691/image-20250426-014926.png HTTP/11" 302 0
2025-05-04 22:40:31,942 - urllib3.connectionpool - DEBUG - Starting new HTTPS connection (1): api.media.atlassian.com:443
2025-05-04 22:40:32,426 - urllib3.connectionpool - DEBUG - https://api.media.atlassian.com:443 "GET /file/434db8c9-d213-4ca8-b6de-a659fdef462a/binary?token=eyJhbGciOiJIUzI1NiJ9.eyJpc3MiOiI3OWJlZGVkZC1iMGZmLTQyZDAtOGI1NC1mODQwYjliM2U1MWYiLCJhY2Nlc3MiOnsidXJuOmZpbGVzdG9yZTpmaWxlOjQzNGRiOGM5LWQyMTMtNGNhOC1iNmRlLWE2NTlmZGVmNDYyYSI6WyJyZWFkIl19LCJleHAiOjE3NDY0NjE1NTMsIm5iZiI6MTc0NjM3ODYzMywiYWFJZCI6IjcxMjAyMDo0ZTUyYzIwYS0zYzFmLTQ4MjUtODJhYS1kOGNiMWZkOGZmOWIifQ.sU64O1hTYh3EZRN9-3lnoFnZOfbqcscWS0xMdR5AwPk&client=79bededd-b0ff-42d0-8b54-f840b9b3e51f&name=image-20250426-014926.png HTTP/11" 200 523373
2025-05-04 22:40:32,590 - output_generator.html_generator - DEBUG - Embedded image image-20250426-014926.png in HTML content
2025-05-04 22:40:32,603 - output_generator.html_generator - INFO - HTML saved to C:\Users\DELL\Documents\augment-projects\Atlassian Confluence Data Pipeline\output\html\AgenticAI\new\API Listing and Details_473530691.html
2025-05-04 22:40:32,605 - root - INFO - Converting HTML to PDF: C:\Users\DELL\Documents\augment-projects\Atlassian Confluence Data Pipeline\output\html\AgenticAI\new\API Listing and Details_473530691.html -> C:\Users\DELL\Documents\augment-projects\Atlassian Confluence Data Pipeline\output\pdf\AgenticAI\new\API Listing and Details_473530691.pdf
2025-05-04 22:40:32,607 - output_generator.html_to_pdf_converter - INFO - Converting HTML file C:\Users\DELL\Documents\augment-projects\Atlassian Confluence Data Pipeline\output\html\AgenticAI\new\API Listing and Details_473530691.html to PDF C:\Users\DELL\Documents\augment-projects\Atlassian Confluence Data Pipeline\output\pdf\AgenticAI\new\API Listing and Details_473530691.pdf
2025-05-04 22:40:35,416 - output_generator.html_to_pdf_converter - INFO - Successfully converted HTML to PDF: C:\Users\DELL\Documents\augment-projects\Atlassian Confluence Data Pipeline\output\pdf\AgenticAI\new\API Listing and Details_473530691.pdf
2025-05-04 22:40:35,416 - root - INFO - Successfully converted HTML to PDF for page 'API Listing and Details' (ID: 473530691)
2025-05-04 22:40:35,421 - utils.state_manager - INFO - Saved state for 5 pages
2025-05-04 22:40:35,421 - root - INFO - Processing new page 'Tasks for Doc or Support Agent' (ID: 473595975)
2025-05-04 22:40:35,421 - output_generator.html_generator - INFO - Generating HTML for page 'Tasks for Doc or Support Agent' (ID: 473595975)
2025-05-04 22:40:35,439 - output_generator.html_generator - INFO - HTML saved to C:\Users\DELL\Documents\augment-projects\Atlassian Confluence Data Pipeline\output\html\AgenticAI\new\Tasks for Doc or Support Agent_473595975.html
2025-05-04 22:40:35,440 - root - INFO - Converting HTML to PDF: C:\Users\DELL\Documents\augment-projects\Atlassian Confluence Data Pipeline\output\html\AgenticAI\new\Tasks for Doc or Support Agent_473595975.html -> C:\Users\DELL\Documents\augment-projects\Atlassian Confluence Data Pipeline\output\pdf\AgenticAI\new\Tasks for Doc or Support Agent_473595975.pdf
2025-05-04 22:40:35,440 - output_generator.html_to_pdf_converter - INFO - Converting HTML file C:\Users\DELL\Documents\augment-projects\Atlassian Confluence Data Pipeline\output\html\AgenticAI\new\Tasks for Doc or Support Agent_473595975.html to PDF C:\Users\DELL\Documents\augment-projects\Atlassian Confluence Data Pipeline\output\pdf\AgenticAI\new\Tasks for Doc or Support Agent_473595975.pdf
2025-05-04 22:40:38,369 - output_generator.html_to_pdf_converter - INFO - Successfully converted HTML to PDF: C:\Users\DELL\Documents\augment-projects\Atlassian Confluence Data Pipeline\output\pdf\AgenticAI\new\Tasks for Doc or Support Agent_473595975.pdf
2025-05-04 22:40:38,369 - root - INFO - Successfully converted HTML to PDF for page 'Tasks for Doc or Support Agent' (ID: 473595975)
2025-05-04 22:40:38,369 - utils.state_manager - INFO - Saved state for 6 pages
2025-05-04 22:40:38,369 - root - INFO - Processing new page 'Agentic Solution - Architecture' (ID: 473595989)
2025-05-04 22:40:38,369 - output_generator.html_generator - INFO - Generating HTML for page 'Agentic Solution - Architecture' (ID: 473595989)
2025-05-04 22:40:38,389 - utils.html_cleaner - DEBUG - Replaced ac:image tag with img tag for AgenticSolution-Architecture Diagram (1).png
2025-05-04 22:40:38,389 - utils.html_cleaner - DEBUG - Replaced ac:image tag with img tag for metric-stream-kubernetes.png
2025-05-04 22:40:38,389 - utils.html_cleaner - DEBUG - Replaced ac:image tag with img tag for image1.png
2025-05-04 22:40:38,401 - api_client.confluence_client - DEBUG - Downloading attachment from URL: https://metricstream.atlassian.net/wiki/download/attachments/473595989/AgenticSolution-Architecture Diagram (1).png
2025-05-04 22:40:39,154 - urllib3.connectionpool - DEBUG - https://metricstream.atlassian.net:443 "GET /wiki/download/attachments/473595989/AgenticSolution-Architecture%20Diagram%20(1).png HTTP/11" 302 0
2025-05-04 22:40:39,497 - urllib3.connectionpool - DEBUG - https://api.media.atlassian.com:443 "GET /file/dd4c381d-3a04-4776-ba12-9336430d94f8/binary?token=eyJhbGciOiJIUzI1NiJ9.eyJpc3MiOiI3OWJlZGVkZC1iMGZmLTQyZDAtOGI1NC1mODQwYjliM2U1MWYiLCJhY2Nlc3MiOnsidXJuOmZpbGVzdG9yZTpmaWxlOmRkNGMzODFkLTNhMDQtNDc3Ni1iYTEyLTkzMzY0MzBkOTRmOCI6WyJyZWFkIl19LCJleHAiOjE3NDY0NjE1NjAsIm5iZiI6MTc0NjM3ODY0MCwiYWFJZCI6IjcxMjAyMDo0ZTUyYzIwYS0zYzFmLTQ4MjUtODJhYS1kOGNiMWZkOGZmOWIifQ.bRJU0-t6RIjzBeU0fePjK9QoIrnrB1y9k46jH_x5mK8&client=79bededd-b0ff-42d0-8b54-f840b9b3e51f&name=AgenticSolution-Architecture%20Diagram%20%281%29.png HTTP/11" 200 67281
2025-05-04 22:40:39,503 - output_generator.html_generator - DEBUG - Embedded image AgenticSolution-Architecture Diagram (1).png in HTML content
2025-05-04 22:40:39,505 - api_client.confluence_client - DEBUG - Downloading attachment from URL: https://metricstream.atlassian.net/wiki/download/attachments/473595989/metric-stream-kubernetes.png
2025-05-04 22:40:39,819 - urllib3.connectionpool - DEBUG - https://metricstream.atlassian.net:443 "GET /wiki/download/attachments/473595989/metric-stream-kubernetes.png HTTP/11" 302 0
2025-05-04 22:40:40,175 - urllib3.connectionpool - DEBUG - https://api.media.atlassian.com:443 "GET /file/8e835ae9-11b6-48da-8a6f-73c9941365f0/binary?token=eyJhbGciOiJIUzI1NiJ9.eyJpc3MiOiI3OWJlZGVkZC1iMGZmLTQyZDAtOGI1NC1mODQwYjliM2U1MWYiLCJhY2Nlc3MiOnsidXJuOmZpbGVzdG9yZTpmaWxlOjhlODM1YWU5LTExYjYtNDhkYS04YTZmLTczYzk5NDEzNjVmMCI6WyJyZWFkIl19LCJleHAiOjE3NDY0NjE1NjEsIm5iZiI6MTc0NjM3ODY0MSwiYWFJZCI6IjcxMjAyMDo0ZTUyYzIwYS0zYzFmLTQ4MjUtODJhYS1kOGNiMWZkOGZmOWIifQ.v3S8RNpijY7Y-kMdsP0b9uhI-oX6QwrjFzfMcNmxwTE&client=79bededd-b0ff-42d0-8b54-f840b9b3e51f&name=metric-stream-kubernetes.png HTTP/11" 200 266648
2025-05-04 22:40:40,319 - output_generator.html_generator - DEBUG - Embedded image metric-stream-kubernetes.png in HTML content
2025-05-04 22:40:40,319 - api_client.confluence_client - DEBUG - Downloading attachment from URL: https://metricstream.atlassian.net/wiki/download/attachments/473595989/image1.png
2025-05-04 22:40:40,572 - urllib3.connectionpool - DEBUG - https://metricstream.atlassian.net:443 "GET /wiki/download/attachments/473595989/image1.png HTTP/11" 302 0
2025-05-04 22:40:40,908 - urllib3.connectionpool - DEBUG - https://api.media.atlassian.com:443 "GET /file/7a433123-1d2d-43d4-8493-5d9fb6498694/binary?token=eyJhbGciOiJIUzI1NiJ9.eyJpc3MiOiI3OWJlZGVkZC1iMGZmLTQyZDAtOGI1NC1mODQwYjliM2U1MWYiLCJhY2Nlc3MiOnsidXJuOmZpbGVzdG9yZTpmaWxlOjdhNDMzMTIzLTFkMmQtNDNkNC04NDkzLTVkOWZiNjQ5ODY5NCI6WyJyZWFkIl19LCJleHAiOjE3NDY0NjE1NjIsIm5iZiI6MTc0NjM3ODY0MiwiYWFJZCI6IjcxMjAyMDo0ZTUyYzIwYS0zYzFmLTQ4MjUtODJhYS1kOGNiMWZkOGZmOWIifQ.UyOzO6xD2j94rgRq1K-A9M9T_ESkzi3Mol9IhgOc3z4&client=79bededd-b0ff-42d0-8b54-f840b9b3e51f&name=image1.png HTTP/11" 200 154782
2025-05-04 22:40:41,299 - output_generator.html_generator - DEBUG - Embedded image image1.png in HTML content
2025-05-04 22:40:41,317 - output_generator.html_generator - INFO - HTML saved to C:\Users\DELL\Documents\augment-projects\Atlassian Confluence Data Pipeline\output\html\AgenticAI\new\Agentic Solution - Architecture_473595989.html
2025-05-04 22:40:41,325 - root - INFO - Converting HTML to PDF: C:\Users\DELL\Documents\augment-projects\Atlassian Confluence Data Pipeline\output\html\AgenticAI\new\Agentic Solution - Architecture_473595989.html -> C:\Users\DELL\Documents\augment-projects\Atlassian Confluence Data Pipeline\output\pdf\AgenticAI\new\Agentic Solution - Architecture_473595989.pdf
2025-05-04 22:40:41,328 - output_generator.html_to_pdf_converter - INFO - Converting HTML file C:\Users\DELL\Documents\augment-projects\Atlassian Confluence Data Pipeline\output\html\AgenticAI\new\Agentic Solution - Architecture_473595989.html to PDF C:\Users\DELL\Documents\augment-projects\Atlassian Confluence Data Pipeline\output\pdf\AgenticAI\new\Agentic Solution - Architecture_473595989.pdf
2025-05-04 22:40:44,422 - output_generator.html_to_pdf_converter - INFO - Successfully converted HTML to PDF: C:\Users\DELL\Documents\augment-projects\Atlassian Confluence Data Pipeline\output\pdf\AgenticAI\new\Agentic Solution - Architecture_473595989.pdf
2025-05-04 22:40:44,430 - root - INFO - Successfully converted HTML to PDF for page 'Agentic Solution - Architecture' (ID: 473595989)
2025-05-04 22:40:44,430 - utils.state_manager - INFO - Saved state for 7 pages
2025-05-04 22:40:44,430 - root - INFO - Processing new page 'Upgrade Documentation' (ID: 473596002)
2025-05-04 22:40:44,430 - output_generator.html_generator - INFO - Generating HTML for page 'Upgrade Documentation' (ID: 473596002)
2025-05-04 22:40:44,430 - output_generator.html_generator - INFO - HTML saved to C:\Users\DELL\Documents\augment-projects\Atlassian Confluence Data Pipeline\output\html\AgenticAI\new\Upgrade Documentation_473596002.html
2025-05-04 22:40:44,430 - root - INFO - Converting HTML to PDF: C:\Users\DELL\Documents\augment-projects\Atlassian Confluence Data Pipeline\output\html\AgenticAI\new\Upgrade Documentation_473596002.html -> C:\Users\DELL\Documents\augment-projects\Atlassian Confluence Data Pipeline\output\pdf\AgenticAI\new\Upgrade Documentation_473596002.pdf
2025-05-04 22:40:44,430 - output_generator.html_to_pdf_converter - INFO - Converting HTML file C:\Users\DELL\Documents\augment-projects\Atlassian Confluence Data Pipeline\output\html\AgenticAI\new\Upgrade Documentation_473596002.html to PDF C:\Users\DELL\Documents\augment-projects\Atlassian Confluence Data Pipeline\output\pdf\AgenticAI\new\Upgrade Documentation_473596002.pdf
2025-05-04 22:40:47,051 - output_generator.html_to_pdf_converter - INFO - Successfully converted HTML to PDF: C:\Users\DELL\Documents\augment-projects\Atlassian Confluence Data Pipeline\output\pdf\AgenticAI\new\Upgrade Documentation_473596002.pdf
2025-05-04 22:40:47,051 - root - INFO - Successfully converted HTML to PDF for page 'Upgrade Documentation' (ID: 473596002)
2025-05-04 22:40:47,051 - utils.state_manager - INFO - Saved state for 8 pages
2025-05-04 22:40:47,051 - root - INFO - Processing new page 'Code Conversion' (ID: 473596020)
2025-05-04 22:40:47,051 - output_generator.html_generator - INFO - Generating HTML for page 'Code Conversion' (ID: 473596020)
2025-05-04 22:40:47,056 - output_generator.html_generator - INFO - HTML saved to C:\Users\DELL\Documents\augment-projects\Atlassian Confluence Data Pipeline\output\html\AgenticAI\new\Code Conversion_473596020.html
2025-05-04 22:40:47,056 - root - INFO - Converting HTML to PDF: C:\Users\DELL\Documents\augment-projects\Atlassian Confluence Data Pipeline\output\html\AgenticAI\new\Code Conversion_473596020.html -> C:\Users\DELL\Documents\augment-projects\Atlassian Confluence Data Pipeline\output\pdf\AgenticAI\new\Code Conversion_473596020.pdf
2025-05-04 22:40:47,056 - output_generator.html_to_pdf_converter - INFO - Converting HTML file C:\Users\DELL\Documents\augment-projects\Atlassian Confluence Data Pipeline\output\html\AgenticAI\new\Code Conversion_473596020.html to PDF C:\Users\DELL\Documents\augment-projects\Atlassian Confluence Data Pipeline\output\pdf\AgenticAI\new\Code Conversion_473596020.pdf
2025-05-04 22:40:49,630 - output_generator.html_to_pdf_converter - INFO - Successfully converted HTML to PDF: C:\Users\DELL\Documents\augment-projects\Atlassian Confluence Data Pipeline\output\pdf\AgenticAI\new\Code Conversion_473596020.pdf
2025-05-04 22:40:49,631 - root - INFO - Successfully converted HTML to PDF for page 'Code Conversion' (ID: 473596020)
2025-05-04 22:40:49,632 - utils.state_manager - INFO - Saved state for 9 pages
2025-05-04 22:40:49,632 - root - INFO - Processing new page 'Editor usecase for Developer community- JS' (ID: 473596031)
2025-05-04 22:40:49,632 - output_generator.html_generator - INFO - Generating HTML for page 'Editor usecase for Developer community- JS' (ID: 473596031)
2025-05-04 22:40:49,632 - output_generator.html_generator - INFO - HTML saved to C:\Users\DELL\Documents\augment-projects\Atlassian Confluence Data Pipeline\output\html\AgenticAI\new\Editor usecase for Developer community- JS_473596031.html
2025-05-04 22:40:49,632 - root - INFO - Converting HTML to PDF: C:\Users\DELL\Documents\augment-projects\Atlassian Confluence Data Pipeline\output\html\AgenticAI\new\Editor usecase for Developer community- JS_473596031.html -> C:\Users\DELL\Documents\augment-projects\Atlassian Confluence Data Pipeline\output\pdf\AgenticAI\new\Editor usecase for Developer community- JS_473596031.pdf
2025-05-04 22:40:49,638 - output_generator.html_to_pdf_converter - INFO - Converting HTML file C:\Users\DELL\Documents\augment-projects\Atlassian Confluence Data Pipeline\output\html\AgenticAI\new\Editor usecase for Developer community- JS_473596031.html to PDF C:\Users\DELL\Documents\augment-projects\Atlassian Confluence Data Pipeline\output\pdf\AgenticAI\new\Editor usecase for Developer community- JS_473596031.pdf
2025-05-04 22:40:52,323 - output_generator.html_to_pdf_converter - INFO - Successfully converted HTML to PDF: C:\Users\DELL\Documents\augment-projects\Atlassian Confluence Data Pipeline\output\pdf\AgenticAI\new\Editor usecase for Developer community- JS_473596031.pdf
2025-05-04 22:40:52,323 - root - INFO - Successfully converted HTML to PDF for page 'Editor usecase for Developer community- JS' (ID: 473596031)
2025-05-04 22:40:52,323 - utils.state_manager - INFO - Saved state for 10 pages
2025-05-04 22:40:52,323 - root - INFO - Processing new page 'Agentic Solution – Phase-wise Delivery Plan' (ID: 473628714)
2025-05-04 22:40:52,323 - output_generator.html_generator - INFO - Generating HTML for page 'Agentic Solution – Phase-wise Delivery Plan' (ID: 473628714)
2025-05-04 22:40:52,339 - output_generator.html_generator - INFO - HTML saved to C:\Users\DELL\Documents\augment-projects\Atlassian Confluence Data Pipeline\output\html\AgenticAI\new\Agentic Solution – Phase-wise Delivery Plan_473628714.html
2025-05-04 22:40:52,339 - root - INFO - Converting HTML to PDF: C:\Users\DELL\Documents\augment-projects\Atlassian Confluence Data Pipeline\output\html\AgenticAI\new\Agentic Solution – Phase-wise Delivery Plan_473628714.html -> C:\Users\DELL\Documents\augment-projects\Atlassian Confluence Data Pipeline\output\pdf\AgenticAI\new\Agentic Solution – Phase-wise Delivery Plan_473628714.pdf
2025-05-04 22:40:52,348 - output_generator.html_to_pdf_converter - INFO - Converting HTML file C:\Users\DELL\Documents\augment-projects\Atlassian Confluence Data Pipeline\output\html\AgenticAI\new\Agentic Solution – Phase-wise Delivery Plan_473628714.html to PDF C:\Users\DELL\Documents\augment-projects\Atlassian Confluence Data Pipeline\output\pdf\AgenticAI\new\Agentic Solution – Phase-wise Delivery Plan_473628714.pdf
2025-05-04 22:40:54,912 - output_generator.html_to_pdf_converter - INFO - Successfully converted HTML to PDF: C:\Users\DELL\Documents\augment-projects\Atlassian Confluence Data Pipeline\output\pdf\AgenticAI\new\Agentic Solution – Phase-wise Delivery Plan_473628714.pdf
2025-05-04 22:40:54,912 - root - INFO - Successfully converted HTML to PDF for page 'Agentic Solution – Phase-wise Delivery Plan' (ID: 473628714)
2025-05-04 22:40:54,912 - utils.state_manager - INFO - Saved state for 11 pages
2025-05-04 22:40:54,915 - root - INFO - Processing new page 'Doc Agent - Code Flow - Current - as of 25-Apr-2025' (ID: 473628775)
2025-05-04 22:40:54,915 - output_generator.html_generator - INFO - Generating HTML for page 'Doc Agent - Code Flow - Current - as of 25-Apr-2025' (ID: 473628775)
2025-05-04 22:40:54,915 - utils.html_cleaner - DEBUG - Replaced ac:image tag with img tag for GRCChatbot-SeqDiagram-2025-01-24-163300.png
2025-05-04 22:40:54,919 - api_client.confluence_client - DEBUG - Downloading attachment from URL: https://metricstream.atlassian.net/wiki/download/attachments/473628775/GRCChatbot-SeqDiagram-2025-01-24-163300.png
2025-05-04 22:40:55,227 - urllib3.connectionpool - DEBUG - https://metricstream.atlassian.net:443 "GET /wiki/download/attachments/473628775/GRCChatbot-SeqDiagram-2025-01-24-163300.png HTTP/11" 302 0
2025-05-04 22:40:55,596 - urllib3.connectionpool - DEBUG - https://api.media.atlassian.com:443 "GET /file/26d35181-722a-4963-be50-3fc0e64e0f1b/binary?token=eyJhbGciOiJIUzI1NiJ9.eyJpc3MiOiI3OWJlZGVkZC1iMGZmLTQyZDAtOGI1NC1mODQwYjliM2U1MWYiLCJhY2Nlc3MiOnsidXJuOmZpbGVzdG9yZTpmaWxlOjI2ZDM1MTgxLTcyMmEtNDk2My1iZTUwLTNmYzBlNjRlMGYxYiI6WyJyZWFkIl19LCJleHAiOjE3NDY0NjE1NzYsIm5iZiI6MTc0NjM3ODY1NiwiYWFJZCI6IjcxMjAyMDo0ZTUyYzIwYS0zYzFmLTQ4MjUtODJhYS1kOGNiMWZkOGZmOWIifQ.7VznboLzIpvqAicJwkRbwY-htQdkaknuShrjEjkzH0c&client=79bededd-b0ff-42d0-8b54-f840b9b3e51f&name=GRCChatbot-SeqDiagram-2025-01-24-163300.png HTTP/11" 200 341214
2025-05-04 22:40:55,626 - output_generator.html_generator - DEBUG - Embedded image GRCChatbot-SeqDiagram-2025-01-24-163300.png in HTML content
2025-05-04 22:40:55,632 - output_generator.html_generator - INFO - HTML saved to C:\Users\DELL\Documents\augment-projects\Atlassian Confluence Data Pipeline\output\html\AgenticAI\new\Doc Agent - Code Flow - Current - as of 25-Apr-2025_473628775.html
2025-05-04 22:40:55,632 - root - INFO - Converting HTML to PDF: C:\Users\DELL\Documents\augment-projects\Atlassian Confluence Data Pipeline\output\html\AgenticAI\new\Doc Agent - Code Flow - Current - as of 25-Apr-2025_473628775.html -> C:\Users\DELL\Documents\augment-projects\Atlassian Confluence Data Pipeline\output\pdf\AgenticAI\new\Doc Agent - Code Flow - Current - as of 25-Apr-2025_473628775.pdf
2025-05-04 22:40:55,643 - output_generator.html_to_pdf_converter - INFO - Converting HTML file C:\Users\DELL\Documents\augment-projects\Atlassian Confluence Data Pipeline\output\html\AgenticAI\new\Doc Agent - Code Flow - Current - as of 25-Apr-2025_473628775.html to PDF C:\Users\DELL\Documents\augment-projects\Atlassian Confluence Data Pipeline\output\pdf\AgenticAI\new\Doc Agent - Code Flow - Current - as of 25-Apr-2025_473628775.pdf
2025-05-04 22:40:59,002 - output_generator.html_to_pdf_converter - INFO - Successfully converted HTML to PDF: C:\Users\DELL\Documents\augment-projects\Atlassian Confluence Data Pipeline\output\pdf\AgenticAI\new\Doc Agent - Code Flow - Current - as of 25-Apr-2025_473628775.pdf
2025-05-04 22:40:59,002 - root - INFO - Successfully converted HTML to PDF for page 'Doc Agent - Code Flow - Current - as of 25-Apr-2025' (ID: 473628775)
2025-05-04 22:40:59,002 - utils.state_manager - INFO - Saved state for 12 pages
2025-05-04 22:40:59,002 - root - INFO - Processing new page 'Upgrade Concerns' (ID: 473628787)
2025-05-04 22:40:59,002 - output_generator.html_generator - INFO - Generating HTML for page 'Upgrade Concerns' (ID: 473628787)
2025-05-04 22:40:59,018 - output_generator.html_generator - INFO - HTML saved to C:\Users\DELL\Documents\augment-projects\Atlassian Confluence Data Pipeline\output\html\AgenticAI\new\Upgrade Concerns_473628787.html
2025-05-04 22:40:59,019 - root - INFO - Converting HTML to PDF: C:\Users\DELL\Documents\augment-projects\Atlassian Confluence Data Pipeline\output\html\AgenticAI\new\Upgrade Concerns_473628787.html -> C:\Users\DELL\Documents\augment-projects\Atlassian Confluence Data Pipeline\output\pdf\AgenticAI\new\Upgrade Concerns_473628787.pdf
2025-05-04 22:40:59,019 - output_generator.html_to_pdf_converter - INFO - Converting HTML file C:\Users\DELL\Documents\augment-projects\Atlassian Confluence Data Pipeline\output\html\AgenticAI\new\Upgrade Concerns_473628787.html to PDF C:\Users\DELL\Documents\augment-projects\Atlassian Confluence Data Pipeline\output\pdf\AgenticAI\new\Upgrade Concerns_473628787.pdf
2025-05-04 22:41:01,565 - output_generator.html_to_pdf_converter - INFO - Successfully converted HTML to PDF: C:\Users\DELL\Documents\augment-projects\Atlassian Confluence Data Pipeline\output\pdf\AgenticAI\new\Upgrade Concerns_473628787.pdf
2025-05-04 22:41:01,565 - root - INFO - Successfully converted HTML to PDF for page 'Upgrade Concerns' (ID: 473628787)
2025-05-04 22:41:01,565 - utils.state_manager - INFO - Saved state for 13 pages
2025-05-04 22:41:01,565 - root - INFO - Processing new page 'QA Agent' (ID: 473694220)
2025-05-04 22:41:01,565 - output_generator.html_generator - INFO - Generating HTML for page 'QA Agent' (ID: 473694220)
2025-05-04 22:41:01,565 - output_generator.html_generator - INFO - HTML saved to C:\Users\DELL\Documents\augment-projects\Atlassian Confluence Data Pipeline\output\html\AgenticAI\new\QA Agent_473694220.html
2025-05-04 22:41:01,565 - root - INFO - Converting HTML to PDF: C:\Users\DELL\Documents\augment-projects\Atlassian Confluence Data Pipeline\output\html\AgenticAI\new\QA Agent_473694220.html -> C:\Users\DELL\Documents\augment-projects\Atlassian Confluence Data Pipeline\output\pdf\AgenticAI\new\QA Agent_473694220.pdf
2025-05-04 22:41:01,565 - output_generator.html_to_pdf_converter - INFO - Converting HTML file C:\Users\DELL\Documents\augment-projects\Atlassian Confluence Data Pipeline\output\html\AgenticAI\new\QA Agent_473694220.html to PDF C:\Users\DELL\Documents\augment-projects\Atlassian Confluence Data Pipeline\output\pdf\AgenticAI\new\QA Agent_473694220.pdf
2025-05-04 22:41:04,030 - output_generator.html_to_pdf_converter - INFO - Successfully converted HTML to PDF: C:\Users\DELL\Documents\augment-projects\Atlassian Confluence Data Pipeline\output\pdf\AgenticAI\new\QA Agent_473694220.pdf
2025-05-04 22:41:04,046 - root - INFO - Successfully converted HTML to PDF for page 'QA Agent' (ID: 473694220)
2025-05-04 22:41:04,046 - utils.state_manager - INFO - Saved state for 14 pages
2025-05-04 22:41:04,046 - root - INFO - Processing new page 'High-Level Design (HLD) for Doc and Support Agent V1' (ID: 474021958)
2025-05-04 22:41:04,046 - output_generator.html_generator - INFO - Generating HTML for page 'High-Level Design (HLD) for Doc and Support Agent V1' (ID: 474021958)
2025-05-04 22:41:04,066 - utils.html_cleaner - DEBUG - Replaced ac:image tag with img tag for GRCSupportAgent.png
2025-05-04 22:41:04,078 - api_client.confluence_client - DEBUG - Downloading attachment from URL: https://metricstream.atlassian.net/wiki/download/attachments/474021958/GRCSupportAgent.png
2025-05-04 22:41:04,363 - urllib3.connectionpool - DEBUG - https://metricstream.atlassian.net:443 "GET /wiki/download/attachments/474021958/GRCSupportAgent.png HTTP/11" 302 0
2025-05-04 22:41:04,717 - urllib3.connectionpool - DEBUG - https://api.media.atlassian.com:443 "GET /file/e434921d-f683-4a47-837b-ffee56996937/binary?token=eyJhbGciOiJIUzI1NiJ9.eyJpc3MiOiI3OWJlZGVkZC1iMGZmLTQyZDAtOGI1NC1mODQwYjliM2U1MWYiLCJhY2Nlc3MiOnsidXJuOmZpbGVzdG9yZTpmaWxlOmU0MzQ5MjFkLWY2ODMtNGE0Ny04MzdiLWZmZWU1Njk5NjkzNyI6WyJyZWFkIl19LCJleHAiOjE3NDY0NjE1ODUsIm5iZiI6MTc0NjM3ODY2NSwiYWFJZCI6IjcxMjAyMDo0ZTUyYzIwYS0zYzFmLTQ4MjUtODJhYS1kOGNiMWZkOGZmOWIifQ.f9E77uhRD8IFWoxEd1Q9rBrfA29ptkUPewW8kfh6BXg&client=79bededd-b0ff-42d0-8b54-f840b9b3e51f&name=GRCSupportAgent.png HTTP/11" 200 1427748
2025-05-04 22:41:04,906 - output_generator.html_generator - DEBUG - Embedded image GRCSupportAgent.png in HTML content
2025-05-04 22:41:04,927 - output_generator.html_generator - INFO - HTML saved to C:\Users\DELL\Documents\augment-projects\Atlassian Confluence Data Pipeline\output\html\AgenticAI\new\High-Level Design (HLD) for Doc and Support Agent V1_474021958.html
2025-05-04 22:41:04,932 - root - INFO - Converting HTML to PDF: C:\Users\DELL\Documents\augment-projects\Atlassian Confluence Data Pipeline\output\html\AgenticAI\new\High-Level Design (HLD) for Doc and Support Agent V1_474021958.html -> C:\Users\DELL\Documents\augment-projects\Atlassian Confluence Data Pipeline\output\pdf\AgenticAI\new\High-Level Design (HLD) for Doc and Support Agent V1_474021958.pdf
2025-05-04 22:41:04,932 - output_generator.html_to_pdf_converter - INFO - Converting HTML file C:\Users\DELL\Documents\augment-projects\Atlassian Confluence Data Pipeline\output\html\AgenticAI\new\High-Level Design (HLD) for Doc and Support Agent V1_474021958.html to PDF C:\Users\DELL\Documents\augment-projects\Atlassian Confluence Data Pipeline\output\pdf\AgenticAI\new\High-Level Design (HLD) for Doc and Support Agent V1_474021958.pdf
2025-05-04 22:41:10,591 - output_generator.html_to_pdf_converter - INFO - Successfully converted HTML to PDF: C:\Users\DELL\Documents\augment-projects\Atlassian Confluence Data Pipeline\output\pdf\AgenticAI\new\High-Level Design (HLD) for Doc and Support Agent V1_474021958.pdf
2025-05-04 22:41:10,591 - root - INFO - Successfully converted HTML to PDF for page 'High-Level Design (HLD) for Doc and Support Agent V1' (ID: 474021958)
2025-05-04 22:41:10,601 - utils.state_manager - INFO - Saved state for 15 pages
2025-05-04 22:41:10,601 - root - INFO - Processing new page 'Agentic AI Project Information' (ID: 474054705)
2025-05-04 22:41:10,603 - output_generator.html_generator - INFO - Generating HTML for page 'Agentic AI Project Information' (ID: 474054705)
2025-05-04 22:41:10,611 - output_generator.html_generator - INFO - HTML saved to C:\Users\DELL\Documents\augment-projects\Atlassian Confluence Data Pipeline\output\html\AgenticAI\new\Agentic AI Project Information_474054705.html
2025-05-04 22:41:10,611 - root - INFO - Converting HTML to PDF: C:\Users\DELL\Documents\augment-projects\Atlassian Confluence Data Pipeline\output\html\AgenticAI\new\Agentic AI Project Information_474054705.html -> C:\Users\DELL\Documents\augment-projects\Atlassian Confluence Data Pipeline\output\pdf\AgenticAI\new\Agentic AI Project Information_474054705.pdf
2025-05-04 22:41:10,617 - output_generator.html_to_pdf_converter - INFO - Converting HTML file C:\Users\DELL\Documents\augment-projects\Atlassian Confluence Data Pipeline\output\html\AgenticAI\new\Agentic AI Project Information_474054705.html to PDF C:\Users\DELL\Documents\augment-projects\Atlassian Confluence Data Pipeline\output\pdf\AgenticAI\new\Agentic AI Project Information_474054705.pdf
2025-05-04 22:41:13,710 - output_generator.html_to_pdf_converter - INFO - Successfully converted HTML to PDF: C:\Users\DELL\Documents\augment-projects\Atlassian Confluence Data Pipeline\output\pdf\AgenticAI\new\Agentic AI Project Information_474054705.pdf
2025-05-04 22:41:13,710 - root - INFO - Successfully converted HTML to PDF for page 'Agentic AI Project Information' (ID: 474054705)
2025-05-04 22:41:13,714 - utils.state_manager - INFO - Saved state for 16 pages
2025-05-04 22:41:13,714 - root - INFO - Processing new page 'IUP Route for Metadata Changes - Overall Design' (ID: 474054739)
2025-05-04 22:41:13,714 - output_generator.html_generator - INFO - Generating HTML for page 'IUP Route for Metadata Changes - Overall Design' (ID: 474054739)
2025-05-04 22:41:13,726 - utils.html_cleaner - DEBUG - Replaced ac:image tag with img tag for AgenticSolutionFlow-UsingIUP.png
2025-05-04 22:41:13,731 - api_client.confluence_client - DEBUG - Downloading attachment from URL: https://metricstream.atlassian.net/wiki/download/attachments/474054739/AgenticSolutionFlow-UsingIUP.png
2025-05-04 22:41:14,477 - urllib3.connectionpool - DEBUG - https://metricstream.atlassian.net:443 "GET /wiki/download/attachments/474054739/AgenticSolutionFlow-UsingIUP.png HTTP/11" 302 0
2025-05-04 22:41:14,843 - urllib3.connectionpool - DEBUG - https://api.media.atlassian.com:443 "GET /file/4ef5e024-d439-41e9-95b0-624e860cc930/binary?token=eyJhbGciOiJIUzI1NiJ9.eyJpc3MiOiI3OWJlZGVkZC1iMGZmLTQyZDAtOGI1NC1mODQwYjliM2U1MWYiLCJhY2Nlc3MiOnsidXJuOmZpbGVzdG9yZTpmaWxlOjRlZjVlMDI0LWQ0MzktNDFlOS05NWIwLTYyNGU4NjBjYzkzMCI6WyJyZWFkIl19LCJleHAiOjE3NDY0NjE1OTYsIm5iZiI6MTc0NjM3ODY3NiwiYWFJZCI6IjcxMjAyMDo0ZTUyYzIwYS0zYzFmLTQ4MjUtODJhYS1kOGNiMWZkOGZmOWIifQ.oFHM41hVhkEabgJoKFcIaywTYW-un6ZrpjNLrgzw0mw&client=79bededd-b0ff-42d0-8b54-f840b9b3e51f&name=AgenticSolutionFlow-UsingIUP.png HTTP/11" 200 533094
2025-05-04 22:41:15,003 - output_generator.html_generator - DEBUG - Embedded image AgenticSolutionFlow-UsingIUP.png in HTML content
2025-05-04 22:41:15,010 - output_generator.html_generator - INFO - HTML saved to C:\Users\DELL\Documents\augment-projects\Atlassian Confluence Data Pipeline\output\html\AgenticAI\new\IUP Route for Metadata Changes - Overall Design_474054739.html
2025-05-04 22:41:15,020 - root - INFO - Converting HTML to PDF: C:\Users\DELL\Documents\augment-projects\Atlassian Confluence Data Pipeline\output\html\AgenticAI\new\IUP Route for Metadata Changes - Overall Design_474054739.html -> C:\Users\DELL\Documents\augment-projects\Atlassian Confluence Data Pipeline\output\pdf\AgenticAI\new\IUP Route for Metadata Changes - Overall Design_474054739.pdf
2025-05-04 22:41:15,022 - output_generator.html_to_pdf_converter - INFO - Converting HTML file C:\Users\DELL\Documents\augment-projects\Atlassian Confluence Data Pipeline\output\html\AgenticAI\new\IUP Route for Metadata Changes - Overall Design_474054739.html to PDF C:\Users\DELL\Documents\augment-projects\Atlassian Confluence Data Pipeline\output\pdf\AgenticAI\new\IUP Route for Metadata Changes - Overall Design_474054739.pdf
2025-05-04 22:41:19,135 - output_generator.html_to_pdf_converter - INFO - Successfully converted HTML to PDF: C:\Users\DELL\Documents\augment-projects\Atlassian Confluence Data Pipeline\output\pdf\AgenticAI\new\IUP Route for Metadata Changes - Overall Design_474054739.pdf
2025-05-04 22:41:19,135 - root - INFO - Successfully converted HTML to PDF for page 'IUP Route for Metadata Changes - Overall Design' (ID: 474054739)
2025-05-04 22:41:19,145 - utils.state_manager - INFO - Saved state for 17 pages
2025-05-04 22:41:19,146 - root - INFO - Processing new page 'Agentic AI Solution – Repository Structure, Branching, Deployment, and Versioning Strategy' (ID: 474054761)
2025-05-04 22:41:19,148 - output_generator.html_generator - INFO - Generating HTML for page 'Agentic AI Solution – Repository Structure, Branching, Deployment, and Versioning Strategy' (ID: 474054761)
2025-05-04 22:41:19,166 - output_generator.html_generator - INFO - HTML saved to C:\Users\DELL\Documents\augment-projects\Atlassian Confluence Data Pipeline\output\html\AgenticAI\new\Agentic AI Solution – Repository Structure, Branching, Deployment, and Versioning Strategy_474054761.html
2025-05-04 22:41:19,167 - root - INFO - Converting HTML to PDF: C:\Users\DELL\Documents\augment-projects\Atlassian Confluence Data Pipeline\output\html\AgenticAI\new\Agentic AI Solution – Repository Structure, Branching, Deployment, and Versioning Strategy_474054761.html -> C:\Users\DELL\Documents\augment-projects\Atlassian Confluence Data Pipeline\output\pdf\AgenticAI\new\Agentic AI Solution – Repository Structure, Branching, Deployment, and Versioning Strategy_474054761.pdf
2025-05-04 22:41:19,167 - output_generator.html_to_pdf_converter - INFO - Converting HTML file C:\Users\DELL\Documents\augment-projects\Atlassian Confluence Data Pipeline\output\html\AgenticAI\new\Agentic AI Solution – Repository Structure, Branching, Deployment, and Versioning Strategy_474054761.html to PDF C:\Users\DELL\Documents\augment-projects\Atlassian Confluence Data Pipeline\output\pdf\AgenticAI\new\Agentic AI Solution – Repository Structure, Branching, Deployment, and Versioning Strategy_474054761.pdf
2025-05-04 22:41:22,200 - output_generator.html_to_pdf_converter - INFO - Successfully converted HTML to PDF: C:\Users\DELL\Documents\augment-projects\Atlassian Confluence Data Pipeline\output\pdf\AgenticAI\new\Agentic AI Solution – Repository Structure, Branching, Deployment, and Versioning Strategy_474054761.pdf
2025-05-04 22:41:22,200 - root - INFO - Successfully converted HTML to PDF for page 'Agentic AI Solution – Repository Structure, Branching, Deployment, and Versioning Strategy' (ID: 474054761)
2025-05-04 22:41:22,207 - utils.state_manager - INFO - Saved state for 18 pages
2025-05-04 22:41:22,207 - root - INFO - Processing new page 'QA Multi-Agent Architecture' (ID: 474185759)
2025-05-04 22:41:22,207 - output_generator.html_generator - INFO - Generating HTML for page 'QA Multi-Agent Architecture' (ID: 474185759)
2025-05-04 22:41:22,210 - utils.html_cleaner - DEBUG - Replaced ac:image tag with img tag for QA-Multi-Agent.png
2025-05-04 22:41:22,211 - api_client.confluence_client - DEBUG - Downloading attachment from URL: https://metricstream.atlassian.net/wiki/download/attachments/474185759/QA-Multi-Agent.png
2025-05-04 22:41:22,494 - urllib3.connectionpool - DEBUG - https://metricstream.atlassian.net:443 "GET /wiki/download/attachments/474185759/QA-Multi-Agent.png HTTP/11" 302 0
2025-05-04 22:41:22,842 - urllib3.connectionpool - DEBUG - https://api.media.atlassian.com:443 "GET /file/7c365187-7f72-4e16-b6d0-29458b6ad1e6/binary?token=eyJhbGciOiJIUzI1NiJ9.eyJpc3MiOiI3OWJlZGVkZC1iMGZmLTQyZDAtOGI1NC1mODQwYjliM2U1MWYiLCJhY2Nlc3MiOnsidXJuOmZpbGVzdG9yZTpmaWxlOjdjMzY1MTg3LTdmNzItNGUxNi1iNmQwLTI5NDU4YjZhZDFlNiI6WyJyZWFkIl19LCJleHAiOjE3NDY0NjE2MDQsIm5iZiI6MTc0NjM3ODY4NCwiYWFJZCI6IjcxMjAyMDo0ZTUyYzIwYS0zYzFmLTQ4MjUtODJhYS1kOGNiMWZkOGZmOWIifQ.EW2dQU6IITqm9ErhZbX4pPoeGwC9Pfq-p5k5OCdgHqM&client=79bededd-b0ff-42d0-8b54-f840b9b3e51f&name=QA-Multi-Agent.png HTTP/11" 200 324096
2025-05-04 22:41:23,091 - output_generator.html_generator - DEBUG - Embedded image QA-Multi-Agent.png in HTML content
2025-05-04 22:41:23,110 - output_generator.html_generator - INFO - HTML saved to C:\Users\DELL\Documents\augment-projects\Atlassian Confluence Data Pipeline\output\html\AgenticAI\new\QA Multi-Agent Architecture_474185759.html
2025-05-04 22:41:23,113 - root - INFO - Converting HTML to PDF: C:\Users\DELL\Documents\augment-projects\Atlassian Confluence Data Pipeline\output\html\AgenticAI\new\QA Multi-Agent Architecture_474185759.html -> C:\Users\DELL\Documents\augment-projects\Atlassian Confluence Data Pipeline\output\pdf\AgenticAI\new\QA Multi-Agent Architecture_474185759.pdf
2025-05-04 22:41:23,115 - output_generator.html_to_pdf_converter - INFO - Converting HTML file C:\Users\DELL\Documents\augment-projects\Atlassian Confluence Data Pipeline\output\html\AgenticAI\new\QA Multi-Agent Architecture_474185759.html to PDF C:\Users\DELL\Documents\augment-projects\Atlassian Confluence Data Pipeline\output\pdf\AgenticAI\new\QA Multi-Agent Architecture_474185759.pdf
2025-05-04 22:41:27,289 - output_generator.html_to_pdf_converter - INFO - Successfully converted HTML to PDF: C:\Users\DELL\Documents\augment-projects\Atlassian Confluence Data Pipeline\output\pdf\AgenticAI\new\QA Multi-Agent Architecture_474185759.pdf
2025-05-04 22:41:27,289 - root - INFO - Successfully converted HTML to PDF for page 'QA Multi-Agent Architecture' (ID: 474185759)
2025-05-04 22:41:27,289 - utils.state_manager - INFO - Saved state for 19 pages
2025-05-04 22:41:27,289 - root - INFO - Processing new page 'Requirement Doc - Backbone to React (ES6 Compatible) using Report API' (ID: 477626611)
2025-05-04 22:41:27,289 - output_generator.html_generator - INFO - Generating HTML for page 'Requirement Doc - Backbone to React (ES6 Compatible) using Report API' (ID: 477626611)
2025-05-04 22:41:27,305 - output_generator.html_generator - INFO - HTML saved to C:\Users\DELL\Documents\augment-projects\Atlassian Confluence Data Pipeline\output\html\AgenticAI\new\Requirement Doc - Backbone to React (ES6 Compatible) using Report API_477626611.html
2025-05-04 22:41:27,308 - root - INFO - Converting HTML to PDF: C:\Users\DELL\Documents\augment-projects\Atlassian Confluence Data Pipeline\output\html\AgenticAI\new\Requirement Doc - Backbone to React (ES6 Compatible) using Report API_477626611.html -> C:\Users\DELL\Documents\augment-projects\Atlassian Confluence Data Pipeline\output\pdf\AgenticAI\new\Requirement Doc - Backbone to React (ES6 Compatible) using Report API_477626611.pdf
2025-05-04 22:41:27,308 - output_generator.html_to_pdf_converter - INFO - Converting HTML file C:\Users\DELL\Documents\augment-projects\Atlassian Confluence Data Pipeline\output\html\AgenticAI\new\Requirement Doc - Backbone to React (ES6 Compatible) using Report API_477626611.html to PDF C:\Users\DELL\Documents\augment-projects\Atlassian Confluence Data Pipeline\output\pdf\AgenticAI\new\Requirement Doc - Backbone to React (ES6 Compatible) using Report API_477626611.pdf
2025-05-04 22:41:30,620 - output_generator.html_to_pdf_converter - INFO - Successfully converted HTML to PDF: C:\Users\DELL\Documents\augment-projects\Atlassian Confluence Data Pipeline\output\pdf\AgenticAI\new\Requirement Doc - Backbone to React (ES6 Compatible) using Report API_477626611.pdf
2025-05-04 22:41:30,625 - root - INFO - Successfully converted HTML to PDF for page 'Requirement Doc - Backbone to React (ES6 Compatible) using Report API' (ID: 477626611)
2025-05-04 22:41:30,627 - utils.state_manager - INFO - Saved state for 20 pages
2025-05-04 22:41:30,627 - root - INFO - Processing new page 'Requirement Doc - JS to BR' (ID: 477659502)
2025-05-04 22:41:30,637 - output_generator.html_generator - INFO - Generating HTML for page 'Requirement Doc - JS to BR' (ID: 477659502)
2025-05-04 22:41:30,718 - output_generator.html_generator - INFO - HTML saved to C:\Users\DELL\Documents\augment-projects\Atlassian Confluence Data Pipeline\output\html\AgenticAI\new\Requirement Doc - JS to BR_477659502.html
2025-05-04 22:41:30,722 - root - INFO - Converting HTML to PDF: C:\Users\DELL\Documents\augment-projects\Atlassian Confluence Data Pipeline\output\html\AgenticAI\new\Requirement Doc - JS to BR_477659502.html -> C:\Users\DELL\Documents\augment-projects\Atlassian Confluence Data Pipeline\output\pdf\AgenticAI\new\Requirement Doc - JS to BR_477659502.pdf
2025-05-04 22:41:30,724 - output_generator.html_to_pdf_converter - INFO - Converting HTML file C:\Users\DELL\Documents\augment-projects\Atlassian Confluence Data Pipeline\output\html\AgenticAI\new\Requirement Doc - JS to BR_477659502.html to PDF C:\Users\DELL\Documents\augment-projects\Atlassian Confluence Data Pipeline\output\pdf\AgenticAI\new\Requirement Doc - JS to BR_477659502.pdf
2025-05-04 22:41:34,260 - output_generator.html_to_pdf_converter - INFO - Successfully converted HTML to PDF: C:\Users\DELL\Documents\augment-projects\Atlassian Confluence Data Pipeline\output\pdf\AgenticAI\new\Requirement Doc - JS to BR_477659502.pdf
2025-05-04 22:41:34,260 - root - INFO - Successfully converted HTML to PDF for page 'Requirement Doc - JS to BR' (ID: 477659502)
2025-05-04 22:41:34,270 - utils.state_manager - INFO - Saved state for 21 pages
2025-05-04 22:41:34,271 - root - INFO - Processing new page 'PL/SQL to Emery Hooks Conversion – Requirements Document' (ID: 477659535)
2025-05-04 22:41:34,273 - output_generator.html_generator - INFO - Generating HTML for page 'PL/SQL to Emery Hooks Conversion – Requirements Document' (ID: 477659535)
2025-05-04 22:41:34,292 - output_generator.html_generator - INFO - HTML saved to C:\Users\DELL\Documents\augment-projects\Atlassian Confluence Data Pipeline\output\html\AgenticAI\new\PL_SQL to Emery Hooks Conversion – Requirements Document_477659535.html
2025-05-04 22:41:34,294 - root - INFO - Converting HTML to PDF: C:\Users\DELL\Documents\augment-projects\Atlassian Confluence Data Pipeline\output\html\AgenticAI\new\PL_SQL to Emery Hooks Conversion – Requirements Document_477659535.html -> C:\Users\DELL\Documents\augment-projects\Atlassian Confluence Data Pipeline\output\pdf\AgenticAI\new\PL_SQL to Emery Hooks Conversion – Requirements Document_477659535.pdf
2025-05-04 22:41:34,294 - output_generator.html_to_pdf_converter - INFO - Converting HTML file C:\Users\DELL\Documents\augment-projects\Atlassian Confluence Data Pipeline\output\html\AgenticAI\new\PL_SQL to Emery Hooks Conversion – Requirements Document_477659535.html to PDF C:\Users\DELL\Documents\augment-projects\Atlassian Confluence Data Pipeline\output\pdf\AgenticAI\new\PL_SQL to Emery Hooks Conversion – Requirements Document_477659535.pdf
2025-05-04 22:41:37,686 - output_generator.html_to_pdf_converter - INFO - Successfully converted HTML to PDF: C:\Users\DELL\Documents\augment-projects\Atlassian Confluence Data Pipeline\output\pdf\AgenticAI\new\PL_SQL to Emery Hooks Conversion – Requirements Document_477659535.pdf
2025-05-04 22:41:37,686 - root - INFO - Successfully converted HTML to PDF for page 'PL/SQL to Emery Hooks Conversion – Requirements Document' (ID: 477659535)
2025-05-04 22:41:37,689 - utils.state_manager - INFO - Saved state for 22 pages
2025-05-04 22:41:37,689 - root - INFO - Processing new page 'Requirement Doc - Backbone to React (ES6 Compatible) using mPower API' (ID: 477888517)
2025-05-04 22:41:37,691 - output_generator.html_generator - INFO - Generating HTML for page 'Requirement Doc - Backbone to React (ES6 Compatible) using mPower API' (ID: 477888517)
2025-05-04 22:41:37,693 - output_generator.html_generator - INFO - HTML saved to C:\Users\DELL\Documents\augment-projects\Atlassian Confluence Data Pipeline\output\html\AgenticAI\new\Requirement Doc - Backbone to React (ES6 Compatible) using mPower API_477888517.html
2025-05-04 22:41:37,695 - root - INFO - Converting HTML to PDF: C:\Users\DELL\Documents\augment-projects\Atlassian Confluence Data Pipeline\output\html\AgenticAI\new\Requirement Doc - Backbone to React (ES6 Compatible) using mPower API_477888517.html -> C:\Users\DELL\Documents\augment-projects\Atlassian Confluence Data Pipeline\output\pdf\AgenticAI\new\Requirement Doc - Backbone to React (ES6 Compatible) using mPower API_477888517.pdf
2025-05-04 22:41:37,696 - output_generator.html_to_pdf_converter - INFO - Converting HTML file C:\Users\DELL\Documents\augment-projects\Atlassian Confluence Data Pipeline\output\html\AgenticAI\new\Requirement Doc - Backbone to React (ES6 Compatible) using mPower API_477888517.html to PDF C:\Users\DELL\Documents\augment-projects\Atlassian Confluence Data Pipeline\output\pdf\AgenticAI\new\Requirement Doc - Backbone to React (ES6 Compatible) using mPower API_477888517.pdf
2025-05-04 22:41:40,671 - output_generator.html_to_pdf_converter - INFO - Successfully converted HTML to PDF: C:\Users\DELL\Documents\augment-projects\Atlassian Confluence Data Pipeline\output\pdf\AgenticAI\new\Requirement Doc - Backbone to React (ES6 Compatible) using mPower API_477888517.pdf
2025-05-04 22:41:40,671 - root - INFO - Successfully converted HTML to PDF for page 'Requirement Doc - Backbone to React (ES6 Compatible) using mPower API' (ID: 477888517)
2025-05-04 22:41:40,674 - utils.state_manager - INFO - Saved state for 23 pages
2025-05-04 22:41:40,674 - root - INFO - Processing new page 'Agentic AI Technology Stack' (ID: 478282569)
2025-05-04 22:41:40,678 - output_generator.html_generator - INFO - Generating HTML for page 'Agentic AI Technology Stack' (ID: 478282569)
2025-05-04 22:41:40,792 - output_generator.html_generator - INFO - HTML saved to C:\Users\DELL\Documents\augment-projects\Atlassian Confluence Data Pipeline\output\html\AgenticAI\new\Agentic AI Technology Stack_478282569.html
2025-05-04 22:41:40,794 - root - INFO - Converting HTML to PDF: C:\Users\DELL\Documents\augment-projects\Atlassian Confluence Data Pipeline\output\html\AgenticAI\new\Agentic AI Technology Stack_478282569.html -> C:\Users\DELL\Documents\augment-projects\Atlassian Confluence Data Pipeline\output\pdf\AgenticAI\new\Agentic AI Technology Stack_478282569.pdf
2025-05-04 22:41:40,796 - output_generator.html_to_pdf_converter - INFO - Converting HTML file C:\Users\DELL\Documents\augment-projects\Atlassian Confluence Data Pipeline\output\html\AgenticAI\new\Agentic AI Technology Stack_478282569.html to PDF C:\Users\DELL\Documents\augment-projects\Atlassian Confluence Data Pipeline\output\pdf\AgenticAI\new\Agentic AI Technology Stack_478282569.pdf
2025-05-04 22:41:44,072 - output_generator.html_to_pdf_converter - INFO - Successfully converted HTML to PDF: C:\Users\DELL\Documents\augment-projects\Atlassian Confluence Data Pipeline\output\pdf\AgenticAI\new\Agentic AI Technology Stack_478282569.pdf
2025-05-04 22:41:44,072 - root - INFO - Successfully converted HTML to PDF for page 'Agentic AI Technology Stack' (ID: 478282569)
2025-05-04 22:41:44,072 - utils.state_manager - INFO - Saved state for 24 pages
2025-05-04 22:41:44,082 - root - INFO - Processing new page 'Upgrade AI - JS to BR (Requirement Document)' (ID: 478314851)
2025-05-04 22:41:44,083 - output_generator.html_generator - INFO - Generating HTML for page 'Upgrade AI - JS to BR (Requirement Document)' (ID: 478314851)
2025-05-04 22:41:44,102 - utils.html_cleaner - DEBUG - Replaced ac:image tag with img tag for JStoBR.png
2025-05-04 22:41:44,108 - api_client.confluence_client - DEBUG - Downloading attachment from URL: https://metricstream.atlassian.net/wiki/download/attachments/478314851/JStoBR.png
2025-05-04 22:41:44,416 - urllib3.connectionpool - DEBUG - https://metricstream.atlassian.net:443 "GET /wiki/download/attachments/478314851/JStoBR.png HTTP/11" 302 0
2025-05-04 22:41:44,783 - urllib3.connectionpool - DEBUG - https://api.media.atlassian.com:443 "GET /file/23640968-4d24-4bf3-aa69-b8330c9b743e/binary?token=eyJhbGciOiJIUzI1NiJ9.eyJpc3MiOiI3OWJlZGVkZC1iMGZmLTQyZDAtOGI1NC1mODQwYjliM2U1MWYiLCJhY2Nlc3MiOnsidXJuOmZpbGVzdG9yZTpmaWxlOjIzNjQwOTY4LTRkMjQtNGJmMy1hYTY5LWI4MzMwYzliNzQzZSI6WyJyZWFkIl19LCJleHAiOjE3NDY0NjE2MjUsIm5iZiI6MTc0NjM3ODcwNSwiYWFJZCI6IjcxMjAyMDo0ZTUyYzIwYS0zYzFmLTQ4MjUtODJhYS1kOGNiMWZkOGZmOWIifQ.4AU3zjSSCV6JOb_9a7kRd9HczxqdutfZb_zPuMQ_lPc&client=79bededd-b0ff-42d0-8b54-f840b9b3e51f&name=JStoBR.png HTTP/11" 200 1883889
2025-05-04 22:41:45,116 - output_generator.html_generator - DEBUG - Embedded image JStoBR.png in HTML content
2025-05-04 22:41:45,161 - output_generator.html_generator - INFO - HTML saved to C:\Users\DELL\Documents\augment-projects\Atlassian Confluence Data Pipeline\output\html\AgenticAI\new\Upgrade AI - JS to BR (Requirement Document)_478314851.html
2025-05-04 22:41:45,174 - root - INFO - Converting HTML to PDF: C:\Users\DELL\Documents\augment-projects\Atlassian Confluence Data Pipeline\output\html\AgenticAI\new\Upgrade AI - JS to BR (Requirement Document)_478314851.html -> C:\Users\DELL\Documents\augment-projects\Atlassian Confluence Data Pipeline\output\pdf\AgenticAI\new\Upgrade AI - JS to BR (Requirement Document)_478314851.pdf
2025-05-04 22:41:45,176 - output_generator.html_to_pdf_converter - INFO - Converting HTML file C:\Users\DELL\Documents\augment-projects\Atlassian Confluence Data Pipeline\output\html\AgenticAI\new\Upgrade AI - JS to BR (Requirement Document)_478314851.html to PDF C:\Users\DELL\Documents\augment-projects\Atlassian Confluence Data Pipeline\output\pdf\AgenticAI\new\Upgrade AI - JS to BR (Requirement Document)_478314851.pdf
2025-05-04 22:41:50,150 - output_generator.html_to_pdf_converter - INFO - Successfully converted HTML to PDF: C:\Users\DELL\Documents\augment-projects\Atlassian Confluence Data Pipeline\output\pdf\AgenticAI\new\Upgrade AI - JS to BR (Requirement Document)_478314851.pdf
2025-05-04 22:41:50,153 - root - INFO - Successfully converted HTML to PDF for page 'Upgrade AI - JS to BR (Requirement Document)' (ID: 478314851)
2025-05-04 22:41:50,153 - utils.state_manager - INFO - Saved state for 25 pages
2025-05-04 22:41:50,153 - root - INFO - Processing new page 'Upgrade and Designer Activities' (ID: 479035486)
2025-05-04 22:41:50,153 - output_generator.html_generator - INFO - Generating HTML for page 'Upgrade and Designer Activities' (ID: 479035486)
2025-05-04 22:41:50,190 - output_generator.html_generator - INFO - HTML saved to C:\Users\DELL\Documents\augment-projects\Atlassian Confluence Data Pipeline\output\html\AgenticAI\new\Upgrade and Designer Activities_479035486.html
2025-05-04 22:41:50,195 - root - INFO - Converting HTML to PDF: C:\Users\DELL\Documents\augment-projects\Atlassian Confluence Data Pipeline\output\html\AgenticAI\new\Upgrade and Designer Activities_479035486.html -> C:\Users\DELL\Documents\augment-projects\Atlassian Confluence Data Pipeline\output\pdf\AgenticAI\new\Upgrade and Designer Activities_479035486.pdf
2025-05-04 22:41:50,197 - output_generator.html_to_pdf_converter - INFO - Converting HTML file C:\Users\DELL\Documents\augment-projects\Atlassian Confluence Data Pipeline\output\html\AgenticAI\new\Upgrade and Designer Activities_479035486.html to PDF C:\Users\DELL\Documents\augment-projects\Atlassian Confluence Data Pipeline\output\pdf\AgenticAI\new\Upgrade and Designer Activities_479035486.pdf
2025-05-04 22:41:53,495 - output_generator.html_to_pdf_converter - INFO - Successfully converted HTML to PDF: C:\Users\DELL\Documents\augment-projects\Atlassian Confluence Data Pipeline\output\pdf\AgenticAI\new\Upgrade and Designer Activities_479035486.pdf
2025-05-04 22:41:53,495 - root - INFO - Successfully converted HTML to PDF for page 'Upgrade and Designer Activities' (ID: 479035486)
2025-05-04 22:41:53,495 - utils.state_manager - INFO - Saved state for 26 pages
2025-05-04 22:41:53,495 - root - INFO - Processing new page 'Admin UX API & Wrapper API Service' (ID: 481034946)
2025-05-04 22:41:53,503 - output_generator.html_generator - INFO - Generating HTML for page 'Admin UX API & Wrapper API Service' (ID: 481034946)
2025-05-04 22:41:53,506 - utils.html_cleaner - DEBUG - Replaced ac:image tag with img tag for AgenticSolution-Architecture Diagram (1).png
2025-05-04 22:41:53,507 - api_client.confluence_client - DEBUG - Downloading attachment from URL: https://metricstream.atlassian.net/wiki/download/attachments/481034946/AgenticSolution-Architecture Diagram (1).png
2025-05-04 22:41:53,812 - urllib3.connectionpool - DEBUG - https://metricstream.atlassian.net:443 "GET /wiki/download/attachments/481034946/AgenticSolution-Architecture%20Diagram%20(1).png HTTP/11" 302 0
2025-05-04 22:41:54,109 - urllib3.connectionpool - DEBUG - https://api.media.atlassian.com:443 "GET /file/4c77f83f-6b25-4999-b7f4-75791803386c/binary?token=eyJhbGciOiJIUzI1NiJ9.eyJpc3MiOiI3OWJlZGVkZC1iMGZmLTQyZDAtOGI1NC1mODQwYjliM2U1MWYiLCJhY2Nlc3MiOnsidXJuOmZpbGVzdG9yZTpmaWxlOjRjNzdmODNmLTZiMjUtNDk5OS1iN2Y0LTc1NzkxODAzMzg2YyI6WyJyZWFkIl19LCJleHAiOjE3NDY0NjE2MzUsIm5iZiI6MTc0NjM3ODcxNSwiYWFJZCI6IjcxMjAyMDo0ZTUyYzIwYS0zYzFmLTQ4MjUtODJhYS1kOGNiMWZkOGZmOWIifQ.pFmqlCHNXLCUWXAlGswkSw8wt-GXNkoEJUFn2JTc0LA&client=79bededd-b0ff-42d0-8b54-f840b9b3e51f&name=AgenticSolution-Architecture%20Diagram%20%281%29.png HTTP/11" 200 67281
2025-05-04 22:41:54,115 - output_generator.html_generator - DEBUG - Embedded image AgenticSolution-Architecture Diagram (1).png in HTML content
2025-05-04 22:41:54,122 - output_generator.html_generator - INFO - HTML saved to C:\Users\DELL\Documents\augment-projects\Atlassian Confluence Data Pipeline\output\html\AgenticAI\new\Admin UX API & Wrapper API Service_481034946.html
2025-05-04 22:41:54,125 - root - INFO - Converting HTML to PDF: C:\Users\DELL\Documents\augment-projects\Atlassian Confluence Data Pipeline\output\html\AgenticAI\new\Admin UX API & Wrapper API Service_481034946.html -> C:\Users\DELL\Documents\augment-projects\Atlassian Confluence Data Pipeline\output\pdf\AgenticAI\new\Admin UX API & Wrapper API Service_481034946.pdf
2025-05-04 22:41:54,127 - output_generator.html_to_pdf_converter - INFO - Converting HTML file C:\Users\DELL\Documents\augment-projects\Atlassian Confluence Data Pipeline\output\html\AgenticAI\new\Admin UX API & Wrapper API Service_481034946.html to PDF C:\Users\DELL\Documents\augment-projects\Atlassian Confluence Data Pipeline\output\pdf\AgenticAI\new\Admin UX API & Wrapper API Service_481034946.pdf
2025-05-04 22:41:57,124 - output_generator.html_to_pdf_converter - INFO - Successfully converted HTML to PDF: C:\Users\DELL\Documents\augment-projects\Atlassian Confluence Data Pipeline\output\pdf\AgenticAI\new\Admin UX API & Wrapper API Service_481034946.pdf
2025-05-04 22:41:57,124 - root - INFO - Successfully converted HTML to PDF for page 'Admin UX API & Wrapper API Service' (ID: 481034946)
2025-05-04 22:41:57,133 - utils.state_manager - INFO - Saved state for 27 pages
2025-05-04 22:41:57,133 - root - INFO - ==================================================
2025-05-04 22:41:57,133 - root - INFO - API Response Summary:
2025-05-04 22:41:57,133 - root - INFO -   Total Pages from API: 27
2025-05-04 22:41:57,136 - root - INFO - --------------------------------------------------
2025-05-04 22:41:57,136 - root - INFO - Content Fetching Summary:
2025-05-04 22:41:57,136 - root - INFO -   Processed: 27
2025-05-04 22:41:57,136 - root - INFO -   Skipped: 0
2025-05-04 22:41:57,138 - root - INFO -   Failed: 0
2025-05-04 22:41:57,139 - root - INFO - --------------------------------------------------
2025-05-04 22:41:57,140 - root - INFO - HTML Processing:
2025-05-04 22:41:57,140 - root - INFO -   Processed HTML: 27
2025-05-04 22:41:57,140 - root - INFO -   Skipped HTML: 0
2025-05-04 22:41:57,140 - root - INFO -   Failed HTML: 0
2025-05-04 22:41:57,140 - root - INFO - --------------------------------------------------
2025-05-04 22:41:57,143 - root - INFO - PDF Processing:
2025-05-04 22:41:57,143 - root - INFO -   Processed PDF: 27
2025-05-04 22:41:57,143 - root - INFO -   Skipped PDF: 0
2025-05-04 22:41:57,145 - root - INFO -   Failed PDF: 0
2025-05-04 22:41:57,145 - root - INFO - ==================================================
